a request to /stripeapikey arrived on 2024-02-20 09:09:35 and this is method GET server took 4.648 to reply this request with a status code 304
a request to /api/v2/event/get-all-events arrived on 2024-02-20 09:09:35 and this is method GET server took 20.241 to reply this request with a status code 404
a request to /get-all-products arrived on 2024-02-20 09:09:35 and this is method GET server took 263.159 to reply this request with a status code 201
a request to /getSeller arrived on 2024-02-20 09:09:35 and this is method GET server took 537.035 to reply this request with a status code 304
a request to /getuser arrived on 2024-02-20 09:09:35 and this is method GET server took 568.698 to reply this request with a status code 304
a request to /stripeapikey arrived on 2024-02-20 09:10:33 and this is method GET server took 1.675 to reply this request with a status code 304
a request to /api/v2/event/get-all-events arrived on 2024-02-20 09:10:33 and this is method GET server took 24.052 to reply this request with a status code 404
a request to /get-all-products arrived on 2024-02-20 09:10:34 and this is method GET server took 284.454 to reply this request with a status code 201
a request to /getSeller arrived on 2024-02-20 09:10:34 and this is method GET server took 479.857 to reply this request with a status code 304
a request to /getuser arrived on 2024-02-20 09:10:34 and this is method GET server took 516.707 to reply this request with a status code 304
a request to /api/v2/shop/getSeller arrived on 2024-02-20 22:04:04 and this is method GET server took 6.565 to reply this request with a status code 401
a request to /stripeapikey arrived on 2024-02-20 22:04:04 and this is method GET server took 1.177 to reply this request with a status code 304
a request to /api/v2/event/get-all-events arrived on 2024-02-20 22:04:04 and this is method GET server took 8.151 to reply this request with a status code 404
a request to /get-all-products-shop/null arrived on 2024-02-20 22:04:04 and this is method GET server took 258.142 to reply this request with a status code 201
a request to /get-all-products arrived on 2024-02-20 22:04:05 and this is method GET server took 292.676 to reply this request with a status code 201
a request to /getuser arrived on 2024-02-20 22:04:05 and this is method GET server took 485.315 to reply this request with a status code 304
a request to /get-all-products-shop/undefined arrived on 2024-02-20 22:04:05 and this is method GET server took 252.391 to reply this request with a status code 201
a request to /get-all-products-shop/65cf38eba6c1d43af673fe67 arrived on 2024-02-20 22:04:05 and this is method GET server took 297.204 to reply this request with a status code 201
a request to /api/v2/shop/getSeller arrived on 2024-02-21 08:56:42 and this is method GET server took 4.724 to reply this request with a status code 401
a request to /stripeapikey arrived on 2024-02-21 08:56:42 and this is method GET server took 1.118 to reply this request with a status code 304
a request to /api/v2/event/get-all-events arrived on 2024-02-21 08:56:42 and this is method GET server took 5.996 to reply this request with a status code 404
a request to /get-all-products arrived on 2024-02-21 08:56:46 and this is method GET server took 3953.631 to reply this request with a status code 201
a request to /getuser arrived on 2024-02-21 08:56:48 and this is method GET server took 5730.832 to reply this request with a status code 304
a request to /api/v2/shop/getSeller arrived on 2024-02-21 08:56:59 and this is method GET server took 3.110 to reply this request with a status code 401
a request to /stripeapikey arrived on 2024-02-21 08:56:59 and this is method GET server took 1.803 to reply this request with a status code 304
a request to /api/v2/event/get-all-events arrived on 2024-02-21 08:56:59 and this is method GET server took 6.049 to reply this request with a status code 404
a request to /get-all-products arrived on 2024-02-21 08:56:59 and this is method GET server took 278.636 to reply this request with a status code 201
a request to /getuser arrived on 2024-02-21 08:56:59 and this is method GET server took 573.231 to reply this request with a status code 304
a request to /api/v2/shop/login-shop arrived on 2024-02-21 08:58:11 and this is method POST server took 356.678 to reply this request with a status code 400
a request to /api/v2/shop/getSeller arrived on 2024-02-21 08:58:25 and this is method GET server took 1.364 to reply this request with a status code 401
a request to /stripeapikey arrived on 2024-02-21 08:58:25 and this is method GET server took 0.630 to reply this request with a status code 304
a request to /api/v2/event/get-all-events arrived on 2024-02-21 08:58:25 and this is method GET server took 3.521 to reply this request with a status code 404
a request to /get-all-products arrived on 2024-02-21 08:58:25 and this is method GET server took 276.379 to reply this request with a status code 201
a request to /getuser arrived on 2024-02-21 08:58:25 and this is method GET server took 586.527 to reply this request with a status code 304
a request to /admin-all-sellers arrived on 2024-02-21 08:58:33 and this is method GET server took 617.242 to reply this request with a status code 201
a request to /admin-all-orders arrived on 2024-02-21 08:58:33 and this is method GET server took 637.706 to reply this request with a status code 201
a request to /admin-all-sellers arrived on 2024-02-21 08:58:36 and this is method GET server took 562.723 to reply this request with a status code 201
a request to /approve-seller/65cd96ce0e3dd3d3c599d314 arrived on 2024-02-21 08:58:46 and this is method PUT server took 625.553 to reply this request with a status code 200
a request to /admin-all-sellers arrived on 2024-02-21 08:58:47 and this is method GET server took 536.593 to reply this request with a status code 201
a request to /admin-all-sellers arrived on 2024-02-21 08:59:24 and this is method GET server took 606.133 to reply this request with a status code 201
a request to /admin-all-users arrived on 2024-02-21 08:59:27 and this is method GET server took 603.672 to reply this request with a status code 201
a request to /admin-all-sellers arrived on 2024-02-21 08:59:33 and this is method GET server took 555.542 to reply this request with a status code 201
a request to /admin-all-sellers arrived on 2024-02-21 08:59:34 and this is method GET server took 522.317 to reply this request with a status code 201
a request to /admin-all-orders arrived on 2024-02-21 08:59:34 and this is method GET server took 592.476 to reply this request with a status code 201
a request to /admin-all-sellers arrived on 2024-02-21 08:59:34 and this is method GET server took 589.547 to reply this request with a status code 201
a request to /login-shop arrived on 2024-02-21 08:59:52 and this is method POST server took 428.196 to reply this request with a status code 201
a request to /stripeapikey arrived on 2024-02-21 08:59:53 and this is method GET server took 0.542 to reply this request with a status code 304
a request to /api/v2/event/get-all-events arrived on 2024-02-21 08:59:53 and this is method GET server took 3.933 to reply this request with a status code 404
a request to /get-all-products arrived on 2024-02-21 08:59:54 and this is method GET server took 259.720 to reply this request with a status code 201
a request to /getSeller arrived on 2024-02-21 08:59:54 and this is method GET server took 555.886 to reply this request with a status code 200
a request to /getuser arrived on 2024-02-21 08:59:54 and this is method GET server took 601.736 to reply this request with a status code 304
a request to /get-all-products-shop/65cd96ce0e3dd3d3c599d314 arrived on 2024-02-21 08:59:54 and this is method GET server took 259.940 to reply this request with a status code 201
a request to /get-seller-all-orders/65cd96ce0e3dd3d3c599d314 arrived on 2024-02-21 08:59:54 and this is method GET server took 268.988 to reply this request with a status code 200
a request to /get-seller-all-orders/65cd96ce0e3dd3d3c599d314 arrived on 2024-02-21 09:00:04 and this is method GET server took 258.395 to reply this request with a status code 304
a request to /get-all-products-shop/65cd96ce0e3dd3d3c599d314 arrived on 2024-02-21 09:00:22 and this is method GET server took 347.364 to reply this request with a status code 201
a request to /get-all-products-shop/65cd96ce0e3dd3d3c599d314 arrived on 2024-02-21 09:00:37 and this is method GET server took 349.688 to reply this request with a status code 201
a request to /get-seller-all-orders/65cd96ce0e3dd3d3c599d314 arrived on 2024-02-21 09:00:40 and this is method GET server took 329.672 to reply this request with a status code 304
a request to /get-all-products-shop/65cd96ce0e3dd3d3c599d314 arrived on 2024-02-21 09:00:47 and this is method GET server took 277.733 to reply this request with a status code 201
a request to /get-seller-all-orders/65cd96ce0e3dd3d3c599d314 arrived on 2024-02-21 09:00:47 and this is method GET server took 288.008 to reply this request with a status code 304
a request to /get-seller-all-orders/65cd96ce0e3dd3d3c599d314 arrived on 2024-02-21 09:00:51 and this is method GET server took 266.167 to reply this request with a status code 304
a request to /api/v2/conversation/get-all-conversation-seller/65cd96ce0e3dd3d3c599d314 arrived on 2024-02-21 09:09:09 and this is method GET server took 0.643 to reply this request with a status code 404
a request to /api/v2/message/get-all-messages/undefined arrived on 2024-02-21 09:09:09 and this is method GET server took 1.011 to reply this request with a status code 404
a request to /api/v2/coupon/get-coupon/65cd96ce0e3dd3d3c599d314 arrived on 2024-02-21 09:09:10 and this is method GET server took 0.912 to reply this request with a status code 404
a request to /get-all-products-shop/65cd96ce0e3dd3d3c599d314 arrived on 2024-02-21 09:09:15 and this is method GET server took 268.899 to reply this request with a status code 201
a request to /get-seller-all-orders/65cd96ce0e3dd3d3c599d314 arrived on 2024-02-21 09:09:21 and this is method GET server took 275.945 to reply this request with a status code 304
a request to /get-all-products-shop/65cd96ce0e3dd3d3c599d314 arrived on 2024-02-21 09:09:42 and this is method GET server took 282.209 to reply this request with a status code 201
a request to /get-seller-all-orders/65cd96ce0e3dd3d3c599d314 arrived on 2024-02-21 09:09:42 and this is method GET server took 293.281 to reply this request with a status code 304
a request to /get-seller-all-orders/65cd96ce0e3dd3d3c599d314 arrived on 2024-02-21 09:09:45 and this is method GET server took 261.451 to reply this request with a status code 304
a request to /api/v2/event/get-all-events arrived on 2024-02-21 09:10:13 and this is method GET server took 0.666 to reply this request with a status code 404
a request to /stripeapikey arrived on 2024-02-21 09:10:13 and this is method GET server took 0.543 to reply this request with a status code 304
a request to /get-all-products arrived on 2024-02-21 09:10:13 and this is method GET server took 267.582 to reply this request with a status code 201
a request to /getSeller arrived on 2024-02-21 09:10:13 and this is method GET server took 484.040 to reply this request with a status code 304
a request to /getuser arrived on 2024-02-21 09:10:13 and this is method GET server took 624.865 to reply this request with a status code 304
a request to /get-seller-all-orders/65cd96ce0e3dd3d3c599d314 arrived on 2024-02-21 09:10:13 and this is method GET server took 236.286 to reply this request with a status code 304
a request to /get-all-products-shop/65cd96ce0e3dd3d3c599d314 arrived on 2024-02-21 09:10:14 and this is method GET server took 321.936 to reply this request with a status code 201
a request to /get-seller-all-orders/65cd96ce0e3dd3d3c599d314 arrived on 2024-02-21 09:10:15 and this is method GET server took 321.166 to reply this request with a status code 304
a request to /get-all-products-shop/65cd96ce0e3dd3d3c599d314 arrived on 2024-02-21 09:10:15 and this is method GET server took 291.806 to reply this request with a status code 201
a request to /api/v2/coupon/get-coupon/65cd96ce0e3dd3d3c599d314 arrived on 2024-02-21 09:10:16 and this is method GET server took 1.366 to reply this request with a status code 404
a request to /api/v2/conversation/get-all-conversation-seller/65cd96ce0e3dd3d3c599d314 arrived on 2024-02-21 09:10:16 and this is method GET server took 1.226 to reply this request with a status code 404
a request to /api/v2/message/get-all-messages/undefined arrived on 2024-02-21 09:10:16 and this is method GET server took 1.048 to reply this request with a status code 404
a request to /get-seller-all-orders/65cd96ce0e3dd3d3c599d314 arrived on 2024-02-21 09:10:17 and this is method GET server took 285.963 to reply this request with a status code 304
a request to /get-all-products-shop/65cd96ce0e3dd3d3c599d314 arrived on 2024-02-21 09:10:18 and this is method GET server took 328.996 to reply this request with a status code 201
a request to /get-seller-all-orders/65cd96ce0e3dd3d3c599d314 arrived on 2024-02-21 09:10:18 and this is method GET server took 337.031 to reply this request with a status code 304
a request to /get-seller-all-orders/65cd96ce0e3dd3d3c599d314 arrived on 2024-02-21 09:10:19 and this is method GET server took 261.484 to reply this request with a status code 304
a request to /get-all-products-shop/65cd96ce0e3dd3d3c599d314 arrived on 2024-02-21 09:10:19 and this is method GET server took 417.894 to reply this request with a status code 201
a request to /get-all-products-shop/65cd96ce0e3dd3d3c599d314 arrived on 2024-02-21 09:10:21 and this is method GET server took 269.336 to reply this request with a status code 201
a request to /get-seller-all-orders/65cd96ce0e3dd3d3c599d314 arrived on 2024-02-21 09:10:22 and this is method GET server took 305.395 to reply this request with a status code 304
a request to /get-all-products-shop/65cd96ce0e3dd3d3c599d314 arrived on 2024-02-21 09:10:22 and this is method GET server took 328.258 to reply this request with a status code 201
a request to /get-seller-all-orders/65cd96ce0e3dd3d3c599d314 arrived on 2024-02-21 09:10:22 and this is method GET server took 335.198 to reply this request with a status code 304
a request to /get-all-products-shop/65cd96ce0e3dd3d3c599d314 arrived on 2024-02-21 09:10:24 and this is method GET server took 245.475 to reply this request with a status code 201
a request to /get-seller-all-orders/65cd96ce0e3dd3d3c599d314 arrived on 2024-02-21 09:10:24 and this is method GET server took 266.332 to reply this request with a status code 304
a request to /get-all-products-shop/null arrived on 2024-02-21 09:11:32 and this is method GET server took 277.548 to reply this request with a status code 201
a request to /get-all-products-shop/65cd96ce0e3dd3d3c599d314 arrived on 2024-02-21 09:11:32 and this is method GET server took 233.467 to reply this request with a status code 201
a request to /stripeapikey arrived on 2024-02-21 11:17:39 and this is method GET server took 2.514 to reply this request with a status code 304
a request to /api/v2/event/get-all-events arrived on 2024-02-21 11:17:39 and this is method GET server took 11.420 to reply this request with a status code 404
a request to /get-all-products arrived on 2024-02-21 11:17:39 and this is method GET server took 274.096 to reply this request with a status code 201
a request to /getuser arrived on 2024-02-21 11:17:40 and this is method GET server took 560.307 to reply this request with a status code 304
a request to /getSeller arrived on 2024-02-21 11:17:40 and this is method GET server took 541.403 to reply this request with a status code 304
a request to /get-all-orders/65c064a2984e389dbb71d0d3 arrived on 2024-02-21 11:17:49 and this is method GET server took 286.573 to reply this request with a status code 304
a request to /get-all-orders/65c064a2984e389dbb71d0d3 arrived on 2024-02-21 11:17:53 and this is method GET server took 271.173 to reply this request with a status code 304
a request to /create-new-review arrived on 2024-02-21 11:18:12 and this is method PUT server took 1169.997 to reply this request with a status code 200
a request to /get-all-orders/65c064a2984e389dbb71d0d3 arrived on 2024-02-21 11:18:12 and this is method GET server took 273.613 to reply this request with a status code 200
a request to /get-seller-all-orders/65cd96ce0e3dd3d3c599d314 arrived on 2024-02-21 11:18:23 and this is method GET server took 898.004 to reply this request with a status code 304
a request to /get-all-products-shop/65cd96ce0e3dd3d3c599d314 arrived on 2024-02-21 11:18:23 and this is method GET server took 926.539 to reply this request with a status code 201
a request to /api/v2/event/get-all-events/65cd96ce0e3dd3d3c599d314 arrived on 2024-02-21 11:18:35 and this is method GET server took 1.076 to reply this request with a status code 404
a request to /get-all-products-shop/65cd96ce0e3dd3d3c599d314 arrived on 2024-02-21 11:18:36 and this is method GET server took 306.012 to reply this request with a status code 201
a request to /get-shop-info/65cd96ce0e3dd3d3c599d314 arrived on 2024-02-21 11:18:36 and this is method GET server took 306.387 to reply this request with a status code 201
a request to /get-all-products-shop/65cd96ce0e3dd3d3c599d314 arrived on 2024-02-21 11:18:36 and this is method GET server took 274.349 to reply this request with a status code 201
a request to /api/v2/event/get-all-events arrived on 2024-02-21 11:18:54 and this is method GET server took 0.904 to reply this request with a status code 404
a request to /stripeapikey arrived on 2024-02-21 11:18:54 and this is method GET server took 0.807 to reply this request with a status code 304
a request to /get-all-products arrived on 2024-02-21 11:18:55 and this is method GET server took 308.376 to reply this request with a status code 201
a request to /getSeller arrived on 2024-02-21 11:18:55 and this is method GET server took 632.410 to reply this request with a status code 304
a request to /getuser arrived on 2024-02-21 11:18:55 and this is method GET server took 649.561 to reply this request with a status code 304
a request to /admin-all-sellers arrived on 2024-02-21 11:19:02 and this is method GET server took 644.742 to reply this request with a status code 201
a request to /admin-all-orders arrived on 2024-02-21 11:19:02 and this is method GET server took 957.295 to reply this request with a status code 201
a request to /admin-all-sellers arrived on 2024-02-21 11:19:09 and this is method GET server took 636.882 to reply this request with a status code 201
a request to /admin-all-sellers arrived on 2024-02-21 11:19:21 and this is method GET server took 565.221 to reply this request with a status code 201
a request to /admin-all-users arrived on 2024-02-21 11:19:25 and this is method GET server took 562.175 to reply this request with a status code 201
a request to /admin-all-products arrived on 2024-02-21 11:19:28 and this is method GET server took 582.382 to reply this request with a status code 201
a request to /get-all-products-shop/null arrived on 2024-02-21 11:19:43 and this is method GET server took 370.023 to reply this request with a status code 201
a request to /get-all-products-shop/65cf38eba6c1d43af673fe67 arrived on 2024-02-21 11:19:43 and this is method GET server took 360.274 to reply this request with a status code 201
a request to /admin-all-products arrived on 2024-02-21 11:19:47 and this is method GET server took 730.202 to reply this request with a status code 201
a request to /admin-all-sellers arrived on 2024-02-21 11:20:15 and this is method GET server took 746.557 to reply this request with a status code 201
a request to /admin-all-orders arrived on 2024-02-21 11:20:17 and this is method GET server took 847.898 to reply this request with a status code 201
a request to /api/v2/conversation/get-all-conversation-seller/65cd96ce0e3dd3d3c599d314 arrived on 2024-02-21 11:21:25 and this is method GET server took 0.728 to reply this request with a status code 404
a request to /api/v2/message/get-all-messages/undefined arrived on 2024-02-21 11:21:25 and this is method GET server took 0.448 to reply this request with a status code 404
a request to /api/v2/event/get-all-events arrived on 2024-02-21 11:21:35 and this is method GET server took 0.905 to reply this request with a status code 404
a request to /stripeapikey arrived on 2024-02-21 11:21:35 and this is method GET server took 0.404 to reply this request with a status code 304
a request to /get-all-products arrived on 2024-02-21 11:21:36 and this is method GET server took 315.340 to reply this request with a status code 201
a request to /getuser arrived on 2024-02-21 11:21:36 and this is method GET server took 641.563 to reply this request with a status code 304
a request to /getSeller arrived on 2024-02-21 11:21:36 and this is method GET server took 655.801 to reply this request with a status code 304
a request to /get-all-products-shop/65cd96ce0e3dd3d3c599d314 arrived on 2024-02-21 11:22:20 and this is method GET server took 274.552 to reply this request with a status code 201
a request to /get-seller-all-orders/65cd96ce0e3dd3d3c599d314 arrived on 2024-02-21 11:22:20 and this is method GET server took 279.616 to reply this request with a status code 304
a request to /api/v2/event/get-all-events/65cd96ce0e3dd3d3c599d314 arrived on 2024-02-21 11:22:24 and this is method GET server took 0.277 to reply this request with a status code 404
a request to /get-shop-info/65cd96ce0e3dd3d3c599d314 arrived on 2024-02-21 11:22:24 and this is method GET server took 285.464 to reply this request with a status code 201
a request to /get-all-products-shop/65cd96ce0e3dd3d3c599d314 arrived on 2024-02-21 11:22:24 and this is method GET server took 290.468 to reply this request with a status code 201
a request to /get-all-products-shop/65cd96ce0e3dd3d3c599d314 arrived on 2024-02-21 11:22:24 and this is method GET server took 290.856 to reply this request with a status code 201
a request to /logout arrived on 2024-02-21 11:22:26 and this is method GET server took 1.413 to reply this request with a status code 201
a request to /api/v2/shop/getSeller arrived on 2024-02-21 11:22:27 and this is method GET server took 1.542 to reply this request with a status code 401
a request to /api/v2/event/get-all-events arrived on 2024-02-21 11:22:27 and this is method GET server took 0.522 to reply this request with a status code 404
a request to /stripeapikey arrived on 2024-02-21 11:22:27 and this is method GET server took 0.499 to reply this request with a status code 304
a request to /get-all-products arrived on 2024-02-21 11:22:27 and this is method GET server took 298.649 to reply this request with a status code 201
a request to /getuser arrived on 2024-02-21 11:22:27 and this is method GET server took 597.893 to reply this request with a status code 304
a request to /api/v2/shop/getSeller arrived on 2024-02-21 11:24:38 and this is method GET server took 0.817 to reply this request with a status code 401
a request to /api/v2/event/get-all-events arrived on 2024-02-21 11:24:38 and this is method GET server took 0.592 to reply this request with a status code 404
a request to /stripeapikey arrived on 2024-02-21 11:24:38 and this is method GET server took 0.319 to reply this request with a status code 304
a request to /get-all-products arrived on 2024-02-21 11:24:38 and this is method GET server took 340.797 to reply this request with a status code 201
a request to /getuser arrived on 2024-02-21 11:24:39 and this is method GET server took 649.967 to reply this request with a status code 304
a request to /get-all-products-shop/null arrived on 2024-02-21 11:25:03 and this is method GET server took 267.429 to reply this request with a status code 201
a request to /get-all-products-shop/65cd96ce0e3dd3d3c599d314 arrived on 2024-02-21 11:25:03 and this is method GET server took 275.889 to reply this request with a status code 201
a request to /get-all-orders/65c064a2984e389dbb71d0d3 arrived on 2024-02-21 11:33:57 and this is method GET server took 362.362 to reply this request with a status code 304
a request to /get-all-orders/65c064a2984e389dbb71d0d3 arrived on 2024-02-21 11:34:00 and this is method GET server took 406.373 to reply this request with a status code 304
a request to /get-all-orders/65c064a2984e389dbb71d0d3 arrived on 2024-02-21 11:34:11 and this is method GET server took 308.815 to reply this request with a status code 304
a request to /get-all-orders/65c064a2984e389dbb71d0d3 arrived on 2024-02-21 11:34:13 and this is method GET server took 357.956 to reply this request with a status code 304
