a request to /update-avatar arrived on 2024-02-21 00:03:20 and this is method PUT server took 9474.081 to reply this request with a status code 200
a request to /getuser arrived on 2024-02-21 00:03:21 and this is method GET server took 1144.711 to reply this request with a status code 200
a request to /api/v2/shop/getSeller arrived on 2024-02-21 00:16:04 and this is method GET server took 0.339 to reply this request with a status code 401
a request to /stripeapikey arrived on 2024-02-21 00:16:04 and this is method GET server took 0.158 to reply this request with a status code 304
a request to /api/v2/event/get-all-events arrived on 2024-02-21 00:16:04 and this is method GET server took 2.207 to reply this request with a status code 404
a request to /get-all-products arrived on 2024-02-21 00:16:08 and this is method GET server took 4376.351 to reply this request with a status code 201
a request to /getuser arrived on 2024-02-21 00:16:09 and this is method GET server took 4941.004 to reply this request with a status code 304
a request to /api/v2/shop/getSeller arrived on 2024-02-21 00:16:51 and this is method GET server took 1.042 to reply this request with a status code 401
a request to /stripeapikey arrived on 2024-02-21 00:16:51 and this is method GET server took 0.208 to reply this request with a status code 304
a request to /api/v2/event/get-all-events arrived on 2024-02-21 00:16:51 and this is method GET server took 1.091 to reply this request with a status code 404
a request to /get-all-products arrived on 2024-02-21 00:16:51 and this is method GET server took 630.575 to reply this request with a status code 201
a request to /getuser arrived on 2024-02-21 00:16:52 and this is method GET server took 1114.748 to reply this request with a status code 304
a request to /api/v2/shop/getSeller arrived on 2024-02-21 00:17:09 and this is method GET server took 0.476 to reply this request with a status code 401
a request to /stripeapikey arrived on 2024-02-21 00:17:09 and this is method GET server took 0.253 to reply this request with a status code 304
a request to /api/v2/event/get-all-events arrived on 2024-02-21 00:17:09 and this is method GET server took 1.053 to reply this request with a status code 404
a request to /get-all-products arrived on 2024-02-21 00:17:10 and this is method GET server took 629.794 to reply this request with a status code 201
a request to /getuser arrived on 2024-02-21 00:17:11 and this is method GET server took 1117.986 to reply this request with a status code 304
a request to /logout arrived on 2024-02-21 00:22:49 and this is method GET server took 0.664 to reply this request with a status code 201
a request to /api/v2/user/getuser arrived on 2024-02-21 00:22:52 and this is method GET server took 0.498 to reply this request with a status code 401
a request to /api/v2/shop/getSeller arrived on 2024-02-21 00:22:52 and this is method GET server took 0.353 to reply this request with a status code 401
a request to /stripeapikey arrived on 2024-02-21 00:22:52 and this is method GET server took 0.274 to reply this request with a status code 304
a request to /api/v2/event/get-all-events arrived on 2024-02-21 00:22:52 and this is method GET server took 1.404 to reply this request with a status code 404
a request to /get-all-products arrived on 2024-02-21 00:22:56 and this is method GET server took 4244.815 to reply this request with a status code 201
a request to /get-all-orders/65d4eedc822039874bb79d1e arrived on 2024-02-21 00:23:02 and this is method GET server took 605.902 to reply this request with a status code 200
a request to /get-all-orders/65d4eedc822039874bb79d1e arrived on 2024-02-21 00:23:04 and this is method GET server took 584.672 to reply this request with a status code 304
a request to /api/v2/conversation/get-all-conversation-user/65d4eedc822039874bb79d1e arrived on 2024-02-21 00:23:06 and this is method GET server took 0.258 to reply this request with a status code 404
a request to /api/v2/message/get-all-messages/undefined arrived on 2024-02-21 00:23:06 and this is method GET server took 0.210 to reply this request with a status code 404
a request to /get-all-orders/65d4eedc822039874bb79d1e arrived on 2024-02-21 00:23:13 and this is method GET server took 603.310 to reply this request with a status code 304
a request to /logout arrived on 2024-02-21 00:23:19 and this is method GET server took 0.346 to reply this request with a status code 201
a request to /api/v2/user/getuser arrived on 2024-02-21 00:23:20 and this is method GET server took 0.458 to reply this request with a status code 401
a request to /api/v2/shop/getSeller arrived on 2024-02-21 00:23:20 and this is method GET server took 0.458 to reply this request with a status code 401
a request to /api/v2/event/get-all-events arrived on 2024-02-21 00:23:20 and this is method GET server took 0.309 to reply this request with a status code 404
a request to /stripeapikey arrived on 2024-02-21 00:23:20 and this is method GET server took 0.189 to reply this request with a status code 304
a request to /get-all-products arrived on 2024-02-21 00:23:20 and this is method GET server took 638.203 to reply this request with a status code 201
a request to /api/v2/user/getuser arrived on 2024-02-21 00:23:23 and this is method GET server took 0.407 to reply this request with a status code 401
a request to /api/v2/shop/getSeller arrived on 2024-02-21 00:23:23 and this is method GET server took 0.310 to reply this request with a status code 401
a request to /stripeapikey arrived on 2024-02-21 00:23:23 and this is method GET server took 0.316 to reply this request with a status code 304
a request to /api/v2/event/get-all-events arrived on 2024-02-21 00:23:23 and this is method GET server took 1.956 to reply this request with a status code 404
a request to /get-all-products arrived on 2024-02-21 00:23:24 and this is method GET server took 689.887 to reply this request with a status code 201
a request to /api/v2/user/getuser arrived on 2024-02-21 00:27:33 and this is method GET server took 0.428 to reply this request with a status code 401
a request to /api/v2/shop/getSeller arrived on 2024-02-21 00:27:33 and this is method GET server took 0.470 to reply this request with a status code 401
a request to /stripeapikey arrived on 2024-02-21 00:27:33 and this is method GET server took 0.232 to reply this request with a status code 304
a request to /api/v2/event/get-all-events arrived on 2024-02-21 00:27:33 and this is method GET server took 1.087 to reply this request with a status code 404
a request to /get-all-products arrived on 2024-02-21 00:27:34 and this is method GET server took 652.483 to reply this request with a status code 201
a request to /login-user arrived on 2024-02-21 00:38:59 and this is method POST server took 4063.336 to reply this request with a status code 201
a request to /api/v2/shop/getSeller arrived on 2024-02-21 00:39:01 and this is method GET server took 0.303 to reply this request with a status code 401
a request to /api/v2/event/get-all-events arrived on 2024-02-21 00:39:01 and this is method GET server took 0.333 to reply this request with a status code 404
a request to /stripeapikey arrived on 2024-02-21 00:39:01 and this is method GET server took 0.287 to reply this request with a status code 304
a request to /getuser arrived on 2024-02-21 00:39:03 and this is method GET server took 1575.977 to reply this request with a status code 200
a request to /get-all-products arrived on 2024-02-21 00:39:05 and this is method GET server took 3875.204 to reply this request with a status code 201
a request to /admin-all-sellers arrived on 2024-02-21 00:39:10 and this is method GET server took 1183.070 to reply this request with a status code 201
a request to /admin-all-orders arrived on 2024-02-21 00:39:10 and this is method GET server took 1214.369 to reply this request with a status code 201
a request to /admin-all-sellers arrived on 2024-02-21 00:39:15 and this is method GET server took 1163.884 to reply this request with a status code 201
a request to /api/v2/shop/getSeller arrived on 2024-02-21 00:39:19 and this is method GET server took 0.358 to reply this request with a status code 401
a request to /api/v2/event/get-all-events arrived on 2024-02-21 00:39:19 and this is method GET server took 0.221 to reply this request with a status code 404
a request to /stripeapikey arrived on 2024-02-21 00:39:19 and this is method GET server took 0.235 to reply this request with a status code 304
a request to /get-all-products arrived on 2024-02-21 00:39:20 and this is method GET server took 623.868 to reply this request with a status code 201
a request to /getuser arrived on 2024-02-21 00:39:20 and this is method GET server took 1153.212 to reply this request with a status code 304
a request to /admin-all-sellers arrived on 2024-02-21 00:39:22 and this is method GET server took 1164.400 to reply this request with a status code 201
a request to /api/v2/shop/getSeller arrived on 2024-02-21 00:40:15 and this is method GET server took 0.180 to reply this request with a status code 401
a request to /stripeapikey arrived on 2024-02-21 00:40:15 and this is method GET server took 0.239 to reply this request with a status code 304
a request to /api/v2/event/get-all-events arrived on 2024-02-21 00:40:15 and this is method GET server took 2.008 to reply this request with a status code 404
a request to /admin-all-sellers arrived on 2024-02-21 00:40:17 and this is method GET server took 1138.870 to reply this request with a status code 201
a request to /getuser arrived on 2024-02-21 00:40:17 and this is method GET server took 1175.212 to reply this request with a status code 304
a request to /admin-all-sellers arrived on 2024-02-21 00:40:18 and this is method GET server took 1183.602 to reply this request with a status code 201
a request to /get-all-products arrived on 2024-02-21 00:40:19 and this is method GET server took 3725.845 to reply this request with a status code 201
a request to /admin-all-sellers arrived on 2024-02-21 00:40:52 and this is method GET server took 1157.984 to reply this request with a status code 201
a request to /api/v2/shop/getSeller arrived on 2024-02-21 00:40:57 and this is method GET server took 0.416 to reply this request with a status code 401
a request to /stripeapikey arrived on 2024-02-21 00:40:57 and this is method GET server took 0.196 to reply this request with a status code 304
a request to /api/v2/event/get-all-events arrived on 2024-02-21 00:40:57 and this is method GET server took 1.173 to reply this request with a status code 404
a request to /get-all-products arrived on 2024-02-21 00:40:57 and this is method GET server took 640.998 to reply this request with a status code 201
a request to /getuser arrived on 2024-02-21 00:40:58 and this is method GET server took 1164.756 to reply this request with a status code 304
a request to /api/v2/shop/getSeller arrived on 2024-02-21 00:41:11 and this is method GET server took 0.501 to reply this request with a status code 401
a request to /stripeapikey arrived on 2024-02-21 00:41:11 and this is method GET server took 0.269 to reply this request with a status code 304
a request to /api/v2/event/get-all-events arrived on 2024-02-21 00:41:11 and this is method GET server took 1.468 to reply this request with a status code 404
a request to /get-all-products arrived on 2024-02-21 00:41:12 and this is method GET server took 608.941 to reply this request with a status code 201
a request to /admin-all-sellers arrived on 2024-02-21 00:41:13 and this is method GET server took 1160.169 to reply this request with a status code 201
a request to /getuser arrived on 2024-02-21 00:41:13 and this is method GET server took 1167.714 to reply this request with a status code 304
a request to /admin-all-sellers arrived on 2024-02-21 00:41:14 and this is method GET server took 1179.188 to reply this request with a status code 201
a request to /admin-all-sellers arrived on 2024-02-21 00:44:00 and this is method GET server took 1175.951 to reply this request with a status code 201
a request to /api/v2/shop/getSeller arrived on 2024-02-21 00:44:03 and this is method GET server took 0.354 to reply this request with a status code 401
a request to /api/v2/event/get-all-events arrived on 2024-02-21 00:44:03 and this is method GET server took 0.247 to reply this request with a status code 404
a request to /stripeapikey arrived on 2024-02-21 00:44:03 and this is method GET server took 0.222 to reply this request with a status code 304
a request to /get-all-products arrived on 2024-02-21 00:44:03 and this is method GET server took 628.330 to reply this request with a status code 201
a request to /getuser arrived on 2024-02-21 00:44:04 and this is method GET server took 1179.924 to reply this request with a status code 304
a request to /api/v2/shop/getSeller arrived on 2024-02-21 00:44:28 and this is method GET server took 1.134 to reply this request with a status code 401
a request to /stripeapikey arrived on 2024-02-21 00:44:28 and this is method GET server took 0.231 to reply this request with a status code 304
a request to /api/v2/event/get-all-events arrived on 2024-02-21 00:44:28 and this is method GET server took 1.547 to reply this request with a status code 404
a request to /get-all-products arrived on 2024-02-21 00:44:29 and this is method GET server took 1014.318 to reply this request with a status code 201
a request to /getuser arrived on 2024-02-21 00:44:29 and this is method GET server took 1182.525 to reply this request with a status code 304
a request to /admin-all-sellers arrived on 2024-02-21 00:44:36 and this is method GET server took 1157.004 to reply this request with a status code 201
a request to /admin-all-orders arrived on 2024-02-21 00:44:36 and this is method GET server took 1204.093 to reply this request with a status code 201
a request to /admin-all-orders arrived on 2024-02-21 00:44:40 and this is method GET server took 1621.963 to reply this request with a status code 201
a request to /admin-all-sellers arrived on 2024-02-21 00:44:41 and this is method GET server took 1959.672 to reply this request with a status code 201
a request to /admin-all-sellers arrived on 2024-02-21 00:44:43 and this is method GET server took 1181.699 to reply this request with a status code 201
a request to /admin-all-sellers arrived on 2024-02-21 00:44:57 and this is method GET server took 1197.734 to reply this request with a status code 201
a request to /api/v2/shop/getSeller arrived on 2024-02-21 00:46:03 and this is method GET server took 0.273 to reply this request with a status code 401
a request to /stripeapikey arrived on 2024-02-21 00:46:03 and this is method GET server took 0.290 to reply this request with a status code 304
a request to /api/v2/event/get-all-events arrived on 2024-02-21 00:46:03 and this is method GET server took 1.269 to reply this request with a status code 404
a request to /get-all-products arrived on 2024-02-21 00:46:04 and this is method GET server took 628.627 to reply this request with a status code 201
a request to /getuser arrived on 2024-02-21 00:46:04 and this is method GET server took 1198.448 to reply this request with a status code 304
a request to /admin-all-sellers arrived on 2024-02-21 00:46:05 and this is method GET server took 1189.285 to reply this request with a status code 201
a request to /admin-all-orders arrived on 2024-02-21 00:46:05 and this is method GET server took 1228.369 to reply this request with a status code 201
a request to /admin-all-sellers arrived on 2024-02-21 00:46:09 and this is method GET server took 1183.383 to reply this request with a status code 201
a request to /api/v2/shop/getSeller arrived on 2024-02-21 00:47:40 and this is method GET server took 0.395 to reply this request with a status code 401
a request to /stripeapikey arrived on 2024-02-21 00:47:40 and this is method GET server took 0.215 to reply this request with a status code 304
a request to /api/v2/event/get-all-events arrived on 2024-02-21 00:47:40 and this is method GET server took 1.023 to reply this request with a status code 404
a request to /get-all-products arrived on 2024-02-21 00:47:40 and this is method GET server took 629.564 to reply this request with a status code 201
a request to /getuser arrived on 2024-02-21 00:47:41 and this is method GET server took 1178.351 to reply this request with a status code 304
a request to /admin-all-sellers arrived on 2024-02-21 00:47:46 and this is method GET server took 1184.285 to reply this request with a status code 201
a request to /admin-all-orders arrived on 2024-02-21 00:47:46 and this is method GET server took 1202.632 to reply this request with a status code 201
a request to /admin-all-sellers arrived on 2024-02-21 00:47:50 and this is method GET server took 1170.862 to reply this request with a status code 201
a request to /api/v2/shop/getSeller arrived on 2024-02-21 00:48:42 and this is method GET server took 0.332 to reply this request with a status code 401
a request to /stripeapikey arrived on 2024-02-21 00:48:42 and this is method GET server took 0.216 to reply this request with a status code 304
a request to /api/v2/event/get-all-events arrived on 2024-02-21 00:48:42 and this is method GET server took 1.105 to reply this request with a status code 404
a request to /admin-all-sellers arrived on 2024-02-21 00:48:44 and this is method GET server took 1172.260 to reply this request with a status code 201
a request to /getuser arrived on 2024-02-21 00:48:44 and this is method GET server took 1189.087 to reply this request with a status code 304
a request to /api/v2/shop/getSeller arrived on 2024-02-21 00:48:44 and this is method GET server took 0.355 to reply this request with a status code 401
a request to /stripeapikey arrived on 2024-02-21 00:48:44 and this is method GET server took 0.207 to reply this request with a status code 304
a request to /api/v2/event/get-all-events arrived on 2024-02-21 00:48:44 and this is method GET server took 0.981 to reply this request with a status code 404
a request to /getuser arrived on 2024-02-21 00:48:46 and this is method GET server took 1173.146 to reply this request with a status code 304
a request to /admin-all-sellers arrived on 2024-02-21 00:48:46 and this is method GET server took 1181.756 to reply this request with a status code 201
a request to /get-all-products arrived on 2024-02-21 00:48:47 and this is method GET server took 4142.385 to reply this request with a status code 201
a request to /get-all-products arrived on 2024-02-21 00:48:47 and this is method GET server took 616.718 to reply this request with a status code 201
a request to /api/v2/shop/getSeller arrived on 2024-02-21 00:49:23 and this is method GET server took 0.166 to reply this request with a status code 401
a request to /stripeapikey arrived on 2024-02-21 00:49:23 and this is method GET server took 0.930 to reply this request with a status code 304
a request to /api/v2/event/get-all-events arrived on 2024-02-21 00:49:23 and this is method GET server took 2.560 to reply this request with a status code 404
a request to /get-all-products arrived on 2024-02-21 00:49:24 and this is method GET server took 643.368 to reply this request with a status code 201
a request to /admin-all-sellers arrived on 2024-02-21 00:49:25 and this is method GET server took 1215.566 to reply this request with a status code 201
a request to /getuser arrived on 2024-02-21 00:49:25 and this is method GET server took 1257.856 to reply this request with a status code 304
a request to /admin-all-sellers arrived on 2024-02-21 00:49:26 and this is method GET server took 1216.903 to reply this request with a status code 201
a request to /approve-seller/65cd96ce0e3dd3d3c599d314 arrived on 2024-02-21 00:49:37 and this is method PUT server took 590.667 to reply this request with a status code 400
a request to /reject-seller/65cd96ce0e3dd3d3c599d314 arrived on 2024-02-21 00:49:41 and this is method PUT server took 1205.862 to reply this request with a status code 200
a request to /admin-all-sellers arrived on 2024-02-21 00:49:42 and this is method GET server took 1206.553 to reply this request with a status code 201
a request to /admin-all-sellers arrived on 2024-02-21 00:50:27 and this is method GET server took 1177.718 to reply this request with a status code 201
a request to /admin-all-sellers arrived on 2024-02-21 00:51:15 and this is method GET server took 1175.832 to reply this request with a status code 201
a request to /admin-all-sellers arrived on 2024-02-21 00:52:22 and this is method GET server took 1173.481 to reply this request with a status code 201
a request to /admin-all-sellers arrived on 2024-02-21 00:52:39 and this is method GET server took 1210.006 to reply this request with a status code 201
a request to /admin-all-sellers arrived on 2024-02-21 00:52:54 and this is method GET server took 1186.939 to reply this request with a status code 201
a request to /admin-all-sellers arrived on 2024-02-21 00:52:58 and this is method GET server took 1177.239 to reply this request with a status code 201
a request to /admin-all-sellers arrived on 2024-02-21 00:53:00 and this is method GET server took 1253.110 to reply this request with a status code 201
a request to /admin-all-sellers arrived on 2024-02-21 00:53:07 and this is method GET server took 1186.599 to reply this request with a status code 201
a request to /admin-all-sellers arrived on 2024-02-21 00:53:10 and this is method GET server took 1198.310 to reply this request with a status code 201
a request to /admin-all-sellers arrived on 2024-02-21 00:53:18 and this is method GET server took 1172.583 to reply this request with a status code 201
a request to /admin-all-sellers arrived on 2024-02-21 00:53:23 and this is method GET server took 1187.878 to reply this request with a status code 201
a request to /admin-all-sellers arrived on 2024-02-21 00:53:52 and this is method GET server took 1177.737 to reply this request with a status code 201
a request to /admin-all-sellers arrived on 2024-02-21 00:53:59 and this is method GET server took 1251.054 to reply this request with a status code 201
a request to /admin-all-sellers arrived on 2024-02-21 00:54:11 and this is method GET server took 1185.640 to reply this request with a status code 201
a request to /admin-all-orders arrived on 2024-02-21 00:56:06 and this is method GET server took 1228.375 to reply this request with a status code 201
a request to /admin-all-sellers arrived on 2024-02-21 00:56:10 and this is method GET server took 4629.660 to reply this request with a status code 201
a request to /api/v2/shop/getSeller arrived on 2024-02-21 00:57:16 and this is method GET server took 0.262 to reply this request with a status code 401
a request to /api/v2/event/get-all-events arrived on 2024-02-21 00:57:16 and this is method GET server took 0.296 to reply this request with a status code 404
a request to /stripeapikey arrived on 2024-02-21 00:57:16 and this is method GET server took 0.962 to reply this request with a status code 304
a request to /get-all-products arrived on 2024-02-21 00:57:17 and this is method GET server took 632.627 to reply this request with a status code 201
a request to /getuser arrived on 2024-02-21 00:57:18 and this is method GET server took 1164.967 to reply this request with a status code 304
a request to /admin-all-sellers arrived on 2024-02-21 00:57:19 and this is method GET server took 1182.369 to reply this request with a status code 201
a request to /admin-all-orders arrived on 2024-02-21 00:57:19 and this is method GET server took 1193.127 to reply this request with a status code 201
a request to /api/v2/shop/getSeller arrived on 2024-02-21 00:58:00 and this is method GET server took 0.353 to reply this request with a status code 401
a request to /stripeapikey arrived on 2024-02-21 00:58:00 and this is method GET server took 0.224 to reply this request with a status code 304
a request to /api/v2/event/get-all-events arrived on 2024-02-21 00:58:00 and this is method GET server took 0.947 to reply this request with a status code 404
a request to /get-all-products arrived on 2024-02-21 00:58:00 and this is method GET server took 629.156 to reply this request with a status code 201
a request to /getuser arrived on 2024-02-21 00:58:01 and this is method GET server took 1161.571 to reply this request with a status code 304
a request to /admin-all-sellers arrived on 2024-02-21 00:58:02 and this is method GET server took 1180.949 to reply this request with a status code 201
a request to /admin-all-orders arrived on 2024-02-21 00:58:02 and this is method GET server took 1204.546 to reply this request with a status code 201
a request to /api/v2/shop/getSeller arrived on 2024-02-21 01:04:34 and this is method GET server took 0.725 to reply this request with a status code 401
a request to /stripeapikey arrived on 2024-02-21 01:04:34 and this is method GET server took 0.216 to reply this request with a status code 304
a request to /api/v2/event/get-all-events arrived on 2024-02-21 01:04:34 and this is method GET server took 0.927 to reply this request with a status code 404
a request to /get-all-products arrived on 2024-02-21 01:04:38 and this is method GET server took 4293.574 to reply this request with a status code 201
a request to /getuser arrived on 2024-02-21 01:04:38 and this is method GET server took 4540.631 to reply this request with a status code 304
a request to /admin-all-sellers arrived on 2024-02-21 01:04:39 and this is method GET server took 1151.168 to reply this request with a status code 201
a request to /admin-all-orders arrived on 2024-02-21 01:04:39 and this is method GET server took 1175.153 to reply this request with a status code 201
a request to /admin-all-orders arrived on 2024-02-21 01:05:07 and this is method GET server took 1444.398 to reply this request with a status code 201
a request to /admin-all-sellers arrived on 2024-02-21 01:05:13 and this is method GET server took 1144.929 to reply this request with a status code 201
a request to /admin-all-orders arrived on 2024-02-21 01:05:13 and this is method GET server took 1179.946 to reply this request with a status code 201
