a request to /api/v2/shop/getSeller arrived on 2024-04-29 22:56:58 and this is method GET server took 5.521 to reply this request with a status code 401
a request to /stripeapikey arrived on 2024-04-29 22:56:58 and this is method GET server took 0.862 to reply this request with a status code 304
a request to /get-all-events arrived on 2024-04-29 22:56:58 and this is method GET server took 348.234 to reply this request with a status code 201
a request to /getuser arrived on 2024-04-29 22:56:59 and this is method GET server took 699.752 to reply this request with a status code 304
a request to /get-all-products arrived on 2024-04-29 22:56:59 and this is method GET server took 696.266 to reply this request with a status code 201
a request to /admin-all-users arrived on 2024-04-29 22:56:59 and this is method GET server took 690.878 to reply this request with a status code 201
a request to /admin-all-sellers arrived on 2024-04-29 22:57:03 and this is method GET server took 384.796 to reply this request with a status code 304
a request to /api/v2/shop/getSeller arrived on 2024-04-29 22:57:18 and this is method GET server took 1.713 to reply this request with a status code 401
a request to /stripeapikey arrived on 2024-04-29 22:57:18 and this is method GET server took 0.255 to reply this request with a status code 304
a request to /get-all-events arrived on 2024-04-29 22:57:18 and this is method GET server took 297.356 to reply this request with a status code 201
a request to /getuser arrived on 2024-04-29 22:57:19 and this is method GET server took 620.021 to reply this request with a status code 304
a request to /get-all-products arrived on 2024-04-29 22:57:19 and this is method GET server took 936.692 to reply this request with a status code 201
a request to /admin-all-sellers arrived on 2024-04-29 22:57:25 and this is method GET server took 330.395 to reply this request with a status code 304
a request to /admin-all-users arrived on 2024-04-29 22:57:25 and this is method GET server took 655.487 to reply this request with a status code 201
a request to /admin-all-sellers arrived on 2024-04-29 22:57:25 and this is method GET server took 334.553 to reply this request with a status code 304
a request to /admin-all-orders arrived on 2024-04-29 22:57:26 and this is method GET server took 1640.108 to reply this request with a status code 201
a request to /admin-all-sellers arrived on 2024-04-29 22:57:26 and this is method GET server took 356.492 to reply this request with a status code 304
a request to /admin-all-users arrived on 2024-04-29 22:57:27 and this is method GET server took 679.136 to reply this request with a status code 201
a request to /admin-all-sellers arrived on 2024-04-29 22:57:27 and this is method GET server took 335.918 to reply this request with a status code 304
a request to /admin-all-users arrived on 2024-04-29 22:57:27 and this is method GET server took 640.845 to reply this request with a status code 201
a request to /admin-all-sellers arrived on 2024-04-29 22:57:29 and this is method GET server took 344.564 to reply this request with a status code 304
a request to /get-shop-info/65d75458c3a79c8fba3b7f86 arrived on 2024-04-29 22:57:31 and this is method GET server took 9.005 to reply this request with a status code 200
a request to /get-all-events/65d75458c3a79c8fba3b7f86 arrived on 2024-04-29 22:57:32 and this is method GET server took 324.526 to reply this request with a status code 201
a request to /get-all-products-shop/65d75458c3a79c8fba3b7f86 arrived on 2024-04-29 22:57:33 and this is method GET server took 1941.390 to reply this request with a status code 201
a request to /admin-all-sellers arrived on 2024-04-29 22:57:35 and this is method GET server took 314.520 to reply this request with a status code 304
a request to /get-all-products-shop/65d75458c3a79c8fba3b7f86 arrived on 2024-04-29 22:57:35 and this is method GET server took 1869.463 to reply this request with a status code 201
a request to /get-shop-info/65e412e3c57c671a3698991b arrived on 2024-04-29 22:57:36 and this is method GET server took 12.721 to reply this request with a status code 200
a request to /get-all-products-shop/65e412e3c57c671a3698991b arrived on 2024-04-29 22:57:36 and this is method GET server took 381.693 to reply this request with a status code 201
a request to /get-all-events/65e412e3c57c671a3698991b arrived on 2024-04-29 22:57:36 and this is method GET server took 375.649 to reply this request with a status code 201
a request to /get-all-products-shop/65e412e3c57c671a3698991b arrived on 2024-04-29 22:57:37 and this is method GET server took 370.725 to reply this request with a status code 201
a request to /admin-all-sellers arrived on 2024-04-29 22:57:39 and this is method GET server took 343.428 to reply this request with a status code 304
a request to /get-shop-info/65d74e093976f290c15f1243 arrived on 2024-04-29 22:57:41 and this is method GET server took 12.126 to reply this request with a status code 200
a request to /get-all-products-shop/65d74e093976f290c15f1243 arrived on 2024-04-29 22:57:41 and this is method GET server took 391.414 to reply this request with a status code 201
a request to /get-all-events/65d74e093976f290c15f1243 arrived on 2024-04-29 22:57:41 and this is method GET server took 391.844 to reply this request with a status code 201
a request to /get-all-products-shop/65d74e093976f290c15f1243 arrived on 2024-04-29 22:57:42 and this is method GET server took 381.711 to reply this request with a status code 201
a request to /admin-all-sellers arrived on 2024-04-29 22:57:55 and this is method GET server took 410.529 to reply this request with a status code 304
a request to /get-shop-info/65d74e093976f290c15f1243 arrived on 2024-04-29 22:57:58 and this is method GET server took 9.282 to reply this request with a status code 304
a request to /get-all-products-shop/65d74e093976f290c15f1243 arrived on 2024-04-29 22:57:58 and this is method GET server took 425.072 to reply this request with a status code 201
a request to /get-all-events/65d74e093976f290c15f1243 arrived on 2024-04-29 22:57:58 and this is method GET server took 416.913 to reply this request with a status code 201
a request to /get-all-products-shop/65d74e093976f290c15f1243 arrived on 2024-04-29 22:57:59 and this is method GET server took 404.436 to reply this request with a status code 201
a request to /admin-all-sellers arrived on 2024-04-29 22:58:03 and this is method GET server took 439.821 to reply this request with a status code 304
a request to /get-shop-info/65d75458c3a79c8fba3b7f86 arrived on 2024-04-29 23:00:18 and this is method GET server took 4.723 to reply this request with a status code 304
a request to /get-all-events/65d75458c3a79c8fba3b7f86 arrived on 2024-04-29 23:00:18 and this is method GET server took 379.324 to reply this request with a status code 201
a request to /get-all-products-shop/65d75458c3a79c8fba3b7f86 arrived on 2024-04-29 23:00:20 and this is method GET server took 2677.397 to reply this request with a status code 201
a request to /get-all-products-shop/65d75458c3a79c8fba3b7f86 arrived on 2024-04-29 23:00:21 and this is method GET server took 434.990 to reply this request with a status code 201
a request to /admin-all-sellers arrived on 2024-04-29 23:01:09 and this is method GET server took 324.012 to reply this request with a status code 304
a request to /get-shop-info/65d75be3b1faec57f8dce5c2 arrived on 2024-04-29 23:01:12 and this is method GET server took 5.995 to reply this request with a status code 200
a request to /get-all-products-shop/65d75be3b1faec57f8dce5c2 arrived on 2024-04-29 23:01:12 and this is method GET server took 329.103 to reply this request with a status code 201
a request to /get-all-events/65d75be3b1faec57f8dce5c2 arrived on 2024-04-29 23:01:12 and this is method GET server took 332.779 to reply this request with a status code 201
a request to /get-all-products-shop/65d75be3b1faec57f8dce5c2 arrived on 2024-04-29 23:01:12 and this is method GET server took 337.894 to reply this request with a status code 201
a request to /admin-all-sellers arrived on 2024-04-29 23:01:55 and this is method GET server took 416.616 to reply this request with a status code 304
a request to /get-shop-info/65e412e3c57c671a3698991b arrived on 2024-04-29 23:01:58 and this is method GET server took 3.975 to reply this request with a status code 304
a request to /get-all-products-shop/65e412e3c57c671a3698991b arrived on 2024-04-29 23:01:59 and this is method GET server took 416.872 to reply this request with a status code 201
a request to /get-all-events/65e412e3c57c671a3698991b arrived on 2024-04-29 23:01:59 and this is method GET server took 419.898 to reply this request with a status code 201
a request to /get-all-products-shop/65e412e3c57c671a3698991b arrived on 2024-04-29 23:01:59 and this is method GET server took 447.824 to reply this request with a status code 201
a request to /admin-all-sellers arrived on 2024-04-29 23:02:01 and this is method GET server took 432.059 to reply this request with a status code 304
a request to /get-shop-info/65d75458c3a79c8fba3b7f86 arrived on 2024-04-29 23:02:02 and this is method GET server took 10.600 to reply this request with a status code 304
a request to /get-all-events/65d75458c3a79c8fba3b7f86 arrived on 2024-04-29 23:02:03 and this is method GET server took 388.051 to reply this request with a status code 201
a request to /get-all-products-shop/65d75458c3a79c8fba3b7f86 arrived on 2024-04-29 23:02:05 and this is method GET server took 2303.479 to reply this request with a status code 201
a request to /get-all-products-shop/65d75458c3a79c8fba3b7f86 arrived on 2024-04-29 23:02:05 and this is method GET server took 735.478 to reply this request with a status code 201
a request to /get-shop-info/65d75458c3a79c8fba3b7f86 arrived on 2024-04-29 23:03:07 and this is method GET server took 2.720 to reply this request with a status code 304
a request to /get-shop-info/65d75458c3a79c8fba3b7f86 arrived on 2024-04-29 23:03:27 and this is method GET server took 8.487 to reply this request with a status code 304
a request to /api/v2/product/get-all-products-shop/65d75458c3a79c8fba3b7f86 arrived on 2024-04-29 23:03:46 and this is method GET server took 38128.155 to reply this request with a status code 400
a request to /get-all-products-shop/65d75458c3a79c8fba3b7f86 arrived on 2024-04-29 23:04:06 and this is method GET server took - to reply this request with a status code -
a request to /api/v2/shop/getSeller arrived on 2024-04-29 23:04:08 and this is method GET server took 0.307 to reply this request with a status code 401
a request to /stripeapikey arrived on 2024-04-29 23:04:09 and this is method GET server took 0.140 to reply this request with a status code 304
a request to /get-shop-info/65d75458c3a79c8fba3b7f86 arrived on 2024-04-29 23:04:09 and this is method GET server took 9.986 to reply this request with a status code 304
a request to /getuser arrived on 2024-04-29 23:04:20 and this is method GET server took - to reply this request with a status code -
a request to /get-all-products arrived on 2024-04-29 23:04:20 and this is method GET server took - to reply this request with a status code -
a request to /get-all-events/65d75458c3a79c8fba3b7f86 arrived on 2024-04-29 23:04:20 and this is method GET server took - to reply this request with a status code -
a request to /get-all-events arrived on 2024-04-29 23:04:20 and this is method GET server took - to reply this request with a status code -
a request to /get-all-products-shop/65d75458c3a79c8fba3b7f86 arrived on 2024-04-29 23:04:20 and this is method GET server took - to reply this request with a status code -
a request to /api/v2/shop/getSeller arrived on 2024-04-29 23:04:21 and this is method GET server took 0.358 to reply this request with a status code 401
a request to /stripeapikey arrived on 2024-04-29 23:04:21 and this is method GET server took 0.168 to reply this request with a status code 304
a request to /get-all-products arrived on 2024-04-29 23:04:31 and this is method GET server took 10344.090 to reply this request with a status code 201
a request to /get-shop-info/65d75458c3a79c8fba3b7f86 arrived on 2024-04-29 23:04:31 and this is method GET server took 3.434 to reply this request with a status code 304
a request to /get-all-events arrived on 2024-04-29 23:04:31 and this is method GET server took 10390.565 to reply this request with a status code 201
a request to /getuser arrived on 2024-04-29 23:04:31 and this is method GET server took 10775.128 to reply this request with a status code 200
a request to /get-all-products-shop/65d75458c3a79c8fba3b7f86 arrived on 2024-04-29 23:04:31 and this is method GET server took 453.879 to reply this request with a status code 201
a request to /get-all-events/65d75458c3a79c8fba3b7f86 arrived on 2024-04-29 23:04:32 and this is method GET server took 820.034 to reply this request with a status code 201
a request to /get-all-products-shop/65d75458c3a79c8fba3b7f86 arrived on 2024-04-29 23:04:32 and this is method GET server took 931.006 to reply this request with a status code 201
a request to /api/v2/shop/getSeller arrived on 2024-04-29 23:08:11 and this is method GET server took 0.301 to reply this request with a status code 401
a request to /stripeapikey arrived on 2024-04-29 23:08:11 and this is method GET server took 0.313 to reply this request with a status code 304
a request to /get-shop-info/65d75458c3a79c8fba3b7f86 arrived on 2024-04-29 23:08:11 and this is method GET server took 14.353 to reply this request with a status code 304
a request to /get-all-products-shop/65d75458c3a79c8fba3b7f86 arrived on 2024-04-29 23:08:12 and this is method GET server took 482.501 to reply this request with a status code 201
a request to /get-all-events/65d75458c3a79c8fba3b7f86 arrived on 2024-04-29 23:08:12 and this is method GET server took 487.480 to reply this request with a status code 201
a request to /getuser arrived on 2024-04-29 23:08:12 and this is method GET server took 944.198 to reply this request with a status code 304
a request to /get-all-products arrived on 2024-04-29 23:08:13 and this is method GET server took 1798.297 to reply this request with a status code 201
a request to /get-all-products-shop/65d75458c3a79c8fba3b7f86 arrived on 2024-04-29 23:08:14 and this is method GET server took 2321.748 to reply this request with a status code 201
a request to /get-all-events arrived on 2024-04-29 23:08:14 and this is method GET server took 2949.353 to reply this request with a status code 201
