a request to /api/v2/user/getuser arrived on 2024-04-27 16:51:44 and this is method GET server took 8.879 to reply this request with a status code 400
a request to /api/v2/shop/getSeller arrived on 2024-04-27 16:51:44 and this is method GET server took 1.478 to reply this request with a status code 401
a request to /stripeapikey arrived on 2024-04-27 16:51:44 and this is method GET server took 0.566 to reply this request with a status code 200
a request to /get-all-events arrived on 2024-04-27 16:51:45 and this is method GET server took 260.548 to reply this request with a status code 201
a request to /get-all-products arrived on 2024-04-27 16:51:45 and this is method GET server took 485.795 to reply this request with a status code 201
a request to /api/v2/user/getuser arrived on 2024-04-27 16:52:55 and this is method GET server took 3.971 to reply this request with a status code 400
a request to /api/v2/shop/getSeller arrived on 2024-04-27 16:52:55 and this is method GET server took 1.618 to reply this request with a status code 401
a request to /stripeapikey arrived on 2024-04-27 16:52:55 and this is method GET server took 0.605 to reply this request with a status code 304
a request to /get-all-events arrived on 2024-04-27 16:52:55 and this is method GET server took 303.408 to reply this request with a status code 201
a request to /get-all-products arrived on 2024-04-27 16:52:56 and this is method GET server took 581.038 to reply this request with a status code 201
a request to /api/v2/user/getuser arrived on 2024-04-27 16:53:21 and this is method GET server took 1.503 to reply this request with a status code 400
a request to /api/v2/shop/getSeller arrived on 2024-04-27 16:53:21 and this is method GET server took 0.343 to reply this request with a status code 401
a request to /stripeapikey arrived on 2024-04-27 16:53:21 and this is method GET server took 0.321 to reply this request with a status code 304
a request to /get-all-events arrived on 2024-04-27 16:53:21 and this is method GET server took 298.623 to reply this request with a status code 201
a request to /get-all-products arrived on 2024-04-27 16:53:22 and this is method GET server took 898.636 to reply this request with a status code 201
a request to /api/v2/shop/getSeller arrived on 2024-04-27 16:53:42 and this is method GET server took 0.449 to reply this request with a status code 401
a request to /api/v2/user/getuser arrived on 2024-04-27 16:53:42 and this is method GET server took 1.756 to reply this request with a status code 400
a request to /stripeapikey arrived on 2024-04-27 16:53:42 and this is method GET server took 0.224 to reply this request with a status code 304
a request to /get-all-events arrived on 2024-04-27 16:53:43 and this is method GET server took 298.392 to reply this request with a status code 201
a request to /get-all-products arrived on 2024-04-27 16:53:43 and this is method GET server took 604.745 to reply this request with a status code 201
a request to /api/v2/user/getuser arrived on 2024-04-27 17:14:09 and this is method GET server took 1.998 to reply this request with a status code 400
a request to /api/v2/shop/getSeller arrived on 2024-04-27 17:14:09 and this is method GET server took 0.474 to reply this request with a status code 401
a request to /stripeapikey arrived on 2024-04-27 17:14:09 and this is method GET server took 0.206 to reply this request with a status code 304
a request to /get-all-events arrived on 2024-04-27 17:14:09 and this is method GET server took 237.771 to reply this request with a status code 201
a request to /get-all-products arrived on 2024-04-27 17:14:10 and this is method GET server took 505.182 to reply this request with a status code 201
a request to /api/v2/user/getuser arrived on 2024-04-27 17:15:29 and this is method GET server took 1.811 to reply this request with a status code 400
a request to /api/v2/shop/getSeller arrived on 2024-04-27 17:15:29 and this is method GET server took 0.423 to reply this request with a status code 401
a request to /stripeapikey arrived on 2024-04-27 17:15:29 and this is method GET server took 0.451 to reply this request with a status code 304
a request to /get-all-events arrived on 2024-04-27 17:15:30 and this is method GET server took 288.719 to reply this request with a status code 201
a request to /get-all-products arrived on 2024-04-27 17:15:30 and this is method GET server took 610.630 to reply this request with a status code 201
a request to /api/v2/user/getuser arrived on 2024-04-27 17:15:42 and this is method GET server took 1.726 to reply this request with a status code 400
a request to /api/v2/shop/getSeller arrived on 2024-04-27 17:15:42 and this is method GET server took 0.630 to reply this request with a status code 401
a request to /stripeapikey arrived on 2024-04-27 17:15:42 and this is method GET server took 0.494 to reply this request with a status code 304
a request to /get-all-events arrived on 2024-04-27 17:15:42 and this is method GET server took 251.019 to reply this request with a status code 201
a request to /get-all-products arrived on 2024-04-27 17:15:42 and this is method GET server took 537.209 to reply this request with a status code 201
a request to /api/v2/shop/getSeller arrived on 2024-04-27 17:16:07 and this is method GET server took 0.457 to reply this request with a status code 401
a request to /api/v2/user/getuser arrived on 2024-04-27 17:16:07 and this is method GET server took 1.782 to reply this request with a status code 400
a request to /stripeapikey arrived on 2024-04-27 17:16:07 and this is method GET server took 0.259 to reply this request with a status code 304
a request to /get-all-events arrived on 2024-04-27 17:16:07 and this is method GET server took 237.369 to reply this request with a status code 201
a request to /get-all-products arrived on 2024-04-27 17:16:07 and this is method GET server took 504.357 to reply this request with a status code 201
a request to /api/v2/shop/getSeller arrived on 2024-04-27 17:17:12 and this is method GET server took 0.491 to reply this request with a status code 401
a request to /api/v2/user/getuser arrived on 2024-04-27 17:17:12 and this is method GET server took 3.804 to reply this request with a status code 400
a request to /stripeapikey arrived on 2024-04-27 17:17:12 and this is method GET server took 0.326 to reply this request with a status code 304
a request to /get-all-events arrived on 2024-04-27 17:17:12 and this is method GET server took 238.662 to reply this request with a status code 201
a request to /get-all-products arrived on 2024-04-27 17:17:13 and this is method GET server took 500.123 to reply this request with a status code 201
a request to /api/v2/shop/getSeller arrived on 2024-04-27 17:19:43 and this is method GET server took 0.309 to reply this request with a status code 401
a request to /api/v2/user/getuser arrived on 2024-04-27 17:19:43 and this is method GET server took 2.214 to reply this request with a status code 400
a request to /stripeapikey arrived on 2024-04-27 17:19:43 and this is method GET server took 0.265 to reply this request with a status code 304
a request to /get-all-events arrived on 2024-04-27 17:19:45 and this is method GET server took 1928.852 to reply this request with a status code 201
a request to /get-all-products arrived on 2024-04-27 17:19:46 and this is method GET server took 2255.496 to reply this request with a status code 201
a request to /api/v2/user/getuser arrived on 2024-04-27 17:21:34 and this is method GET server took 1.824 to reply this request with a status code 400
a request to /api/v2/shop/getSeller arrived on 2024-04-27 17:21:34 and this is method GET server took 0.348 to reply this request with a status code 401
a request to /stripeapikey arrived on 2024-04-27 17:21:34 and this is method GET server took 0.337 to reply this request with a status code 304
a request to /get-all-events arrived on 2024-04-27 17:21:35 and this is method GET server took 343.887 to reply this request with a status code 201
a request to /get-all-products arrived on 2024-04-27 17:21:35 and this is method GET server took 609.176 to reply this request with a status code 201
a request to /api/v2/user/getuser arrived on 2024-04-27 17:21:55 and this is method GET server took 1.640 to reply this request with a status code 400
a request to /api/v2/shop/getSeller arrived on 2024-04-27 17:21:55 and this is method GET server took 1.073 to reply this request with a status code 401
a request to /stripeapikey arrived on 2024-04-27 17:21:55 and this is method GET server took 0.168 to reply this request with a status code 304
a request to /get-all-events arrived on 2024-04-27 17:21:55 and this is method GET server took 336.464 to reply this request with a status code 201
a request to /get-all-products arrived on 2024-04-27 17:21:55 and this is method GET server took 660.106 to reply this request with a status code 201
a request to /api/v2/user/login-user arrived on 2024-04-28 11:42:54 and this is method POST server took 392.643 to reply this request with a status code 400
a request to /api/v2/user/login-user arrived on 2024-04-28 11:43:09 and this is method POST server took 356.700 to reply this request with a status code 400
a request to /api/v2/user/login-user arrived on 2024-04-28 11:43:16 and this is method POST server took 358.552 to reply this request with a status code 400
a request to /api/v2/user/getuser arrived on 2024-04-28 11:44:10 and this is method GET server took 8.288 to reply this request with a status code 400
a request to /api/v2/shop/getSeller arrived on 2024-04-28 11:44:10 and this is method GET server took 1.375 to reply this request with a status code 401
a request to /stripeapikey arrived on 2024-04-28 11:44:10 and this is method GET server took 1.331 to reply this request with a status code 200
a request to /get-all-events arrived on 2024-04-28 11:44:10 and this is method GET server took 312.294 to reply this request with a status code 201
a request to /get-all-products arrived on 2024-04-28 11:44:11 and this is method GET server took 1476.178 to reply this request with a status code 201
a request to /api/v2/user/login-user arrived on 2024-04-28 11:44:30 and this is method POST server took 357.912 to reply this request with a status code 400
a request to /api/v2/user/login-user arrived on 2024-04-28 11:44:43 and this is method POST server took 351.857 to reply this request with a status code 400
a request to /create-user arrived on 2024-04-28 11:46:51 and this is method POST server took 15552.479 to reply this request with a status code 201
a request to /create-user arrived on 2024-04-28 11:46:57 and this is method POST server took 9135.376 to reply this request with a status code 201
a request to /create-user arrived on 2024-04-28 11:46:59 and this is method POST server took 8848.982 to reply this request with a status code 201
a request to /create-user arrived on 2024-04-28 11:47:00 and this is method POST server took 9689.001 to reply this request with a status code 201
a request to /create-user arrived on 2024-04-28 11:47:00 and this is method POST server took 9981.671 to reply this request with a status code 201
a request to /api/v2/user/getuser arrived on 2024-04-28 11:47:23 and this is method GET server took 4.140 to reply this request with a status code 400
a request to /api/v2/shop/getSeller arrived on 2024-04-28 11:47:23 and this is method GET server took 1.986 to reply this request with a status code 401
a request to /stripeapikey arrived on 2024-04-28 11:47:23 and this is method GET server took 0.588 to reply this request with a status code 200
a request to /activation arrived on 2024-04-28 11:47:24 and this is method POST server took 721.312 to reply this request with a status code 201
a request to /get-all-events arrived on 2024-04-28 11:47:25 and this is method GET server took 1567.443 to reply this request with a status code 201
a request to /get-all-products arrived on 2024-04-28 11:47:25 and this is method GET server took 2218.591 to reply this request with a status code 201
a request to /login-user arrived on 2024-04-28 11:47:46 and this is method POST server took 390.072 to reply this request with a status code 201
a request to /api/v2/shop/getSeller arrived on 2024-04-28 11:47:48 and this is method GET server took 0.365 to reply this request with a status code 401
a request to /stripeapikey arrived on 2024-04-28 11:47:48 and this is method GET server took 0.479 to reply this request with a status code 304
a request to /get-all-products arrived on 2024-04-28 11:47:50 and this is method GET server took 1288.537 to reply this request with a status code 201
a request to /get-all-events arrived on 2024-04-28 11:47:50 and this is method GET server took 1570.335 to reply this request with a status code 201
a request to /getuser arrived on 2024-04-28 11:47:50 and this is method GET server took 1752.671 to reply this request with a status code 200
a request to /get-all-orders/662de9f389bf25647df978b9 arrived on 2024-04-28 11:55:17 and this is method GET server took 338.214 to reply this request with a status code 200
a request to /get-all-products-shop/null arrived on 2024-04-28 11:55:39 and this is method GET server took 315.996 to reply this request with a status code 201
a request to /get-all-products-shop/65d75458c3a79c8fba3b7f86 arrived on 2024-04-28 11:55:40 and this is method GET server took 1790.641 to reply this request with a status code 201
a request to /create-order arrived on 2024-04-28 11:56:45 and this is method POST server took 477.706 to reply this request with a status code 201
a request to /api/v2/shop/getSeller arrived on 2024-04-28 11:56:47 and this is method GET server took 0.559 to reply this request with a status code 401
a request to /stripeapikey arrived on 2024-04-28 11:56:47 and this is method GET server took 0.446 to reply this request with a status code 304
a request to /get-all-events arrived on 2024-04-28 11:56:47 and this is method GET server took 399.731 to reply this request with a status code 201
a request to /getuser arrived on 2024-04-28 11:56:48 and this is method GET server took 807.305 to reply this request with a status code 304
a request to /get-all-products arrived on 2024-04-28 11:56:50 and this is method GET server took 3121.868 to reply this request with a status code 201
a request to /get-all-orders/662de9f389bf25647df978b9 arrived on 2024-04-28 11:56:56 and this is method GET server took 364.831 to reply this request with a status code 200
a request to /get-all-orders/662de9f389bf25647df978b9 arrived on 2024-04-28 11:56:59 and this is method GET server took 351.399 to reply this request with a status code 304
a request to /api/v2/shop/getSeller arrived on 2024-04-28 12:03:31 and this is method GET server took 0.253 to reply this request with a status code 401
a request to /stripeapikey arrived on 2024-04-28 12:03:31 and this is method GET server took 0.246 to reply this request with a status code 304
a request to /getuser arrived on 2024-04-28 12:03:32 and this is method GET server took 641.779 to reply this request with a status code 304
a request to /get-all-events arrived on 2024-04-28 12:03:33 and this is method GET server took 1584.273 to reply this request with a status code 201
a request to /get-all-products arrived on 2024-04-28 12:03:38 and this is method GET server took 6592.074 to reply this request with a status code 201
a request to /get-all-orders/662de9f389bf25647df978b9 arrived on 2024-04-28 12:03:40 and this is method GET server took 1178.819 to reply this request with a status code 304
a request to /update-user-info arrived on 2024-04-28 12:04:19 and this is method PUT server took 1008.118 to reply this request with a status code 201
a request to /api/v2/shop/getSeller arrived on 2024-04-28 12:07:52 and this is method GET server took 3.515 to reply this request with a status code 401
a request to /stripeapikey arrived on 2024-04-28 12:07:52 and this is method GET server took 0.459 to reply this request with a status code 304
a request to /getuser arrived on 2024-04-28 12:07:54 and this is method GET server took 2991.500 to reply this request with a status code 200
a request to /get-all-products arrived on 2024-04-28 12:07:55 and this is method GET server took 3196.614 to reply this request with a status code 201
a request to /get-all-events arrived on 2024-04-28 12:07:57 and this is method GET server took 5910.474 to reply this request with a status code 201
a request to /admin-all-sellers arrived on 2024-04-28 13:58:37 and this is method GET server took 11.142 to reply this request with a status code 404
a request to /admin-all-sellers arrived on 2024-04-28 13:59:36 and this is method GET server took 11.380 to reply this request with a status code 404
a request to /admin-all-sellers arrived on 2024-04-28 13:59:39 and this is method GET server took 12.842 to reply this request with a status code 404
a request to /admin-all-sellers arrived on 2024-04-28 14:00:42 and this is method GET server took 1287.297 to reply this request with a status code 201
a request to /api/v2/shop/admin-all-sellers arrived on 2024-04-28 14:00:54 and this is method GET server took 3.349 to reply this request with a status code 401
a request to /admin-all-sellers arrived on 2024-04-28 14:01:11 and this is method GET server took 3499.512 to reply this request with a status code 201
a request to /admin-all-sellers arrived on 2024-04-28 14:01:21 and this is method GET server took 294.391 to reply this request with a status code 201
a request to /admin-all-sellers arrived on 2024-04-28 14:01:24 and this is method GET server took 295.959 to reply this request with a status code 201
a request to /admin-all-sellers arrived on 2024-04-28 14:01:25 and this is method GET server took 299.924 to reply this request with a status code 201
a request to /admin-all-sellers arrived on 2024-04-28 14:01:26 and this is method GET server took 291.846 to reply this request with a status code 201
a request to /admin-all-sellers arrived on 2024-04-28 14:01:28 and this is method GET server took 294.144 to reply this request with a status code 201
a request to /admin-all-sellers arrived on 2024-04-28 14:01:29 and this is method GET server took 295.730 to reply this request with a status code 201
a request to /admin-all-sellers arrived on 2024-04-28 14:01:30 and this is method GET server took 294.129 to reply this request with a status code 201
a request to /admin-all-sellers arrived on 2024-04-28 14:01:31 and this is method GET server took 295.951 to reply this request with a status code 201
a request to /admin-all-sellers arrived on 2024-04-28 14:01:33 and this is method GET server took 296.538 to reply this request with a status code 201
a request to /api/v2/shop/admin-all-sellers arrived on 2024-04-28 14:34:45 and this is method GET server took 9.235 to reply this request with a status code 500
