a request to /api/v2/shop/getSeller arrived on 2024-03-04 07:53:09 and this is method GET server took 3.994 to reply this request with a status code 401
a request to /stripeapikey arrived on 2024-03-04 07:53:10 and this is method GET server took 1.181 to reply this request with a status code 304
a request to /api/v2/event/get-all-events arrived on 2024-03-04 07:53:10 and this is method GET server took 5.761 to reply this request with a status code 404
a request to /get-all-products arrived on 2024-03-04 07:53:10 and this is method GET server took 945.358 to reply this request with a status code 201
a request to /getuser arrived on 2024-03-04 07:53:11 and this is method GET server took 1281.609 to reply this request with a status code 304
a request to /api/v2/shop/getSeller arrived on 2024-03-04 07:53:18 and this is method GET server took 1.731 to reply this request with a status code 401
a request to /stripeapikey arrived on 2024-03-04 07:53:18 and this is method GET server took 0.827 to reply this request with a status code 304
a request to /api/v2/event/get-all-events arrived on 2024-03-04 07:53:18 and this is method GET server took 3.796 to reply this request with a status code 404
a request to /get-all-products arrived on 2024-03-04 07:53:19 and this is method GET server took 890.599 to reply this request with a status code 201
a request to /getuser arrived on 2024-03-04 07:53:20 and this is method GET server took 1273.891 to reply this request with a status code 304
a request to /api/v2/shop/getSeller arrived on 2024-03-04 07:53:23 and this is method GET server took 0.504 to reply this request with a status code 401
a request to /login-user arrived on 2024-03-04 07:53:34 and this is method POST server took 899.971 to reply this request with a status code 201
a request to /api/v2/shop/getSeller arrived on 2024-03-04 07:53:35 and this is method GET server took 0.509 to reply this request with a status code 401
a request to /api/v2/event/get-all-events arrived on 2024-03-04 07:53:35 and this is method GET server took 0.357 to reply this request with a status code 404
a request to /stripeapikey arrived on 2024-03-04 07:53:35 and this is method GET server took 0.699 to reply this request with a status code 304
a request to /get-all-products arrived on 2024-03-04 07:53:36 and this is method GET server took 1448.114 to reply this request with a status code 201
a request to /getuser arrived on 2024-03-04 07:53:37 and this is method GET server took 1798.328 to reply this request with a status code 304
a request to /admin-all-sellers arrived on 2024-03-04 07:53:43 and this is method GET server took 1766.983 to reply this request with a status code 201
a request to /admin-all-orders arrived on 2024-03-04 07:53:44 and this is method GET server took 2743.006 to reply this request with a status code 201
a request to /admin-all-sellers arrived on 2024-03-04 07:53:45 and this is method GET server took 1366.761 to reply this request with a status code 201
a request to /admin-all-users arrived on 2024-03-04 07:53:45 and this is method GET server took 3163.705 to reply this request with a status code 201
a request to /admin-all-sellers arrived on 2024-03-04 07:53:46 and this is method GET server took 1365.177 to reply this request with a status code 201
a request to /admin-all-users arrived on 2024-03-04 07:53:47 and this is method GET server took 2338.216 to reply this request with a status code 201
a request to /admin-all-sellers arrived on 2024-03-04 07:53:47 and this is method GET server took 1347.527 to reply this request with a status code 201
a request to /admin-all-users arrived on 2024-03-04 07:53:48 and this is method GET server took 1401.330 to reply this request with a status code 201
a request to /admin-all-users arrived on 2024-03-04 07:53:51 and this is method GET server took 1445.740 to reply this request with a status code 201
a request to /get-all-orders/65e42471f34baa817ae4feb8 arrived on 2024-03-04 07:53:52 and this is method GET server took 629.385 to reply this request with a status code 200
a request to /admin-all-sellers arrived on 2024-03-04 07:53:59 and this is method GET server took 1249.998 to reply this request with a status code 201
a request to /admin-all-users arrived on 2024-03-04 07:53:59 and this is method GET server took 1287.543 to reply this request with a status code 201
a request to /admin-all-orders arrived on 2024-03-04 07:53:59 and this is method GET server took 1610.617 to reply this request with a status code 201
a request to /admin-all-sellers arrived on 2024-03-04 07:54:00 and this is method GET server took 1242.857 to reply this request with a status code 201
a request to /admin-all-users arrived on 2024-03-04 07:54:00 and this is method GET server took 1251.581 to reply this request with a status code 201
a request to /admin-all-sellers arrived on 2024-03-04 07:54:01 and this is method GET server took 1235.077 to reply this request with a status code 201
a request to /admin-all-users arrived on 2024-03-04 07:54:02 and this is method GET server took 1238.558 to reply this request with a status code 201
a request to /admin-all-sellers arrived on 2024-03-04 07:54:03 and this is method GET server took 1268.510 to reply this request with a status code 201
a request to /admin-all-users arrived on 2024-03-04 07:54:03 and this is method GET server took 1519.015 to reply this request with a status code 201
a request to /get-all-orders/6597b5398f6b7104cb036c74 arrived on 2024-03-04 07:54:05 and this is method GET server took 1120.169 to reply this request with a status code 304
a request to /admin-all-users arrived on 2024-03-04 07:54:11 and this is method GET server took 1244.155 to reply this request with a status code 201
a request to /admin-all-sellers arrived on 2024-03-04 07:54:11 and this is method GET server took 1243.533 to reply this request with a status code 201
a request to /admin-all-orders arrived on 2024-03-04 07:54:11 and this is method GET server took 1696.687 to reply this request with a status code 201
a request to /admin-all-sellers arrived on 2024-03-04 07:54:12 and this is method GET server took 1287.702 to reply this request with a status code 201
a request to /admin-all-users arrived on 2024-03-04 07:54:13 and this is method GET server took 1264.281 to reply this request with a status code 201
a request to /admin-all-sellers arrived on 2024-03-04 07:54:14 and this is method GET server took 1295.302 to reply this request with a status code 201
a request to /admin-all-users arrived on 2024-03-04 07:54:14 and this is method GET server took 1310.678 to reply this request with a status code 201
a request to /admin-all-sellers arrived on 2024-03-04 07:54:15 and this is method GET server took 1272.726 to reply this request with a status code 201
a request to /admin-all-users arrived on 2024-03-04 07:54:15 and this is method GET server took 1296.628 to reply this request with a status code 201
a request to /get-all-orders/65d703e054e4d4f92e437910 arrived on 2024-03-04 07:54:16 and this is method GET server took 652.410 to reply this request with a status code 304
a request to /get-all-orders/65d703e054e4d4f92e437910 arrived on 2024-03-04 07:54:53 and this is method GET server took 1017.394 to reply this request with a status code 304
a request to /get-all-orders/65d703e054e4d4f92e437910 arrived on 2024-03-04 07:54:55 and this is method GET server took 1211.079 to reply this request with a status code 304
a request to /get-all-orders/65d703e054e4d4f92e437910 arrived on 2024-03-04 07:55:12 and this is method GET server took 647.759 to reply this request with a status code 304
a request to /get-all-orders/65d703e054e4d4f92e437910 arrived on 2024-03-04 07:55:25 and this is method GET server took 660.967 to reply this request with a status code 304
a request to /get-all-orders/65d703e054e4d4f92e437910 arrived on 2024-03-04 07:55:33 and this is method GET server took 666.181 to reply this request with a status code 304
a request to /get-all-orders/65d703e054e4d4f92e437910 arrived on 2024-03-04 07:55:44 and this is method GET server took 646.319 to reply this request with a status code 304
a request to /get-all-orders/65d703e054e4d4f92e437910 arrived on 2024-03-04 07:55:56 and this is method GET server took 645.812 to reply this request with a status code 304
a request to /get-all-orders/65d703e054e4d4f92e437910 arrived on 2024-03-04 07:56:07 and this is method GET server took 653.149 to reply this request with a status code 304
a request to /get-all-orders/65d703e054e4d4f92e437910 arrived on 2024-03-04 07:56:12 and this is method GET server took 662.798 to reply this request with a status code 304
a request to /get-all-orders/65d703e054e4d4f92e437910 arrived on 2024-03-04 07:56:18 and this is method GET server took 648.515 to reply this request with a status code 304
a request to /get-all-orders/65d703e054e4d4f92e437910 arrived on 2024-03-04 07:56:37 and this is method GET server took 669.841 to reply this request with a status code 304
a request to /get-all-orders/65d703e054e4d4f92e437910 arrived on 2024-03-04 07:56:38 and this is method GET server took 644.063 to reply this request with a status code 304
a request to /get-all-orders/65d703e054e4d4f92e437910 arrived on 2024-03-04 07:56:51 and this is method GET server took 649.102 to reply this request with a status code 304
a request to /get-all-orders/65d703e054e4d4f92e437910 arrived on 2024-03-04 07:56:54 and this is method GET server took 649.822 to reply this request with a status code 304
a request to /get-all-orders/65d703e054e4d4f92e437910 arrived on 2024-03-04 07:57:01 and this is method GET server took 675.476 to reply this request with a status code 304
a request to /get-all-orders/65d703e054e4d4f92e437910 arrived on 2024-03-04 07:57:15 and this is method GET server took 2763.040 to reply this request with a status code 304
a request to /get-all-orders/65d703e054e4d4f92e437910 arrived on 2024-03-04 07:57:25 and this is method GET server took 652.071 to reply this request with a status code 304
a request to /get-all-orders/65d703e054e4d4f92e437910 arrived on 2024-03-04 07:57:31 and this is method GET server took 653.382 to reply this request with a status code 304
a request to /get-all-orders/65d703e054e4d4f92e437910 arrived on 2024-03-04 07:57:43 and this is method GET server took 653.333 to reply this request with a status code 304
a request to /get-all-orders/65d703e054e4d4f92e437910 arrived on 2024-03-04 07:57:48 and this is method GET server took 671.211 to reply this request with a status code 304
a request to /get-all-orders/65d703e054e4d4f92e437910 arrived on 2024-03-04 07:57:53 and this is method GET server took 645.575 to reply this request with a status code 304
a request to /get-all-orders/65d703e054e4d4f92e437910 arrived on 2024-03-04 07:58:05 and this is method GET server took 1636.083 to reply this request with a status code 304
a request to /get-all-orders/65d703e054e4d4f92e437910 arrived on 2024-03-04 07:58:07 and this is method GET server took 2027.709 to reply this request with a status code 304
a request to /get-all-orders/65d703e054e4d4f92e437910 arrived on 2024-03-04 07:58:13 and this is method GET server took 683.950 to reply this request with a status code 304
a request to /get-all-orders/65d703e054e4d4f92e437910 arrived on 2024-03-04 07:58:24 and this is method GET server took 652.169 to reply this request with a status code 304
a request to /get-all-orders/65d703e054e4d4f92e437910 arrived on 2024-03-04 07:58:25 and this is method GET server took 655.735 to reply this request with a status code 304
a request to /get-all-orders/65d703e054e4d4f92e437910 arrived on 2024-03-04 07:58:34 and this is method GET server took 646.880 to reply this request with a status code 304
a request to /get-all-orders/65d703e054e4d4f92e437910 arrived on 2024-03-04 07:58:39 and this is method GET server took 644.036 to reply this request with a status code 304
a request to /get-all-orders/65d703e054e4d4f92e437910 arrived on 2024-03-04 08:02:24 and this is method GET server took 643.510 to reply this request with a status code 304
a request to /get-all-orders/65d703e054e4d4f92e437910 arrived on 2024-03-04 08:02:50 and this is method GET server took 648.973 to reply this request with a status code 304
a request to /get-all-orders/65d703e054e4d4f92e437910 arrived on 2024-03-04 08:03:39 and this is method GET server took 645.333 to reply this request with a status code 304
a request to /get-all-orders/65d703e054e4d4f92e437910 arrived on 2024-03-04 08:05:28 and this is method GET server took 659.067 to reply this request with a status code 304
a request to /get-all-orders/65d703e054e4d4f92e437910 arrived on 2024-03-04 08:05:50 and this is method GET server took 651.759 to reply this request with a status code 304
a request to /get-all-orders/65d703e054e4d4f92e437910 arrived on 2024-03-04 08:06:04 and this is method GET server took 644.210 to reply this request with a status code 304
a request to /get-all-orders/65d703e054e4d4f92e437910 arrived on 2024-03-04 08:06:16 and this is method GET server took 656.289 to reply this request with a status code 304
a request to /get-all-orders/65d703e054e4d4f92e437910 arrived on 2024-03-04 08:06:20 and this is method GET server took 675.188 to reply this request with a status code 304
a request to /get-all-orders/65d703e054e4d4f92e437910 arrived on 2024-03-04 08:06:21 and this is method GET server took 644.833 to reply this request with a status code 304
a request to /get-all-orders/65d703e054e4d4f92e437910 arrived on 2024-03-04 08:06:27 and this is method GET server took 646.078 to reply this request with a status code 304
a request to /get-all-orders/65d703e054e4d4f92e437910 arrived on 2024-03-04 08:06:31 and this is method GET server took 652.856 to reply this request with a status code 304
a request to /get-all-orders/65d703e054e4d4f92e437910 arrived on 2024-03-04 08:06:33 and this is method GET server took 642.644 to reply this request with a status code 304
a request to /get-all-orders/65d703e054e4d4f92e437910 arrived on 2024-03-04 08:06:40 and this is method GET server took 804.768 to reply this request with a status code 304
a request to /get-all-orders/65d703e054e4d4f92e437910 arrived on 2024-03-04 08:06:52 and this is method GET server took 644.129 to reply this request with a status code 304
a request to /get-all-orders/65d703e054e4d4f92e437910 arrived on 2024-03-04 08:06:54 and this is method GET server took 644.606 to reply this request with a status code 304
a request to /get-all-orders/65d703e054e4d4f92e437910 arrived on 2024-03-04 08:07:02 and this is method GET server took 643.657 to reply this request with a status code 304
a request to /get-all-orders/65d703e054e4d4f92e437910 arrived on 2024-03-04 08:07:14 and this is method GET server took 657.303 to reply this request with a status code 304
a request to /get-all-orders/65d703e054e4d4f92e437910 arrived on 2024-03-04 08:07:21 and this is method GET server took 645.079 to reply this request with a status code 304
a request to /get-all-orders/65d703e054e4d4f92e437910 arrived on 2024-03-04 08:07:23 and this is method GET server took 637.291 to reply this request with a status code 304
a request to /get-all-orders/65d703e054e4d4f92e437910 arrived on 2024-03-04 08:07:30 and this is method GET server took 641.015 to reply this request with a status code 304
a request to /get-all-orders/65d703e054e4d4f92e437910 arrived on 2024-03-04 08:07:31 and this is method GET server took 647.647 to reply this request with a status code 304
a request to /get-all-orders/65d703e054e4d4f92e437910 arrived on 2024-03-04 08:07:36 and this is method GET server took 640.920 to reply this request with a status code 304
a request to /get-all-orders/65d703e054e4d4f92e437910 arrived on 2024-03-04 08:07:43 and this is method GET server took 638.714 to reply this request with a status code 304
a request to /get-all-orders/65d703e054e4d4f92e437910 arrived on 2024-03-04 08:08:00 and this is method GET server took 644.564 to reply this request with a status code 304
a request to /get-all-orders/65d703e054e4d4f92e437910 arrived on 2024-03-04 08:08:01 and this is method GET server took 643.046 to reply this request with a status code 304
a request to /get-all-orders/65d703e054e4d4f92e437910 arrived on 2024-03-04 08:08:29 and this is method GET server took 658.709 to reply this request with a status code 304
a request to /get-all-orders/65d703e054e4d4f92e437910 arrived on 2024-03-04 08:08:29 and this is method GET server took 643.181 to reply this request with a status code 304
a request to /get-all-orders/65d703e054e4d4f92e437910 arrived on 2024-03-04 08:08:38 and this is method GET server took 645.003 to reply this request with a status code 304
a request to /get-all-orders/65d703e054e4d4f92e437910 arrived on 2024-03-04 08:09:20 and this is method GET server took 648.160 to reply this request with a status code 304
a request to /get-all-orders/65d703e054e4d4f92e437910 arrived on 2024-03-04 08:10:07 and this is method GET server took 642.448 to reply this request with a status code 304
a request to /get-all-orders/65d703e054e4d4f92e437910 arrived on 2024-03-04 08:10:09 and this is method GET server took 651.532 to reply this request with a status code 304
a request to /get-all-orders/65d703e054e4d4f92e437910 arrived on 2024-03-04 08:10:14 and this is method GET server took 645.583 to reply this request with a status code 304
a request to /get-all-orders/65d703e054e4d4f92e437910 arrived on 2024-03-04 08:10:16 and this is method GET server took 652.309 to reply this request with a status code 304
a request to /get-all-orders/65d703e054e4d4f92e437910 arrived on 2024-03-04 08:10:31 and this is method GET server took 644.617 to reply this request with a status code 304
a request to /get-all-orders/65d703e054e4d4f92e437910 arrived on 2024-03-04 08:10:57 and this is method GET server took 643.684 to reply this request with a status code 304
a request to /get-all-orders/65d703e054e4d4f92e437910 arrived on 2024-03-04 08:11:15 and this is method GET server took 645.349 to reply this request with a status code 304
a request to /get-all-orders/65d703e054e4d4f92e437910 arrived on 2024-03-04 08:11:29 and this is method GET server took 644.382 to reply this request with a status code 304
a request to /get-all-orders/65d703e054e4d4f92e437910 arrived on 2024-03-04 08:11:38 and this is method GET server took 650.125 to reply this request with a status code 304
a request to /get-all-orders/65d703e054e4d4f92e437910 arrived on 2024-03-04 08:11:41 and this is method GET server took 647.941 to reply this request with a status code 304
a request to /get-all-orders/65d703e054e4d4f92e437910 arrived on 2024-03-04 08:11:43 and this is method GET server took 641.851 to reply this request with a status code 304
a request to /get-all-orders/65d703e054e4d4f92e437910 arrived on 2024-03-04 08:11:59 and this is method GET server took 646.510 to reply this request with a status code 304
a request to /get-all-orders/65d703e054e4d4f92e437910 arrived on 2024-03-04 08:12:17 and this is method GET server took 698.399 to reply this request with a status code 304
a request to /get-all-orders/65d703e054e4d4f92e437910 arrived on 2024-03-04 08:12:23 and this is method GET server took 648.822 to reply this request with a status code 304
a request to /get-all-orders/65d703e054e4d4f92e437910 arrived on 2024-03-04 08:12:26 and this is method GET server took 645.379 to reply this request with a status code 304
a request to /get-all-orders/65d703e054e4d4f92e437910 arrived on 2024-03-04 08:12:37 and this is method GET server took 657.968 to reply this request with a status code 304
a request to /get-all-orders/65d703e054e4d4f92e437910 arrived on 2024-03-04 08:12:42 and this is method GET server took 644.345 to reply this request with a status code 304
a request to /get-all-orders/65d703e054e4d4f92e437910 arrived on 2024-03-04 08:12:43 and this is method GET server took 644.711 to reply this request with a status code 304
a request to /get-all-orders/65d703e054e4d4f92e437910 arrived on 2024-03-04 08:12:52 and this is method GET server took 645.743 to reply this request with a status code 304
a request to /get-all-orders/65d703e054e4d4f92e437910 arrived on 2024-03-04 08:12:54 and this is method GET server took 646.934 to reply this request with a status code 304
a request to /get-all-orders/65d703e054e4d4f92e437910 arrived on 2024-03-04 08:12:58 and this is method GET server took 646.634 to reply this request with a status code 304
a request to /get-all-orders/65d703e054e4d4f92e437910 arrived on 2024-03-04 08:13:09 and this is method GET server took 644.379 to reply this request with a status code 304
a request to /get-all-orders/65d703e054e4d4f92e437910 arrived on 2024-03-04 08:13:16 and this is method GET server took 652.399 to reply this request with a status code 304
a request to /get-all-orders/65d703e054e4d4f92e437910 arrived on 2024-03-04 08:13:41 and this is method GET server took 653.087 to reply this request with a status code 304
a request to /get-all-orders/65d703e054e4d4f92e437910 arrived on 2024-03-04 08:13:46 and this is method GET server took 656.969 to reply this request with a status code 304
a request to /get-all-orders/65d703e054e4d4f92e437910 arrived on 2024-03-04 08:13:55 and this is method GET server took 650.416 to reply this request with a status code 304
a request to /get-all-orders/65d703e054e4d4f92e437910 arrived on 2024-03-04 08:13:59 and this is method GET server took 647.120 to reply this request with a status code 304
a request to /get-all-orders/65d703e054e4d4f92e437910 arrived on 2024-03-04 08:14:15 and this is method GET server took 647.219 to reply this request with a status code 304
a request to /admin-all-users arrived on 2024-03-04 08:14:25 and this is method GET server took 1384.580 to reply this request with a status code 201
a request to /admin-all-sellers arrived on 2024-03-04 08:14:28 and this is method GET server took 4664.099 to reply this request with a status code 201
a request to /admin-all-orders arrived on 2024-03-04 08:14:29 and this is method GET server took 5355.689 to reply this request with a status code 201
a request to /admin-all-sellers arrived on 2024-03-04 08:14:29 and this is method GET server took 1176.868 to reply this request with a status code 201
a request to /admin-all-users arrived on 2024-03-04 08:14:30 and this is method GET server took 1257.865 to reply this request with a status code 201
a request to /admin-all-sellers arrived on 2024-03-04 08:14:30 and this is method GET server took 1159.390 to reply this request with a status code 201
a request to /admin-all-users arrived on 2024-03-04 08:14:31 and this is method GET server took 1240.401 to reply this request with a status code 201
a request to /admin-all-sellers arrived on 2024-03-04 08:14:31 and this is method GET server took 1158.550 to reply this request with a status code 201
a request to /admin-all-users arrived on 2024-03-04 08:14:32 and this is method GET server took 1231.988 to reply this request with a status code 201
a request to /get-all-orders/65e2bdf2f587ea86f59f01a4 arrived on 2024-03-04 08:14:37 and this is method GET server took 612.014 to reply this request with a status code 200
a request to /admin-all-users arrived on 2024-03-04 08:14:44 and this is method GET server took 1240.623 to reply this request with a status code 201
a request to /get-all-orders/65d873e5d69a7ed82215958f arrived on 2024-03-04 08:14:45 and this is method GET server took 612.877 to reply this request with a status code 304
a request to /admin-all-users arrived on 2024-03-04 08:14:51 and this is method GET server took 1234.573 to reply this request with a status code 201
a request to /get-all-orders/64da29c370ebddd933c908ee arrived on 2024-03-04 08:14:55 and this is method GET server took 613.950 to reply this request with a status code 200
a request to /admin-all-users arrived on 2024-03-04 08:15:01 and this is method GET server took 1236.890 to reply this request with a status code 201
a request to /api/v2/shop/getSeller arrived on 2024-03-04 09:57:01 and this is method GET server took 3.570 to reply this request with a status code 401
a request to /api/v2/event/get-all-events arrived on 2024-03-04 09:57:01 and this is method GET server took 3.263 to reply this request with a status code 404
a request to /stripeapikey arrived on 2024-03-04 09:57:01 and this is method GET server took 1.030 to reply this request with a status code 304
a request to /api/v2/user/getuser arrived on 2024-03-04 09:57:01 and this is method GET server took 4.703 to reply this request with a status code 400
a request to /get-all-products arrived on 2024-03-04 09:57:02 and this is method GET server took 1033.661 to reply this request with a status code 201
a request to /api/v2/shop/getSeller arrived on 2024-03-04 09:57:26 and this is method GET server took 2.541 to reply this request with a status code 401
a request to /api/v2/user/getuser arrived on 2024-03-04 09:57:26 and this is method GET server took 4.315 to reply this request with a status code 400
a request to /stripeapikey arrived on 2024-03-04 09:57:26 and this is method GET server took 0.920 to reply this request with a status code 304
a request to /api/v2/event/get-all-events arrived on 2024-03-04 09:57:26 and this is method GET server took 4.498 to reply this request with a status code 404
a request to /get-all-products arrived on 2024-03-04 09:57:28 and this is method GET server took 1581.811 to reply this request with a status code 201
a request to /api/v2/shop/getSeller arrived on 2024-03-04 09:57:30 and this is method GET server took 0.545 to reply this request with a status code 401
a request to /login-user arrived on 2024-03-04 09:57:42 and this is method POST server took 1483.353 to reply this request with a status code 201
a request to /api/v2/shop/getSeller arrived on 2024-03-04 09:57:43 and this is method GET server took 0.670 to reply this request with a status code 401
a request to /api/v2/event/get-all-events arrived on 2024-03-04 09:57:43 and this is method GET server took 0.455 to reply this request with a status code 404
a request to /stripeapikey arrived on 2024-03-04 09:57:43 and this is method GET server took 0.729 to reply this request with a status code 304
a request to /getuser arrived on 2024-03-04 09:57:44 and this is method GET server took 1370.711 to reply this request with a status code 200
a request to /get-all-products arrived on 2024-03-04 09:57:44 and this is method GET server took 1390.667 to reply this request with a status code 201
a request to /admin-all-users arrived on 2024-03-04 09:57:49 and this is method GET server took 1287.580 to reply this request with a status code 201
a request to /admin-all-sellers arrived on 2024-03-04 09:57:49 and this is method GET server took 1281.060 to reply this request with a status code 201
a request to /admin-all-orders arrived on 2024-03-04 09:57:50 and this is method GET server took 2018.324 to reply this request with a status code 201
a request to /admin-all-sellers arrived on 2024-03-04 09:57:51 and this is method GET server took 1355.471 to reply this request with a status code 201
a request to /admin-all-users arrived on 2024-03-04 09:57:51 and this is method GET server took 1377.929 to reply this request with a status code 201
a request to /admin-all-sellers arrived on 2024-03-04 09:57:52 and this is method GET server took 1281.683 to reply this request with a status code 201
a request to /admin-all-users arrived on 2024-03-04 09:57:53 and this is method GET server took 1426.847 to reply this request with a status code 201
a request to /admin-all-sellers arrived on 2024-03-04 09:57:53 and this is method GET server took 1371.719 to reply this request with a status code 201
a request to /admin-all-users arrived on 2024-03-04 09:57:55 and this is method GET server took 1840.797 to reply this request with a status code 201
a request to /api/v2/shop/getSeller arrived on 2024-03-04 09:58:11 and this is method GET server took 0.342 to reply this request with a status code 401
a request to /api/v2/event/get-all-events arrived on 2024-03-04 09:58:11 and this is method GET server took 0.596 to reply this request with a status code 404
a request to /stripeapikey arrived on 2024-03-04 09:58:11 and this is method GET server took 0.507 to reply this request with a status code 304
a request to /get-all-products arrived on 2024-03-04 09:58:13 and this is method GET server took 1305.371 to reply this request with a status code 201
a request to /getuser arrived on 2024-03-04 09:58:13 and this is method GET server took 1400.178 to reply this request with a status code 304
a request to /api/v2/shop/getSeller arrived on 2024-03-04 09:58:19 and this is method GET server took 0.328 to reply this request with a status code 401
a request to /stripeapikey arrived on 2024-03-04 09:58:19 and this is method GET server took 0.452 to reply this request with a status code 304
a request to /api/v2/event/get-all-events arrived on 2024-03-04 09:58:19 and this is method GET server took 2.024 to reply this request with a status code 404
a request to /get-all-products arrived on 2024-03-04 09:58:20 and this is method GET server took 961.608 to reply this request with a status code 201
a request to /getuser arrived on 2024-03-04 09:58:20 and this is method GET server took 1417.232 to reply this request with a status code 304
a request to /admin-all-users arrived on 2024-03-04 09:58:22 and this is method GET server took 1374.088 to reply this request with a status code 201
a request to /api/v2/shop/getSeller arrived on 2024-03-04 09:58:30 and this is method GET server took 0.740 to reply this request with a status code 401
a request to /api/v2/event/get-all-events arrived on 2024-03-04 09:58:30 and this is method GET server took 0.603 to reply this request with a status code 404
a request to /stripeapikey arrived on 2024-03-04 09:58:30 and this is method GET server took 0.301 to reply this request with a status code 304
a request to /get-all-products arrived on 2024-03-04 09:58:31 and this is method GET server took 894.040 to reply this request with a status code 201
a request to /getuser arrived on 2024-03-04 09:58:32 and this is method GET server took 1362.910 to reply this request with a status code 304
a request to /api/v2/shop/getSeller arrived on 2024-03-04 09:59:34 and this is method GET server took 0.418 to reply this request with a status code 401
a request to /stripeapikey arrived on 2024-03-04 09:59:34 and this is method GET server took 0.652 to reply this request with a status code 304
a request to /api/v2/event/get-all-events arrived on 2024-03-04 09:59:34 and this is method GET server took 2.336 to reply this request with a status code 404
a request to /get-all-products arrived on 2024-03-04 09:59:35 and this is method GET server took 908.815 to reply this request with a status code 201
a request to /getuser arrived on 2024-03-04 09:59:35 and this is method GET server took 1365.882 to reply this request with a status code 304
a request to /api/v2/shop/getSeller arrived on 2024-03-04 10:00:25 and this is method GET server took 1.248 to reply this request with a status code 401
a request to /stripeapikey arrived on 2024-03-04 10:00:25 and this is method GET server took 0.267 to reply this request with a status code 304
a request to /api/v2/event/get-all-events arrived on 2024-03-04 10:00:25 and this is method GET server took 1.284 to reply this request with a status code 404
a request to /get-all-products arrived on 2024-03-04 10:00:26 and this is method GET server took 1036.292 to reply this request with a status code 201
a request to /getuser arrived on 2024-03-04 10:00:26 and this is method GET server took 1513.262 to reply this request with a status code 304
a request to /api/v2/shop/getSeller arrived on 2024-03-04 10:01:09 and this is method GET server took 0.322 to reply this request with a status code 401
a request to /api/v2/event/get-all-events arrived on 2024-03-04 10:01:09 and this is method GET server took 2.195 to reply this request with a status code 404
a request to /stripeapikey arrived on 2024-03-04 10:01:09 and this is method GET server took 0.327 to reply this request with a status code 304
a request to /get-all-products arrived on 2024-03-04 10:01:10 and this is method GET server took 993.127 to reply this request with a status code 201
a request to /getuser arrived on 2024-03-04 10:01:11 and this is method GET server took 1441.129 to reply this request with a status code 304
a request to /api/v2/shop/getSeller arrived on 2024-03-04 10:01:43 and this is method GET server took 0.520 to reply this request with a status code 401
a request to /api/v2/event/get-all-events arrived on 2024-03-04 10:01:43 and this is method GET server took 0.450 to reply this request with a status code 404
a request to /stripeapikey arrived on 2024-03-04 10:01:43 and this is method GET server took 0.335 to reply this request with a status code 304
a request to /get-all-products arrived on 2024-03-04 10:01:44 and this is method GET server took 910.141 to reply this request with a status code 201
a request to /getuser arrived on 2024-03-04 10:01:45 and this is method GET server took 1410.869 to reply this request with a status code 304
a request to /admin-all-sellers arrived on 2024-03-04 10:01:52 and this is method GET server took 1414.728 to reply this request with a status code 201
a request to /admin-all-users arrived on 2024-03-04 10:01:53 and this is method GET server took 1919.971 to reply this request with a status code 201
a request to /admin-all-orders arrived on 2024-03-04 10:01:53 and this is method GET server took 2003.282 to reply this request with a status code 201
a request to /admin-all-sellers arrived on 2024-03-04 10:01:54 and this is method GET server took 1308.923 to reply this request with a status code 201
a request to /admin-all-users arrived on 2024-03-04 10:01:54 and this is method GET server took 1339.309 to reply this request with a status code 201
a request to /admin-all-sellers arrived on 2024-03-04 10:01:55 and this is method GET server took 1296.226 to reply this request with a status code 201
a request to /admin-all-sellers arrived on 2024-03-04 10:01:56 and this is method GET server took 1465.084 to reply this request with a status code 201
a request to /admin-all-users arrived on 2024-03-04 10:01:56 and this is method GET server took 2139.093 to reply this request with a status code 201
a request to /admin-all-users arrived on 2024-03-04 10:01:58 and this is method GET server took 1256.851 to reply this request with a status code 201
a request to /api/v2/shop/getSeller arrived on 2024-03-04 10:03:53 and this is method GET server took 0.617 to reply this request with a status code 401
a request to /stripeapikey arrived on 2024-03-04 10:03:53 and this is method GET server took 0.241 to reply this request with a status code 304
a request to /api/v2/event/get-all-events arrived on 2024-03-04 10:03:53 and this is method GET server took 1.284 to reply this request with a status code 404
a request to /get-all-products arrived on 2024-03-04 10:03:54 and this is method GET server took 976.957 to reply this request with a status code 201
a request to /getuser arrived on 2024-03-04 10:03:55 and this is method GET server took 1783.396 to reply this request with a status code 304
a request to /api/v2/shop/getSeller arrived on 2024-03-04 10:05:01 and this is method GET server took 0.415 to reply this request with a status code 401
a request to /stripeapikey arrived on 2024-03-04 10:05:01 and this is method GET server took 0.201 to reply this request with a status code 304
a request to /api/v2/event/get-all-events arrived on 2024-03-04 10:05:01 and this is method GET server took 1.004 to reply this request with a status code 404
a request to /get-all-products arrived on 2024-03-04 10:05:07 and this is method GET server took - to reply this request with a status code -
a request to /getuser arrived on 2024-03-04 10:05:07 and this is method GET server took - to reply this request with a status code -
a request to /api/v2/shop/getSeller arrived on 2024-03-04 10:05:08 and this is method GET server took 0.249 to reply this request with a status code 401
a request to /api/v2/event/get-all-events arrived on 2024-03-04 10:05:08 and this is method GET server took 0.337 to reply this request with a status code 404
a request to /stripeapikey arrived on 2024-03-04 10:05:08 and this is method GET server took 0.296 to reply this request with a status code 304
a request to /get-all-products arrived on 2024-03-04 10:05:14 and this is method GET server took 5445.062 to reply this request with a status code 201
a request to /getuser arrived on 2024-03-04 10:05:14 and this is method GET server took 5608.270 to reply this request with a status code 200
a request to /login-user arrived on 2024-03-04 10:05:21 and this is method POST server took 1089.519 to reply this request with a status code 201
a request to /api/v2/shop/getSeller arrived on 2024-03-04 10:05:22 and this is method GET server took 0.538 to reply this request with a status code 401
a request to /stripeapikey arrived on 2024-03-04 10:05:22 and this is method GET server took 0.254 to reply this request with a status code 304
a request to /api/v2/event/get-all-events arrived on 2024-03-04 10:05:22 and this is method GET server took 1.291 to reply this request with a status code 404
a request to /get-all-products arrived on 2024-03-04 10:05:23 and this is method GET server took 1013.837 to reply this request with a status code 201
a request to /getuser arrived on 2024-03-04 10:05:23 and this is method GET server took 1517.986 to reply this request with a status code 304
a request to /admin-all-sellers arrived on 2024-03-04 10:05:32 and this is method GET server took 1381.586 to reply this request with a status code 201
a request to /admin-all-users arrived on 2024-03-04 10:05:32 and this is method GET server took 1398.732 to reply this request with a status code 201
a request to /admin-all-orders arrived on 2024-03-04 10:05:33 and this is method GET server took 2006.747 to reply this request with a status code 201
a request to /admin-all-sellers arrived on 2024-03-04 10:05:34 and this is method GET server took 1276.891 to reply this request with a status code 201
a request to /admin-all-users arrived on 2024-03-04 10:05:34 and this is method GET server took 1512.883 to reply this request with a status code 201
a request to /admin-all-sellers arrived on 2024-03-04 10:05:36 and this is method GET server took 2104.914 to reply this request with a status code 201
a request to /admin-all-users arrived on 2024-03-04 10:05:36 and this is method GET server took 1350.999 to reply this request with a status code 201
a request to /admin-all-sellers arrived on 2024-03-04 10:05:37 and this is method GET server took 1519.215 to reply this request with a status code 201
a request to /admin-all-users arrived on 2024-03-04 10:05:37 and this is method GET server took 1396.543 to reply this request with a status code 201
a request to /api/v2/shop/getSeller arrived on 2024-03-04 10:06:38 and this is method GET server took 0.592 to reply this request with a status code 401
a request to /stripeapikey arrived on 2024-03-04 10:06:38 and this is method GET server took 0.418 to reply this request with a status code 304
a request to /api/v2/event/get-all-events arrived on 2024-03-04 10:06:38 and this is method GET server took 1.446 to reply this request with a status code 404
a request to /get-all-products arrived on 2024-03-04 10:06:39 and this is method GET server took 953.896 to reply this request with a status code 201
a request to /getuser arrived on 2024-03-04 10:06:39 and this is method GET server took 1443.417 to reply this request with a status code 304
a request to /api/v2/shop/getSeller arrived on 2024-03-04 10:07:30 and this is method GET server took 0.423 to reply this request with a status code 401
a request to /stripeapikey arrived on 2024-03-04 10:07:30 and this is method GET server took 0.412 to reply this request with a status code 304
a request to /api/v2/event/get-all-events arrived on 2024-03-04 10:07:30 and this is method GET server took 2.012 to reply this request with a status code 404
a request to /get-all-products arrived on 2024-03-04 10:07:31 and this is method GET server took 969.828 to reply this request with a status code 201
a request to /getuser arrived on 2024-03-04 10:07:32 and this is method GET server took 1420.311 to reply this request with a status code 304
a request to /api/v2/shop/getSeller arrived on 2024-03-04 10:08:29 and this is method GET server took 0.250 to reply this request with a status code 401
a request to /api/v2/event/get-all-events arrived on 2024-03-04 10:08:29 and this is method GET server took 0.456 to reply this request with a status code 404
a request to /stripeapikey arrived on 2024-03-04 10:08:29 and this is method GET server took 0.258 to reply this request with a status code 304
a request to /get-all-products arrived on 2024-03-04 10:08:30 and this is method GET server took 962.292 to reply this request with a status code 201
a request to /getuser arrived on 2024-03-04 10:08:30 and this is method GET server took 1412.345 to reply this request with a status code 304
a request to /api/v2/shop/getSeller arrived on 2024-03-04 10:08:54 and this is method GET server took 0.525 to reply this request with a status code 401
a request to /stripeapikey arrived on 2024-03-04 10:08:54 and this is method GET server took 0.325 to reply this request with a status code 304
a request to /api/v2/event/get-all-events arrived on 2024-03-04 10:08:54 and this is method GET server took 2.022 to reply this request with a status code 404
a request to /get-all-products arrived on 2024-03-04 10:08:55 and this is method GET server took 1011.048 to reply this request with a status code 201
a request to /getuser arrived on 2024-03-04 10:08:56 and this is method GET server took 1469.409 to reply this request with a status code 304
a request to /api/v2/shop/getSeller arrived on 2024-03-04 10:09:26 and this is method GET server took 0.594 to reply this request with a status code 401
a request to /stripeapikey arrived on 2024-03-04 10:09:26 and this is method GET server took 0.431 to reply this request with a status code 304
a request to /api/v2/event/get-all-events arrived on 2024-03-04 10:09:26 and this is method GET server took 2.108 to reply this request with a status code 404
a request to /get-all-products arrived on 2024-03-04 10:09:27 and this is method GET server took 913.825 to reply this request with a status code 201
a request to /getuser arrived on 2024-03-04 10:09:27 and this is method GET server took 1602.262 to reply this request with a status code 304
a request to /admin-all-sellers arrived on 2024-03-04 10:09:33 and this is method GET server took 1330.929 to reply this request with a status code 201
a request to /admin-all-users arrived on 2024-03-04 10:09:33 and this is method GET server took 1500.293 to reply this request with a status code 201
a request to /admin-all-orders arrived on 2024-03-04 10:09:33 and this is method GET server took 2059.184 to reply this request with a status code 201
a request to /admin-all-sellers arrived on 2024-03-04 10:09:34 and this is method GET server took 1311.716 to reply this request with a status code 201
a request to /admin-all-users arrived on 2024-03-04 10:09:35 and this is method GET server took 1386.300 to reply this request with a status code 201
a request to /admin-all-sellers arrived on 2024-03-04 10:09:36 and this is method GET server took 1633.949 to reply this request with a status code 201
a request to /admin-all-users arrived on 2024-03-04 10:09:37 and this is method GET server took 2749.819 to reply this request with a status code 201
a request to /admin-all-sellers arrived on 2024-03-04 10:09:38 and this is method GET server took 2384.953 to reply this request with a status code 201
a request to /admin-all-users arrived on 2024-03-04 10:09:39 and this is method GET server took 1408.423 to reply this request with a status code 201
a request to /api/v2/shop/getSeller arrived on 2024-03-04 10:10:33 and this is method GET server took 0.473 to reply this request with a status code 401
a request to /stripeapikey arrived on 2024-03-04 10:10:33 and this is method GET server took 0.235 to reply this request with a status code 304
a request to /api/v2/event/get-all-events arrived on 2024-03-04 10:10:33 and this is method GET server took 1.543 to reply this request with a status code 404
a request to /get-all-products arrived on 2024-03-04 10:10:34 and this is method GET server took 944.495 to reply this request with a status code 201
a request to /getuser arrived on 2024-03-04 10:10:35 and this is method GET server took 1403.136 to reply this request with a status code 304
a request to /api/v2/shop/getSeller arrived on 2024-03-04 10:11:00 and this is method GET server took 0.586 to reply this request with a status code 401
a request to /stripeapikey arrived on 2024-03-04 10:11:00 and this is method GET server took 0.263 to reply this request with a status code 304
a request to /api/v2/event/get-all-events arrived on 2024-03-04 10:11:00 and this is method GET server took 1.176 to reply this request with a status code 404
a request to /get-all-products arrived on 2024-03-04 10:11:01 and this is method GET server took 920.234 to reply this request with a status code 201
a request to /getuser arrived on 2024-03-04 10:11:02 and this is method GET server took 1404.752 to reply this request with a status code 304
a request to /api/v2/shop/getSeller arrived on 2024-03-04 10:12:16 and this is method GET server took 0.211 to reply this request with a status code 401
a request to /stripeapikey arrived on 2024-03-04 10:12:16 and this is method GET server took 0.184 to reply this request with a status code 304
a request to /api/v2/event/get-all-events arrived on 2024-03-04 10:12:16 and this is method GET server took 0.860 to reply this request with a status code 404
a request to /getuser arrived on 2024-03-04 10:12:17 and this is method GET server took - to reply this request with a status code -
a request to /get-all-products arrived on 2024-03-04 10:12:17 and this is method GET server took - to reply this request with a status code -
a request to /api/v2/shop/getSeller arrived on 2024-03-04 10:12:40 and this is method GET server took 0.429 to reply this request with a status code 401
a request to /stripeapikey arrived on 2024-03-04 10:12:40 and this is method GET server took 0.232 to reply this request with a status code 304
a request to /api/v2/event/get-all-events arrived on 2024-03-04 10:12:40 and this is method GET server took 1.020 to reply this request with a status code 404
a request to /get-all-products arrived on 2024-03-04 10:12:41 and this is method GET server took 924.836 to reply this request with a status code 201
a request to /getuser arrived on 2024-03-04 10:12:42 and this is method GET server took 1400.861 to reply this request with a status code 304
a request to /admin-all-sellers arrived on 2024-03-04 10:12:47 and this is method GET server took 1279.455 to reply this request with a status code 201
a request to /admin-all-users arrived on 2024-03-04 10:12:47 and this is method GET server took 1400.089 to reply this request with a status code 201
a request to /admin-all-orders arrived on 2024-03-04 10:12:48 and this is method GET server took 2564.823 to reply this request with a status code 201
a request to /admin-all-sellers arrived on 2024-03-04 10:12:48 and this is method GET server took 1325.051 to reply this request with a status code 201
a request to /admin-all-users arrived on 2024-03-04 10:12:49 and this is method GET server took 1392.921 to reply this request with a status code 201
a request to /admin-all-sellers arrived on 2024-03-04 10:12:52 and this is method GET server took 1374.964 to reply this request with a status code 201
a request to /admin-all-users arrived on 2024-03-04 10:12:52 and this is method GET server took 1456.318 to reply this request with a status code 201
a request to /admin-all-orders arrived on 2024-03-04 10:12:53 and this is method GET server took 2139.124 to reply this request with a status code 201
a request to /admin-all-sellers arrived on 2024-03-04 10:12:53 and this is method GET server took 1269.822 to reply this request with a status code 201
a request to /admin-all-users arrived on 2024-03-04 10:12:54 and this is method GET server took 1416.124 to reply this request with a status code 201
a request to /admin-all-sellers arrived on 2024-03-04 10:12:55 and this is method GET server took 1934.023 to reply this request with a status code 201
a request to /admin-all-users arrived on 2024-03-04 10:12:56 and this is method GET server took 1732.386 to reply this request with a status code 201
a request to /admin-all-sellers arrived on 2024-03-04 10:12:57 and this is method GET server took 1629.785 to reply this request with a status code 201
a request to /admin-all-users arrived on 2024-03-04 10:12:57 and this is method GET server took 1395.470 to reply this request with a status code 201
a request to /api/v2/shop/getSeller arrived on 2024-03-04 10:13:49 and this is method GET server took 0.494 to reply this request with a status code 401
a request to /stripeapikey arrived on 2024-03-04 10:13:49 and this is method GET server took 0.326 to reply this request with a status code 304
a request to /api/v2/event/get-all-events arrived on 2024-03-04 10:13:49 and this is method GET server took 1.423 to reply this request with a status code 404
a request to /getuser arrived on 2024-03-04 10:13:50 and this is method GET server took 1458.412 to reply this request with a status code 304
a request to /get-all-products arrived on 2024-03-04 10:13:51 and this is method GET server took 2755.795 to reply this request with a status code 201
a request to /api/v2/shop/getSeller arrived on 2024-03-04 10:14:08 and this is method GET server took 0.407 to reply this request with a status code 401
a request to /stripeapikey arrived on 2024-03-04 10:14:08 and this is method GET server took 0.270 to reply this request with a status code 304
a request to /api/v2/event/get-all-events arrived on 2024-03-04 10:14:08 and this is method GET server took 1.192 to reply this request with a status code 404
a request to /get-all-products arrived on 2024-03-04 10:14:09 and this is method GET server took 1046.817 to reply this request with a status code 201
a request to /getuser arrived on 2024-03-04 10:14:10 and this is method GET server took 1881.152 to reply this request with a status code 304
a request to /api/v2/shop/getSeller arrived on 2024-03-04 10:15:17 and this is method GET server took 0.448 to reply this request with a status code 401
a request to /stripeapikey arrived on 2024-03-04 10:15:17 and this is method GET server took 0.357 to reply this request with a status code 304
a request to /api/v2/event/get-all-events arrived on 2024-03-04 10:15:17 and this is method GET server took 2.571 to reply this request with a status code 404
a request to /getuser arrived on 2024-03-04 10:15:22 and this is method GET server took 5591.524 to reply this request with a status code 304
a request to /get-all-products arrived on 2024-03-04 10:15:22 and this is method GET server took 5585.990 to reply this request with a status code 201
a request to /api/v2/shop/getSeller arrived on 2024-03-04 10:17:00 and this is method GET server took 0.536 to reply this request with a status code 401
a request to /stripeapikey arrived on 2024-03-04 10:17:00 and this is method GET server took 0.262 to reply this request with a status code 304
a request to /api/v2/event/get-all-events arrived on 2024-03-04 10:17:00 and this is method GET server took 1.850 to reply this request with a status code 404
a request to /get-all-products arrived on 2024-03-04 10:17:01 and this is method GET server took 1128.005 to reply this request with a status code 201
a request to /getuser arrived on 2024-03-04 10:17:01 and this is method GET server took 1565.532 to reply this request with a status code 304
a request to /api/v2/shop/getSeller arrived on 2024-03-04 10:19:15 and this is method GET server took 0.472 to reply this request with a status code 401
a request to /stripeapikey arrived on 2024-03-04 10:19:15 and this is method GET server took 0.233 to reply this request with a status code 304
a request to /api/v2/event/get-all-events arrived on 2024-03-04 10:19:15 and this is method GET server took 1.127 to reply this request with a status code 404
a request to /get-all-products arrived on 2024-03-04 10:19:16 and this is method GET server took 913.424 to reply this request with a status code 201
a request to /getuser arrived on 2024-03-04 10:19:17 and this is method GET server took 1266.836 to reply this request with a status code 304
a request to /api/v2/shop/getSeller arrived on 2024-03-04 10:19:52 and this is method GET server took 0.516 to reply this request with a status code 401
a request to /stripeapikey arrived on 2024-03-04 10:19:52 and this is method GET server took 0.481 to reply this request with a status code 304
a request to /api/v2/event/get-all-events arrived on 2024-03-04 10:19:52 and this is method GET server took 2.024 to reply this request with a status code 404
a request to /get-all-products arrived on 2024-03-04 10:19:53 and this is method GET server took 918.084 to reply this request with a status code 201
a request to /getuser arrived on 2024-03-04 10:19:53 and this is method GET server took 1446.166 to reply this request with a status code 304
a request to /api/v2/shop/getSeller arrived on 2024-03-04 10:21:41 and this is method GET server took 0.454 to reply this request with a status code 401
a request to /api/v2/event/get-all-events arrived on 2024-03-04 10:21:41 and this is method GET server took 0.471 to reply this request with a status code 404
a request to /stripeapikey arrived on 2024-03-04 10:21:41 and this is method GET server took 0.274 to reply this request with a status code 304
a request to /get-all-products arrived on 2024-03-04 10:21:42 and this is method GET server took 979.805 to reply this request with a status code 201
a request to /getuser arrived on 2024-03-04 10:21:43 and this is method GET server took 1797.504 to reply this request with a status code 304
a request to /api/v2/shop/getSeller arrived on 2024-03-04 10:22:10 and this is method GET server took 0.441 to reply this request with a status code 401
a request to /stripeapikey arrived on 2024-03-04 10:22:10 and this is method GET server took 0.361 to reply this request with a status code 304
a request to /api/v2/event/get-all-events arrived on 2024-03-04 10:22:10 and this is method GET server took 1.481 to reply this request with a status code 404
a request to /get-all-products arrived on 2024-03-04 10:22:11 and this is method GET server took 913.799 to reply this request with a status code 201
a request to /getuser arrived on 2024-03-04 10:22:12 and this is method GET server took 1294.889 to reply this request with a status code 304
a request to /admin-all-users arrived on 2024-03-04 10:22:27 and this is method GET server took 1374.446 to reply this request with a status code 201
a request to /admin-all-sellers arrived on 2024-03-04 10:22:27 and this is method GET server took 1371.695 to reply this request with a status code 201
a request to /admin-all-sellers arrived on 2024-03-04 10:22:29 and this is method GET server took 1331.081 to reply this request with a status code 201
a request to /admin-all-orders arrived on 2024-03-04 10:22:32 and this is method GET server took 6367.383 to reply this request with a status code 201
a request to /admin-all-users arrived on 2024-03-04 10:22:34 and this is method GET server took 1272.856 to reply this request with a status code 201
a request to /admin-all-sellers arrived on 2024-03-04 10:22:34 and this is method GET server took 1291.759 to reply this request with a status code 201
a request to /admin-all-users arrived on 2024-03-04 10:22:35 and this is method GET server took 1274.503 to reply this request with a status code 201
a request to /admin-all-sellers arrived on 2024-03-04 10:22:35 and this is method GET server took 1291.452 to reply this request with a status code 201
a request to /admin-all-users arrived on 2024-03-04 10:22:37 and this is method GET server took 1312.675 to reply this request with a status code 201
a request to /api/v2/shop/getSeller arrived on 2024-03-04 10:25:27 and this is method GET server took 4.556 to reply this request with a status code 401
a request to /stripeapikey arrived on 2024-03-04 10:25:28 and this is method GET server took 1.485 to reply this request with a status code 304
a request to /api/v2/event/get-all-events arrived on 2024-03-04 10:25:28 and this is method GET server took 7.409 to reply this request with a status code 404
a request to /get-all-products arrived on 2024-03-04 10:25:28 and this is method GET server took 988.402 to reply this request with a status code 201
a request to /getuser arrived on 2024-03-04 10:25:29 and this is method GET server took 1370.192 to reply this request with a status code 304
a request to /api/v2/shop/getSeller arrived on 2024-03-04 14:14:18 and this is method GET server took 1.134 to reply this request with a status code 401
a request to /stripeapikey arrived on 2024-03-04 14:14:18 and this is method GET server took 0.477 to reply this request with a status code 304
a request to /api/v2/event/get-all-events arrived on 2024-03-04 14:14:18 and this is method GET server took 1.994 to reply this request with a status code 404
a request to /getuser arrived on 2024-03-04 14:14:21 and this is method GET server took - to reply this request with a status code -
a request to /get-all-products arrived on 2024-03-04 14:14:21 and this is method GET server took - to reply this request with a status code -
a request to /api/v2/shop/getSeller arrived on 2024-03-04 14:14:21 and this is method GET server took 0.515 to reply this request with a status code 401
a request to /getuser arrived on 2024-03-04 14:14:28 and this is method GET server took 6402.754 to reply this request with a status code 200
a request to /get-all-products arrived on 2024-03-04 14:14:28 and this is method GET server took 6444.559 to reply this request with a status code 201
a request to /login-user arrived on 2024-03-04 14:14:35 and this is method POST server took 774.392 to reply this request with a status code 201
a request to /api/v2/shop/getSeller arrived on 2024-03-04 14:14:36 and this is method GET server took 0.374 to reply this request with a status code 401
a request to /stripeapikey arrived on 2024-03-04 14:14:36 and this is method GET server took 0.378 to reply this request with a status code 304
a request to /api/v2/event/get-all-events arrived on 2024-03-04 14:14:36 and this is method GET server took 1.388 to reply this request with a status code 404
a request to /get-all-products arrived on 2024-03-04 14:14:37 and this is method GET server took 1017.926 to reply this request with a status code 201
a request to /getuser arrived on 2024-03-04 14:14:37 and this is method GET server took 1334.538 to reply this request with a status code 304
a request to /admin-all-sellers arrived on 2024-03-04 14:14:45 and this is method GET server took 1299.855 to reply this request with a status code 201
a request to /admin-all-users arrived on 2024-03-04 14:14:45 and this is method GET server took 1322.102 to reply this request with a status code 201
a request to /admin-all-orders arrived on 2024-03-04 14:14:46 and this is method GET server took 2214.344 to reply this request with a status code 201
a request to /admin-all-sellers arrived on 2024-03-04 14:14:46 and this is method GET server took 1257.332 to reply this request with a status code 201
a request to /admin-all-users arrived on 2024-03-04 14:14:47 and this is method GET server took 1519.576 to reply this request with a status code 201
a request to /admin-all-sellers arrived on 2024-03-04 14:14:47 and this is method GET server took 1294.778 to reply this request with a status code 201
a request to /admin-all-sellers arrived on 2024-03-04 14:14:49 and this is method GET server took 1271.187 to reply this request with a status code 201
a request to /admin-all-users arrived on 2024-03-04 14:14:49 and this is method GET server took 1493.205 to reply this request with a status code 201
a request to /admin-all-users arrived on 2024-03-04 14:14:50 and this is method GET server took 1517.494 to reply this request with a status code 201
a request to /api/v2/shop/getSeller arrived on 2024-03-04 14:16:10 and this is method GET server took 0.260 to reply this request with a status code 401
a request to /stripeapikey arrived on 2024-03-04 14:16:10 and this is method GET server took 0.308 to reply this request with a status code 304
a request to /api/v2/event/get-all-events arrived on 2024-03-04 14:16:10 and this is method GET server took 1.440 to reply this request with a status code 404
a request to /get-all-orders/65d703e054e4d4f92e437910 arrived on 2024-03-04 14:16:11 and this is method GET server took 906.720 to reply this request with a status code 304
a request to /getuser arrived on 2024-03-04 14:16:11 and this is method GET server took 1556.200 to reply this request with a status code 304
a request to /get-all-orders/65d703e054e4d4f92e437910 arrived on 2024-03-04 14:16:12 and this is method GET server took 794.743 to reply this request with a status code 304
a request to /get-all-products arrived on 2024-03-04 14:16:12 and this is method GET server took 2422.744 to reply this request with a status code 201
a request to /get-all-orders/65d703e054e4d4f92e437910 arrived on 2024-03-04 14:16:16 and this is method GET server took 841.608 to reply this request with a status code 304
a request to /get-all-orders/65d703e054e4d4f92e437910 arrived on 2024-03-04 14:16:25 and this is method GET server took 847.588 to reply this request with a status code 304
a request to /get-all-orders/65d703e054e4d4f92e437910 arrived on 2024-03-04 14:16:30 and this is method GET server took 833.178 to reply this request with a status code 304
a request to /get-all-orders/65d703e054e4d4f92e437910 arrived on 2024-03-04 14:17:09 and this is method GET server took 834.130 to reply this request with a status code 304
a request to /get-all-orders/65d703e054e4d4f92e437910 arrived on 2024-03-04 14:17:54 and this is method GET server took 1755.033 to reply this request with a status code 304
a request to /api/v2/shop/getSeller arrived on 2024-03-04 14:58:26 and this is method GET server took 0.375 to reply this request with a status code 401
a request to /stripeapikey arrived on 2024-03-04 14:58:26 and this is method GET server took 0.195 to reply this request with a status code 304
a request to /api/v2/event/get-all-events arrived on 2024-03-04 14:58:26 and this is method GET server took 0.848 to reply this request with a status code 404
a request to /getuser arrived on 2024-03-04 14:58:31 and this is method GET server took 5280.665 to reply this request with a status code 304
a request to /get-all-orders/65d703e054e4d4f92e437910 arrived on 2024-03-04 14:58:31 and this is method GET server took 5574.449 to reply this request with a status code 304
a request to /get-all-orders/65d703e054e4d4f92e437910 arrived on 2024-03-04 14:58:32 and this is method GET server took 777.011 to reply this request with a status code 304
a request to /get-all-products arrived on 2024-03-04 14:58:35 and this is method GET server took 9061.973 to reply this request with a status code 201
a request to /admin-all-sellers arrived on 2024-03-04 14:58:41 and this is method GET server took 1507.543 to reply this request with a status code 201
a request to /admin-all-users arrived on 2024-03-04 14:58:41 and this is method GET server took 1622.913 to reply this request with a status code 201
a request to /admin-all-orders arrived on 2024-03-04 14:58:42 and this is method GET server took 2546.752 to reply this request with a status code 201
a request to /admin-all-sellers arrived on 2024-03-04 14:58:42 and this is method GET server took 1431.231 to reply this request with a status code 201
a request to /admin-all-users arrived on 2024-03-04 14:58:44 and this is method GET server took 1592.382 to reply this request with a status code 201
a request to /admin-all-sellers arrived on 2024-03-04 14:58:44 and this is method GET server took 1399.888 to reply this request with a status code 201
a request to /admin-all-users arrived on 2024-03-04 14:58:45 and this is method GET server took 1570.883 to reply this request with a status code 201
a request to /admin-all-sellers arrived on 2024-03-04 14:58:45 and this is method GET server took 1383.200 to reply this request with a status code 201
a request to /admin-all-users arrived on 2024-03-04 14:58:47 and this is method GET server took 1391.977 to reply this request with a status code 201
a request to /get-all-orders/65d86571b36fc286c563b5d9 arrived on 2024-03-04 14:58:49 and this is method GET server took 649.746 to reply this request with a status code 304
a request to /admin-all-users arrived on 2024-03-04 14:58:55 and this is method GET server took 1384.138 to reply this request with a status code 201
a request to /admin-all-sellers arrived on 2024-03-04 15:00:05 and this is method GET server took 1399.984 to reply this request with a status code 201
a request to /get-all-products-shop/65e412e3c57c671a3698991b arrived on 2024-03-04 15:00:09 and this is method GET server took 774.359 to reply this request with a status code 201
a request to /get-seller-all-orders/65e412e3c57c671a3698991b arrived on 2024-03-04 15:00:09 and this is method GET server took 836.808 to reply this request with a status code 200
a request to /get-shop-info/65e412e3c57c671a3698991b arrived on 2024-03-04 15:00:09 and this is method GET server took 870.747 to reply this request with a status code 201
a request to /admin-all-sellers arrived on 2024-03-04 15:00:37 and this is method GET server took 1621.280 to reply this request with a status code 201
a request to /get-shop-info/65cd96ce0e3dd3d3c599d314 arrived on 2024-03-04 15:00:42 and this is method GET server took 798.732 to reply this request with a status code 201
a request to /get-all-products-shop/65cd96ce0e3dd3d3c599d314 arrived on 2024-03-04 15:00:42 and this is method GET server took 851.331 to reply this request with a status code 201
a request to /get-seller-all-orders/65cd96ce0e3dd3d3c599d314 arrived on 2024-03-04 15:00:43 and this is method GET server took 1987.695 to reply this request with a status code 200
a request to /admin-all-sellers arrived on 2024-03-04 15:01:03 and this is method GET server took 1513.487 to reply this request with a status code 201
