a request to /api/v2/user/getuser arrived on 2024-03-01 07:47:25 and this is method GET server took 1.882 to reply this request with a status code 401
a request to /api/v2/shop/getSeller arrived on 2024-03-01 07:47:25 and this is method GET server took 0.385 to reply this request with a status code 401
a request to /stripeapikey arrived on 2024-03-01 07:47:25 and this is method GET server took 0.244 to reply this request with a status code 200
a request to /api/v2/event/get-all-events arrived on 2024-03-01 07:47:25 and this is method GET server took 2.249 to reply this request with a status code 404
a request to /get-all-products arrived on 2024-03-01 07:47:27 and this is method GET server took - to reply this request with a status code -
a request to /api/v2/shop/getSeller arrived on 2024-03-01 09:39:57 and this is method GET server took 0.520 to reply this request with a status code 401
a request to /stripeapikey arrived on 2024-03-01 09:39:57 and this is method GET server took 0.277 to reply this request with a status code 304
a request to /api/v2/event/get-all-events arrived on 2024-03-01 09:39:57 and this is method GET server took 0.475 to reply this request with a status code 404
a request to /get-all-orders/65d873e5d69a7ed82215958f arrived on 2024-03-01 09:40:02 and this is method GET server took 5137.109 to reply this request with a status code 200
a request to /getuser arrived on 2024-03-01 09:40:03 and this is method GET server took 5726.466 to reply this request with a status code 304
a request to /get-all-orders/65d873e5d69a7ed82215958f arrived on 2024-03-01 09:40:03 and this is method GET server took 657.519 to reply this request with a status code 304
a request to /get-all-products arrived on 2024-03-01 09:40:06 and this is method GET server took 9394.868 to reply this request with a status code 201
a request to /admin-all-users arrived on 2024-03-01 09:40:09 and this is method GET server took 1458.506 to reply this request with a status code 201
a request to /get-all-orders/65d86571b36fc286c563b5d9 arrived on 2024-03-01 09:40:11 and this is method GET server took 707.166 to reply this request with a status code 200
a request to /admin-all-users arrived on 2024-03-01 09:40:14 and this is method GET server took 1405.118 to reply this request with a status code 201
a request to /get-all-orders/65d703e054e4d4f92e437910 arrived on 2024-03-01 09:40:17 and this is method GET server took 753.317 to reply this request with a status code 200
a request to /get-all-orders/6597b5398f6b7104cb036c74 arrived on 2024-03-01 09:40:27 and this is method GET server took 695.979 to reply this request with a status code 304
a request to /get-all-orders/65d703e054e4d4f92e437910 arrived on 2024-03-01 09:40:30 and this is method GET server took 737.533 to reply this request with a status code 304
a request to /get-all-orders/65d703e054e4d4f92e437910 arrived on 2024-03-01 09:41:23 and this is method GET server took 777.003 to reply this request with a status code 304
a request to /get-all-orders/65d703e054e4d4f92e437910 arrived on 2024-03-01 09:42:35 and this is method GET server took 755.421 to reply this request with a status code 304
a request to /get-all-orders/65d703e054e4d4f92e437910 arrived on 2024-03-01 09:42:38 and this is method GET server took 1954.643 to reply this request with a status code 304
a request to /get-all-orders/65d703e054e4d4f92e437910 arrived on 2024-03-01 09:42:44 and this is method GET server took 758.223 to reply this request with a status code 304
a request to /get-all-orders/65d703e054e4d4f92e437910 arrived on 2024-03-01 09:42:51 and this is method GET server took 787.861 to reply this request with a status code 304
a request to /admin-all-sellers arrived on 2024-03-01 09:43:07 and this is method GET server took 1364.173 to reply this request with a status code 201
a request to /admin-all-users arrived on 2024-03-01 09:43:07 and this is method GET server took 1425.606 to reply this request with a status code 201
a request to /admin-all-orders arrived on 2024-03-01 09:43:07 and this is method GET server took 1690.653 to reply this request with a status code 201
a request to /admin-all-sellers arrived on 2024-03-01 09:43:08 and this is method GET server took 1339.006 to reply this request with a status code 201
a request to /admin-all-users arrived on 2024-03-01 09:43:09 and this is method GET server took 1289.084 to reply this request with a status code 201
a request to /admin-all-sellers arrived on 2024-03-01 09:43:10 and this is method GET server took 1319.863 to reply this request with a status code 201
a request to /admin-all-users arrived on 2024-03-01 09:43:10 and this is method GET server took 1287.498 to reply this request with a status code 201
a request to /admin-all-sellers arrived on 2024-03-01 09:43:11 and this is method GET server took 1307.068 to reply this request with a status code 201
a request to /admin-all-users arrived on 2024-03-01 09:43:26 and this is method GET server took 1768.751 to reply this request with a status code 201
a request to /get-all-orders/65d703e054e4d4f92e437910 arrived on 2024-03-01 09:43:28 and this is method GET server took 714.379 to reply this request with a status code 304
a request to /admin-all-users arrived on 2024-03-01 09:43:31 and this is method GET server took 1341.048 to reply this request with a status code 201
a request to /admin-all-sellers arrived on 2024-03-01 09:43:31 and this is method GET server took 1321.962 to reply this request with a status code 201
a request to /admin-all-orders arrived on 2024-03-01 09:43:31 and this is method GET server took 1768.740 to reply this request with a status code 201
a request to /admin-all-users arrived on 2024-03-01 09:43:33 and this is method GET server took 1397.041 to reply this request with a status code 201
a request to /admin-all-sellers arrived on 2024-03-01 09:43:33 and this is method GET server took 2222.708 to reply this request with a status code 201
a request to /admin-all-users arrived on 2024-03-01 09:43:34 and this is method GET server took 1400.899 to reply this request with a status code 201
a request to /admin-all-sellers arrived on 2024-03-01 09:43:34 and this is method GET server took 1333.039 to reply this request with a status code 201
a request to /admin-all-users arrived on 2024-03-01 09:43:36 and this is method GET server took 1399.028 to reply this request with a status code 201
a request to /admin-all-sellers arrived on 2024-03-01 09:43:36 and this is method GET server took 1341.084 to reply this request with a status code 201
a request to /get-all-orders/65d703e054e4d4f92e437910 arrived on 2024-03-01 09:46:14 and this is method GET server took 689.070 to reply this request with a status code 304
a request to /api/v2/shop/getSeller arrived on 2024-03-01 09:46:45 and this is method GET server took 0.381 to reply this request with a status code 401
a request to /api/v2/event/get-all-events arrived on 2024-03-01 09:46:45 and this is method GET server took 0.244 to reply this request with a status code 404
a request to /stripeapikey arrived on 2024-03-01 09:46:45 and this is method GET server took 0.170 to reply this request with a status code 304
a request to /get-all-products arrived on 2024-03-01 09:46:46 and this is method GET server took 1004.333 to reply this request with a status code 201
a request to /getuser arrived on 2024-03-01 09:46:47 and this is method GET server took 1814.452 to reply this request with a status code 304
a request to /admin-all-users arrived on 2024-03-01 09:46:48 and this is method GET server took - to reply this request with a status code -
a request to /api/v2/shop/getSeller arrived on 2024-03-01 09:46:49 and this is method GET server took 0.426 to reply this request with a status code 401
a request to /stripeapikey arrived on 2024-03-01 09:46:49 and this is method GET server took 0.311 to reply this request with a status code 304
a request to /api/v2/event/get-all-events arrived on 2024-03-01 09:46:49 and this is method GET server took 1.636 to reply this request with a status code 404
a request to /get-all-products arrived on 2024-03-01 09:46:50 and this is method GET server took 980.456 to reply this request with a status code 201
a request to /getuser arrived on 2024-03-01 09:46:50 and this is method GET server took 1308.444 to reply this request with a status code 304
a request to /admin-all-users arrived on 2024-03-01 09:46:56 and this is method GET server took 1324.112 to reply this request with a status code 201
a request to /admin-all-sellers arrived on 2024-03-01 09:46:56 and this is method GET server took 1446.084 to reply this request with a status code 201
a request to /admin-all-orders arrived on 2024-03-01 09:46:56 and this is method GET server took 1710.263 to reply this request with a status code 201
a request to /admin-all-sellers arrived on 2024-03-01 09:46:58 and this is method GET server took 1448.314 to reply this request with a status code 201
a request to /admin-all-users arrived on 2024-03-01 09:46:58 and this is method GET server took 1321.078 to reply this request with a status code 201
a request to /admin-all-sellers arrived on 2024-03-01 09:46:59 and this is method GET server took 1469.838 to reply this request with a status code 201
a request to /admin-all-users arrived on 2024-03-01 09:46:59 and this is method GET server took 1620.491 to reply this request with a status code 201
a request to /admin-all-sellers arrived on 2024-03-01 09:47:00 and this is method GET server took 1425.199 to reply this request with a status code 201
a request to /admin-all-users arrived on 2024-03-01 09:47:01 and this is method GET server took 1327.511 to reply this request with a status code 201
a request to /api/v2/shop/getSeller arrived on 2024-03-01 09:49:07 and this is method GET server took 0.359 to reply this request with a status code 401
a request to /api/v2/event/get-all-events arrived on 2024-03-01 09:49:07 and this is method GET server took 0.396 to reply this request with a status code 404
a request to /stripeapikey arrived on 2024-03-01 09:49:07 and this is method GET server took 0.268 to reply this request with a status code 304
a request to /get-all-orders/65d703e054e4d4f92e437910 arrived on 2024-03-01 09:49:08 and this is method GET server took 705.345 to reply this request with a status code 304
a request to /get-all-products arrived on 2024-03-01 09:49:08 and this is method GET server took 1012.226 to reply this request with a status code 201
a request to /getuser arrived on 2024-03-01 09:49:08 and this is method GET server took 1412.427 to reply this request with a status code 304
a request to /api/v2/shop/getSeller arrived on 2024-03-01 09:49:10 and this is method GET server took 0.374 to reply this request with a status code 401
a request to /api/v2/event/get-all-events arrived on 2024-03-01 09:49:10 and this is method GET server took 0.388 to reply this request with a status code 404
a request to /stripeapikey arrived on 2024-03-01 09:49:10 and this is method GET server took 0.229 to reply this request with a status code 304
a request to /get-all-orders/65d703e054e4d4f92e437910 arrived on 2024-03-01 09:49:11 and this is method GET server took 753.431 to reply this request with a status code 304
a request to /get-all-products arrived on 2024-03-01 09:49:11 and this is method GET server took 973.933 to reply this request with a status code 201
a request to /getuser arrived on 2024-03-01 09:49:11 and this is method GET server took 1351.510 to reply this request with a status code 304
a request to /api/v2/shop/getSeller arrived on 2024-03-01 09:49:13 and this is method GET server took 0.440 to reply this request with a status code 401
a request to /api/v2/event/get-all-events arrived on 2024-03-01 09:49:13 and this is method GET server took 1.121 to reply this request with a status code 404
a request to /stripeapikey arrived on 2024-03-01 09:49:13 and this is method GET server took 0.369 to reply this request with a status code 304
a request to /get-all-orders/65d703e054e4d4f92e437910 arrived on 2024-03-01 09:49:14 and this is method GET server took 692.297 to reply this request with a status code 304
a request to /get-all-products arrived on 2024-03-01 09:49:14 and this is method GET server took 1114.742 to reply this request with a status code 201
a request to /getuser arrived on 2024-03-01 09:49:14 and this is method GET server took 1324.612 to reply this request with a status code 304
a request to /api/v2/shop/getSeller arrived on 2024-03-01 09:49:21 and this is method GET server took 0.352 to reply this request with a status code 401
a request to /stripeapikey arrived on 2024-03-01 09:49:21 and this is method GET server took 1.266 to reply this request with a status code 304
a request to /api/v2/event/get-all-events arrived on 2024-03-01 09:49:21 and this is method GET server took 2.545 to reply this request with a status code 404
a request to /get-all-orders/65d703e054e4d4f92e437910 arrived on 2024-03-01 09:49:22 and this is method GET server took 691.651 to reply this request with a status code 304
a request to /get-all-products arrived on 2024-03-01 09:49:22 and this is method GET server took 966.994 to reply this request with a status code 201
a request to /getuser arrived on 2024-03-01 09:49:22 and this is method GET server took 1407.830 to reply this request with a status code 304
a request to /api/v2/shop/getSeller arrived on 2024-03-01 09:49:24 and this is method GET server took 0.450 to reply this request with a status code 401
a request to /api/v2/event/get-all-events arrived on 2024-03-01 09:49:24 and this is method GET server took 0.542 to reply this request with a status code 404
a request to /stripeapikey arrived on 2024-03-01 09:49:24 and this is method GET server took 0.380 to reply this request with a status code 304
a request to /get-all-orders/65d703e054e4d4f92e437910 arrived on 2024-03-01 09:49:25 and this is method GET server took 729.116 to reply this request with a status code 304
a request to /get-all-products arrived on 2024-03-01 09:49:25 and this is method GET server took 973.587 to reply this request with a status code 201
a request to /getuser arrived on 2024-03-01 09:49:25 and this is method GET server took 1355.675 to reply this request with a status code 304
a request to /api/v2/shop/getSeller arrived on 2024-03-01 09:49:26 and this is method GET server took 0.454 to reply this request with a status code 401
a request to /stripeapikey arrived on 2024-03-01 09:49:26 and this is method GET server took 0.307 to reply this request with a status code 304
a request to /api/v2/event/get-all-events arrived on 2024-03-01 09:49:26 and this is method GET server took 2.007 to reply this request with a status code 404
a request to /get-all-orders/65d703e054e4d4f92e437910 arrived on 2024-03-01 09:49:27 and this is method GET server took 713.802 to reply this request with a status code 304
a request to /get-all-products arrived on 2024-03-01 09:49:27 and this is method GET server took 1003.804 to reply this request with a status code 201
a request to /getuser arrived on 2024-03-01 09:49:27 and this is method GET server took 1356.303 to reply this request with a status code 304
a request to /api/v2/shop/getSeller arrived on 2024-03-01 09:49:39 and this is method GET server took 0.503 to reply this request with a status code 401
a request to /api/v2/event/get-all-events arrived on 2024-03-01 09:49:39 and this is method GET server took 0.741 to reply this request with a status code 404
a request to /stripeapikey arrived on 2024-03-01 09:49:39 and this is method GET server took 0.310 to reply this request with a status code 304
a request to /get-all-products arrived on 2024-03-01 09:49:40 and this is method GET server took 963.259 to reply this request with a status code 201
a request to /getuser arrived on 2024-03-01 09:49:41 and this is method GET server took 1281.147 to reply this request with a status code 304
a request to /get-all-orders/65d703e054e4d4f92e437910 arrived on 2024-03-01 09:49:42 and this is method GET server took 677.255 to reply this request with a status code 304
a request to /api/v2/shop/getSeller arrived on 2024-03-01 09:50:57 and this is method GET server took 0.419 to reply this request with a status code 401
a request to /stripeapikey arrived on 2024-03-01 09:50:57 and this is method GET server took 0.209 to reply this request with a status code 304
a request to /api/v2/event/get-all-events arrived on 2024-03-01 09:50:57 and this is method GET server took 1.040 to reply this request with a status code 404
a request to /get-all-orders/65d703e054e4d4f92e437910 arrived on 2024-03-01 09:50:58 and this is method GET server took 682.218 to reply this request with a status code 304
a request to /get-all-products arrived on 2024-03-01 09:50:58 and this is method GET server took 929.772 to reply this request with a status code 201
a request to /getuser arrived on 2024-03-01 09:50:59 and this is method GET server took 1834.734 to reply this request with a status code 304
a request to /api/v2/shop/getSeller arrived on 2024-03-01 09:52:03 and this is method GET server took 0.403 to reply this request with a status code 401
a request to /stripeapikey arrived on 2024-03-01 09:52:03 and this is method GET server took 0.805 to reply this request with a status code 304
a request to /api/v2/event/get-all-events arrived on 2024-03-01 09:52:03 and this is method GET server took 1.844 to reply this request with a status code 404
a request to /get-all-orders/65d703e054e4d4f92e437910 arrived on 2024-03-01 09:52:04 and this is method GET server took 736.498 to reply this request with a status code 304
a request to /get-all-products arrived on 2024-03-01 09:52:04 and this is method GET server took 967.472 to reply this request with a status code 201
a request to /getuser arrived on 2024-03-01 09:52:05 and this is method GET server took 1797.702 to reply this request with a status code 304
a request to /get-all-orders/65d703e054e4d4f92e437910 arrived on 2024-03-01 09:52:06 and this is method GET server took 705.777 to reply this request with a status code 304
a request to /admin-all-users arrived on 2024-03-01 09:52:28 and this is method GET server took 1377.035 to reply this request with a status code 201
a request to /admin-all-sellers arrived on 2024-03-01 09:52:28 and this is method GET server took 1377.066 to reply this request with a status code 201
a request to /admin-all-orders arrived on 2024-03-01 09:52:28 and this is method GET server took 1757.855 to reply this request with a status code 201
a request to /admin-all-sellers arrived on 2024-03-01 09:52:29 and this is method GET server took 1347.342 to reply this request with a status code 201
a request to /admin-all-users arrived on 2024-03-01 09:52:30 and this is method GET server took 1417.816 to reply this request with a status code 201
a request to /admin-all-sellers arrived on 2024-03-01 09:52:30 and this is method GET server took 1304.160 to reply this request with a status code 201
a request to /admin-all-users arrived on 2024-03-01 09:52:31 and this is method GET server took 1414.793 to reply this request with a status code 201
a request to /admin-all-sellers arrived on 2024-03-01 09:52:32 and this is method GET server took 1347.279 to reply this request with a status code 201
a request to /admin-all-users arrived on 2024-03-01 09:52:33 and this is method GET server took 1486.014 to reply this request with a status code 201
a request to /get-all-orders/65d703e054e4d4f92e437910 arrived on 2024-03-01 09:52:33 and this is method GET server took 705.745 to reply this request with a status code 304
a request to /get-all-orders/65d703e054e4d4f92e437910 arrived on 2024-03-01 09:54:39 and this is method GET server took 981.917 to reply this request with a status code 304
a request to /api/v2/shop/getSeller arrived on 2024-03-01 09:56:45 and this is method GET server took 0.417 to reply this request with a status code 401
a request to /stripeapikey arrived on 2024-03-01 09:56:45 and this is method GET server took 0.848 to reply this request with a status code 304
a request to /api/v2/event/get-all-events arrived on 2024-03-01 09:56:45 and this is method GET server took 2.336 to reply this request with a status code 404
a request to /get-all-products arrived on 2024-03-01 09:56:46 and this is method GET server took 1588.506 to reply this request with a status code 201
a request to /getuser arrived on 2024-03-01 09:56:46 and this is method GET server took 1827.814 to reply this request with a status code 304
a request to /get-all-orders/65d703e054e4d4f92e437910 arrived on 2024-03-01 09:56:47 and this is method GET server took 675.053 to reply this request with a status code 200
a request to /api/v2/shop/getSeller arrived on 2024-03-01 09:57:13 and this is method GET server took 0.497 to reply this request with a status code 401
a request to /stripeapikey arrived on 2024-03-01 09:57:13 and this is method GET server took 0.288 to reply this request with a status code 304
a request to /api/v2/event/get-all-events arrived on 2024-03-01 09:57:13 and this is method GET server took 1.462 to reply this request with a status code 404
a request to /get-all-products arrived on 2024-03-01 09:57:14 and this is method GET server took 1009.420 to reply this request with a status code 201
a request to /getuser arrived on 2024-03-01 09:57:14 and this is method GET server took 1311.630 to reply this request with a status code 304
a request to /get-all-orders/65d703e054e4d4f92e437910 arrived on 2024-03-01 09:57:15 and this is method GET server took 689.338 to reply this request with a status code 200
a request to /get-all-orders/65d703e054e4d4f92e437910 arrived on 2024-03-01 09:58:28 and this is method GET server took 627.762 to reply this request with a status code 304
a request to /get-all-orders/65d703e054e4d4f92e437910 arrived on 2024-03-01 09:59:09 and this is method GET server took 688.532 to reply this request with a status code 304
a request to /get-all-orders/65d703e054e4d4f92e437910 arrived on 2024-03-01 15:00:47 and this is method GET server took 6045.390 to reply this request with a status code 304
a request to /admin-all-users arrived on 2024-03-01 15:00:51 and this is method GET server took 2193.446 to reply this request with a status code 201
a request to /admin-all-sellers arrived on 2024-03-01 15:00:55 and this is method GET server took 6749.335 to reply this request with a status code 201
a request to /get-all-orders/65d703e054e4d4f92e437910 arrived on 2024-03-01 15:00:56 and this is method GET server took 1130.077 to reply this request with a status code 304
a request to /admin-all-orders arrived on 2024-03-01 15:00:57 and this is method GET server took 8120.392 to reply this request with a status code 201
a request to /admin-all-sellers arrived on 2024-03-01 15:00:57 and this is method GET server took 1405.718 to reply this request with a status code 201
a request to /admin-all-users arrived on 2024-03-01 15:02:37 and this is method GET server took 1454.039 to reply this request with a status code 201
a request to /admin-all-sellers arrived on 2024-03-01 15:02:37 and this is method GET server took 1969.784 to reply this request with a status code 201
a request to /admin-all-orders arrived on 2024-03-01 15:02:38 and this is method GET server took 2065.660 to reply this request with a status code 201
a request to /admin-all-sellers arrived on 2024-03-01 15:02:39 and this is method GET server took 1491.041 to reply this request with a status code 201
a request to /admin-all-users arrived on 2024-03-01 15:02:39 and this is method GET server took 1739.104 to reply this request with a status code 201
a request to /admin-all-sellers arrived on 2024-03-01 15:02:40 and this is method GET server took 1458.809 to reply this request with a status code 201
a request to /admin-all-users arrived on 2024-03-01 15:02:41 and this is method GET server took 1710.223 to reply this request with a status code 201
a request to /admin-all-sellers arrived on 2024-03-01 15:02:42 and this is method GET server took 1496.099 to reply this request with a status code 201
a request to /get-all-orders/65d86571b36fc286c563b5d9 arrived on 2024-03-01 15:02:43 and this is method GET server took 766.488 to reply this request with a status code 304
a request to /admin-all-users arrived on 2024-03-01 15:02:43 and this is method GET server took 1763.619 to reply this request with a status code 201
a request to /admin-all-sellers arrived on 2024-03-01 15:02:47 and this is method GET server took 1510.921 to reply this request with a status code 201
a request to /admin-all-users arrived on 2024-03-01 15:02:47 and this is method GET server took 1581.540 to reply this request with a status code 201
a request to /admin-all-orders arrived on 2024-03-01 15:02:47 and this is method GET server took 1871.755 to reply this request with a status code 201
a request to /admin-all-users arrived on 2024-03-01 15:02:49 and this is method GET server took 1580.285 to reply this request with a status code 201
a request to /admin-all-sellers arrived on 2024-03-01 15:02:50 and this is method GET server took 2816.955 to reply this request with a status code 201
a request to /admin-all-users arrived on 2024-03-01 15:02:50 and this is method GET server took 1548.548 to reply this request with a status code 201
a request to /get-all-orders/65d703e054e4d4f92e437910 arrived on 2024-03-01 15:02:50 and this is method GET server took 762.691 to reply this request with a status code 304
a request to /admin-all-sellers arrived on 2024-03-01 15:02:51 and this is method GET server took 1570.567 to reply this request with a status code 201
a request to /admin-all-users arrived on 2024-03-01 15:02:52 and this is method GET server took 1535.588 to reply this request with a status code 201
a request to /admin-all-sellers arrived on 2024-03-01 15:02:53 and this is method GET server took 1634.647 to reply this request with a status code 201
a request to /admin-all-orders arrived on 2024-03-01 15:02:53 and this is method GET server took 1890.166 to reply this request with a status code 201
a request to /admin-all-users arrived on 2024-03-01 15:02:54 and this is method GET server took 1739.942 to reply this request with a status code 201
a request to /admin-all-sellers arrived on 2024-03-01 15:02:54 and this is method GET server took 1644.358 to reply this request with a status code 201
a request to /admin-all-users arrived on 2024-03-01 15:02:56 and this is method GET server took 2359.234 to reply this request with a status code 201
a request to /admin-all-sellers arrived on 2024-03-01 15:02:56 and this is method GET server took 1724.486 to reply this request with a status code 201
a request to /admin-all-users arrived on 2024-03-01 15:02:58 and this is method GET server took 1758.207 to reply this request with a status code 201
a request to /admin-all-sellers arrived on 2024-03-01 15:02:58 and this is method GET server took 1753.719 to reply this request with a status code 201
a request to /admin-all-sellers arrived on 2024-03-01 15:03:00 and this is method GET server took 1782.584 to reply this request with a status code 201
a request to /admin-all-users arrived on 2024-03-01 15:03:58 and this is method GET server took 1976.402 to reply this request with a status code 201
a request to /get-all-orders/65c064a2984e389dbb71d0d3 arrived on 2024-03-01 15:04:01 and this is method GET server took 1221.497 to reply this request with a status code 200
a request to /admin-all-sellers arrived on 2024-03-01 15:05:03 and this is method GET server took 1439.549 to reply this request with a status code 201
a request to /admin-all-users arrived on 2024-03-01 15:05:03 and this is method GET server took 1463.722 to reply this request with a status code 201
a request to /admin-all-orders arrived on 2024-03-01 15:05:03 and this is method GET server took 2000.936 to reply this request with a status code 201
a request to /admin-all-sellers arrived on 2024-03-01 15:05:04 and this is method GET server took 1518.000 to reply this request with a status code 201
a request to /admin-all-users arrived on 2024-03-01 15:05:05 and this is method GET server took 2295.286 to reply this request with a status code 201
a request to /admin-all-sellers arrived on 2024-03-01 15:05:06 and this is method GET server took 1475.367 to reply this request with a status code 201
a request to /admin-all-users arrived on 2024-03-01 15:05:07 and this is method GET server took 1397.337 to reply this request with a status code 201
a request to /admin-all-sellers arrived on 2024-03-01 15:05:07 and this is method GET server took 1467.361 to reply this request with a status code 201
a request to /admin-all-users arrived on 2024-03-01 15:05:08 and this is method GET server took 1461.553 to reply this request with a status code 201
a request to /get-all-orders/65d703e054e4d4f92e437910 arrived on 2024-03-01 15:05:09 and this is method GET server took 798.429 to reply this request with a status code 304
a request to /admin-all-users arrived on 2024-03-01 15:05:18 and this is method GET server took 1392.917 to reply this request with a status code 201
a request to /admin-all-sellers arrived on 2024-03-01 15:05:18 and this is method GET server took 1504.652 to reply this request with a status code 201
a request to /admin-all-orders arrived on 2024-03-01 15:05:21 and this is method GET server took 3788.621 to reply this request with a status code 201
a request to /admin-all-sellers arrived on 2024-03-01 15:05:21 and this is method GET server took 2453.437 to reply this request with a status code 201
a request to /admin-all-users arrived on 2024-03-01 15:05:21 and this is method GET server took 1368.152 to reply this request with a status code 201
a request to /get-all-orders/65d703e054e4d4f92e437910 arrived on 2024-03-01 15:05:30 and this is method GET server took 757.926 to reply this request with a status code 304
a request to /admin-all-users arrived on 2024-03-01 15:05:35 and this is method GET server took 1553.210 to reply this request with a status code 201
a request to /admin-all-sellers arrived on 2024-03-01 15:05:35 and this is method GET server took 1621.744 to reply this request with a status code 201
a request to /admin-all-orders arrived on 2024-03-01 15:05:37 and this is method GET server took 3098.865 to reply this request with a status code 201
a request to /admin-all-users arrived on 2024-03-01 15:05:38 and this is method GET server took 1549.475 to reply this request with a status code 201
a request to /admin-all-sellers arrived on 2024-03-01 15:05:38 and this is method GET server took 3047.542 to reply this request with a status code 201
a request to /admin-all-products arrived on 2024-03-01 15:05:47 and this is method GET server took 1713.563 to reply this request with a status code 201
a request to /get-all-products-shop/null arrived on 2024-03-01 15:05:50 and this is method GET server took 757.355 to reply this request with a status code 201
a request to /get-all-products-shop/65d75458c3a79c8fba3b7f86 arrived on 2024-03-01 15:05:50 and this is method GET server took 737.536 to reply this request with a status code 201
a request to /admin-all-products arrived on 2024-03-01 15:05:56 and this is method GET server took 2131.444 to reply this request with a status code 201
a request to /admin-all-users arrived on 2024-03-01 15:05:57 and this is method GET server took 1453.778 to reply this request with a status code 201
a request to /get-all-orders/65d703e054e4d4f92e437910 arrived on 2024-03-01 15:05:59 and this is method GET server took 699.555 to reply this request with a status code 304
a request to /get-all-orders/65d703e054e4d4f92e437910 arrived on 2024-03-01 15:06:31 and this is method GET server took 778.910 to reply this request with a status code 304
a request to /get-all-orders/65d703e054e4d4f92e437910 arrived on 2024-03-01 15:06:33 and this is method GET server took 737.385 to reply this request with a status code 304
a request to /admin-all-sellers arrived on 2024-03-01 15:06:48 and this is method GET server took 1495.764 to reply this request with a status code 201
a request to /admin-all-users arrived on 2024-03-01 15:06:48 and this is method GET server took 1883.107 to reply this request with a status code 201
a request to /admin-all-orders arrived on 2024-03-01 15:06:49 and this is method GET server took 2524.889 to reply this request with a status code 201
a request to /admin-all-sellers arrived on 2024-03-01 15:06:49 and this is method GET server took 1460.038 to reply this request with a status code 201
a request to /admin-all-users arrived on 2024-03-01 15:06:50 and this is method GET server took 1461.451 to reply this request with a status code 201
a request to /admin-all-sellers arrived on 2024-03-01 15:06:51 and this is method GET server took 1459.680 to reply this request with a status code 201
a request to /admin-all-users arrived on 2024-03-01 15:06:52 and this is method GET server took 1502.748 to reply this request with a status code 201
a request to /admin-all-sellers arrived on 2024-03-01 15:06:52 and this is method GET server took 1497.206 to reply this request with a status code 201
a request to /get-all-orders/65d703e054e4d4f92e437910 arrived on 2024-03-01 15:31:57 and this is method GET server took 5526.722 to reply this request with a status code 304
a request to /admin-all-users arrived on 2024-03-01 15:32:00 and this is method GET server took 11881.137 to reply this request with a status code 201
a request to /get-all-orders/65d703e054e4d4f92e437910 arrived on 2024-03-01 15:32:59 and this is method GET server took 741.204 to reply this request with a status code 304
a request to /api/v2/shop/getSeller arrived on 2024-03-01 15:33:03 and this is method GET server took 0.645 to reply this request with a status code 401
a request to /api/v2/event/get-all-events arrived on 2024-03-01 15:33:03 and this is method GET server took 0.503 to reply this request with a status code 404
a request to /stripeapikey arrived on 2024-03-01 15:33:03 and this is method GET server took 0.253 to reply this request with a status code 304
a request to /get-all-products arrived on 2024-03-01 15:33:04 and this is method GET server took 1061.129 to reply this request with a status code 201
a request to /getuser arrived on 2024-03-01 15:33:04 and this is method GET server took 1427.540 to reply this request with a status code 304
a request to /get-all-orders/65d703e054e4d4f92e437910 arrived on 2024-03-01 15:33:05 and this is method GET server took 759.189 to reply this request with a status code 304
a request to /get-all-orders/65d703e054e4d4f92e437910 arrived on 2024-03-01 15:36:07 and this is method GET server took 770.406 to reply this request with a status code 304
a request to /get-all-orders/65d703e054e4d4f92e437910 arrived on 2024-03-01 15:36:21 and this is method GET server took 1598.696 to reply this request with a status code 304
a request to /get-all-orders/65d703e054e4d4f92e437910 arrived on 2024-03-01 15:36:46 and this is method GET server took 881.493 to reply this request with a status code 304
a request to /api/v2/shop/getSeller arrived on 2024-03-01 15:37:16 and this is method GET server took 0.413 to reply this request with a status code 401
a request to /stripeapikey arrived on 2024-03-01 15:37:16 and this is method GET server took 0.267 to reply this request with a status code 304
a request to /api/v2/event/get-all-events arrived on 2024-03-01 15:37:16 and this is method GET server took 3.337 to reply this request with a status code 404
a request to /get-all-products arrived on 2024-03-01 15:37:17 and this is method GET server took 1160.038 to reply this request with a status code 201
a request to /getuser arrived on 2024-03-01 15:37:18 and this is method GET server took 2030.822 to reply this request with a status code 304
a request to /get-all-orders/65d703e054e4d4f92e437910 arrived on 2024-03-01 15:37:54 and this is method GET server took 729.359 to reply this request with a status code 304
a request to /get-all-orders/65d703e054e4d4f92e437910 arrived on 2024-03-01 15:38:06 and this is method GET server took 737.337 to reply this request with a status code 304
a request to /get-all-orders/65d703e054e4d4f92e437910 arrived on 2024-03-01 15:38:16 and this is method GET server took 920.210 to reply this request with a status code 304
a request to /get-all-orders/65d703e054e4d4f92e437910 arrived on 2024-03-01 15:38:37 and this is method GET server took 1082.903 to reply this request with a status code 304
a request to /get-all-orders/65d703e054e4d4f92e437910 arrived on 2024-03-01 15:38:46 and this is method GET server took 758.166 to reply this request with a status code 304
a request to /get-all-orders/65d703e054e4d4f92e437910 arrived on 2024-03-01 15:39:17 and this is method GET server took 847.983 to reply this request with a status code 304
a request to /get-all-orders/65d703e054e4d4f92e437910 arrived on 2024-03-01 15:39:19 and this is method GET server took 1422.232 to reply this request with a status code 304
a request to /get-all-orders/65d703e054e4d4f92e437910 arrived on 2024-03-01 15:39:24 and this is method GET server took 763.558 to reply this request with a status code 304
a request to /get-all-orders/65d703e054e4d4f92e437910 arrived on 2024-03-01 15:39:25 and this is method GET server took 759.506 to reply this request with a status code 304
a request to /get-all-orders/65d703e054e4d4f92e437910 arrived on 2024-03-01 15:39:39 and this is method GET server took 853.115 to reply this request with a status code 304
a request to /get-all-orders/65d703e054e4d4f92e437910 arrived on 2024-03-01 15:40:06 and this is method GET server took 907.610 to reply this request with a status code 304
a request to /api/v2/shop/getSeller arrived on 2024-03-01 15:40:11 and this is method GET server took 0.352 to reply this request with a status code 401
a request to /stripeapikey arrived on 2024-03-01 15:40:11 and this is method GET server took 0.305 to reply this request with a status code 304
a request to /api/v2/event/get-all-events arrived on 2024-03-01 15:40:11 and this is method GET server took 1.323 to reply this request with a status code 404
a request to /get-all-products arrived on 2024-03-01 15:40:12 and this is method GET server took 963.137 to reply this request with a status code 201
a request to /getuser arrived on 2024-03-01 15:40:12 and this is method GET server took 1380.575 to reply this request with a status code 304
a request to /get-all-orders/65d703e054e4d4f92e437910 arrived on 2024-03-01 15:40:13 and this is method GET server took 919.155 to reply this request with a status code 304
a request to /api/v2/shop/getSeller arrived on 2024-03-01 15:40:22 and this is method GET server took 0.447 to reply this request with a status code 401
a request to /stripeapikey arrived on 2024-03-01 15:40:22 and this is method GET server took 0.395 to reply this request with a status code 304
a request to /api/v2/event/get-all-events arrived on 2024-03-01 15:40:22 and this is method GET server took 1.928 to reply this request with a status code 404
a request to /get-all-products arrived on 2024-03-01 15:40:23 and this is method GET server took 1188.077 to reply this request with a status code 201
a request to /getuser arrived on 2024-03-01 15:40:23 and this is method GET server took 1376.036 to reply this request with a status code 304
a request to /get-all-orders/65d703e054e4d4f92e437910 arrived on 2024-03-01 15:40:24 and this is method GET server took 763.623 to reply this request with a status code 304
a request to /get-all-orders/65d703e054e4d4f92e437910 arrived on 2024-03-01 15:40:44 and this is method GET server took 746.644 to reply this request with a status code 304
a request to /get-all-orders/65d703e054e4d4f92e437910 arrived on 2024-03-01 15:40:52 and this is method GET server took 732.779 to reply this request with a status code 304
a request to /api/v2/shop/getSeller arrived on 2024-03-01 15:40:58 and this is method GET server took 0.416 to reply this request with a status code 401
a request to /stripeapikey arrived on 2024-03-01 15:40:58 and this is method GET server took 0.195 to reply this request with a status code 304
a request to /api/v2/event/get-all-events arrived on 2024-03-01 15:40:58 and this is method GET server took 0.939 to reply this request with a status code 404
a request to /get-all-products arrived on 2024-03-01 15:40:59 and this is method GET server took 975.213 to reply this request with a status code 201
a request to /getuser arrived on 2024-03-01 15:41:00 and this is method GET server took 1374.676 to reply this request with a status code 304
a request to /get-all-orders/65d703e054e4d4f92e437910 arrived on 2024-03-01 15:41:02 and this is method GET server took 1812.986 to reply this request with a status code 304
a request to /get-all-orders/65d703e054e4d4f92e437910 arrived on 2024-03-01 15:41:13 and this is method GET server took 739.619 to reply this request with a status code 304
a request to /get-all-orders/65d703e054e4d4f92e437910 arrived on 2024-03-01 15:41:20 and this is method GET server took 1288.093 to reply this request with a status code 304
a request to /get-all-orders/65d703e054e4d4f92e437910 arrived on 2024-03-01 15:41:22 and this is method GET server took 1163.576 to reply this request with a status code 304
a request to /get-all-orders/65d703e054e4d4f92e437910 arrived on 2024-03-01 15:41:52 and this is method GET server took 1106.641 to reply this request with a status code 304
a request to /get-all-orders/65d703e054e4d4f92e437910 arrived on 2024-03-01 15:41:54 and this is method GET server took 1393.321 to reply this request with a status code 304
a request to /get-all-orders/65d703e054e4d4f92e437910 arrived on 2024-03-01 15:42:00 and this is method GET server took 1073.370 to reply this request with a status code 304
a request to /admin-all-sellers arrived on 2024-03-01 15:42:03 and this is method GET server took 1307.206 to reply this request with a status code 201
a request to /admin-all-users arrived on 2024-03-01 15:42:04 and this is method GET server took 2143.644 to reply this request with a status code 201
a request to /admin-all-sellers arrived on 2024-03-01 15:42:05 and this is method GET server took 1293.394 to reply this request with a status code 201
a request to /admin-all-users arrived on 2024-03-01 15:42:08 and this is method GET server took 1371.869 to reply this request with a status code 201
a request to /admin-all-orders arrived on 2024-03-01 15:42:09 and this is method GET server took 6838.691 to reply this request with a status code 201
a request to /get-all-orders/65d703e054e4d4f92e437910 arrived on 2024-03-01 15:42:09 and this is method GET server took 765.228 to reply this request with a status code 304
a request to /get-all-orders/65d703e054e4d4f92e437910 arrived on 2024-03-01 15:42:42 and this is method GET server took 704.276 to reply this request with a status code 304
a request to /get-all-orders/65d703e054e4d4f92e437910 arrived on 2024-03-01 15:42:43 and this is method GET server took 767.801 to reply this request with a status code 304
a request to /api/v2/shop/getSeller arrived on 2024-03-01 15:42:48 and this is method GET server took 0.461 to reply this request with a status code 401
a request to /stripeapikey arrived on 2024-03-01 15:42:48 and this is method GET server took 0.371 to reply this request with a status code 304
a request to /api/v2/event/get-all-events arrived on 2024-03-01 15:42:48 and this is method GET server took 1.685 to reply this request with a status code 404
a request to /get-all-products arrived on 2024-03-01 15:42:49 and this is method GET server took 1125.193 to reply this request with a status code 201
a request to /getuser arrived on 2024-03-01 15:42:50 and this is method GET server took 1518.595 to reply this request with a status code 304
a request to /get-all-orders/65d703e054e4d4f92e437910 arrived on 2024-03-01 15:42:51 and this is method GET server took 773.748 to reply this request with a status code 304
a request to /get-all-orders/65d703e054e4d4f92e437910 arrived on 2024-03-01 15:42:59 and this is method GET server took 855.886 to reply this request with a status code 304
a request to /get-all-orders/65d703e054e4d4f92e437910 arrived on 2024-03-01 15:43:15 and this is method GET server took 834.573 to reply this request with a status code 304
a request to /get-all-orders/65d703e054e4d4f92e437910 arrived on 2024-03-01 15:43:20 and this is method GET server took 819.850 to reply this request with a status code 304
a request to /get-all-orders/65d703e054e4d4f92e437910 arrived on 2024-03-01 15:43:26 and this is method GET server took 796.399 to reply this request with a status code 304
a request to /get-all-orders/65d703e054e4d4f92e437910 arrived on 2024-03-01 15:43:28 and this is method GET server took 786.507 to reply this request with a status code 304
a request to /get-all-orders/65d703e054e4d4f92e437910 arrived on 2024-03-01 15:43:49 and this is method GET server took 749.546 to reply this request with a status code 304
a request to /get-all-orders/65d703e054e4d4f92e437910 arrived on 2024-03-01 15:43:55 and this is method GET server took 734.574 to reply this request with a status code 304
a request to /get-all-orders/65d703e054e4d4f92e437910 arrived on 2024-03-01 15:44:33 and this is method GET server took 703.753 to reply this request with a status code 304
a request to /api/v2/shop/getSeller arrived on 2024-03-01 15:44:38 and this is method GET server took 0.239 to reply this request with a status code 401
a request to /stripeapikey arrived on 2024-03-01 15:44:38 and this is method GET server took 0.187 to reply this request with a status code 304
a request to /api/v2/event/get-all-events arrived on 2024-03-01 15:44:38 and this is method GET server took 0.859 to reply this request with a status code 404
a request to /get-all-products arrived on 2024-03-01 15:44:39 and this is method GET server took 984.069 to reply this request with a status code 201
a request to /getuser arrived on 2024-03-01 15:44:39 and this is method GET server took 1333.939 to reply this request with a status code 304
a request to /get-all-orders/65d703e054e4d4f92e437910 arrived on 2024-03-01 15:44:40 and this is method GET server took 687.222 to reply this request with a status code 304
a request to /get-all-orders/65d703e054e4d4f92e437910 arrived on 2024-03-01 15:44:52 and this is method GET server took 689.376 to reply this request with a status code 304
