a request to /api/v2/event/get-all-events arrived on 2024-02-29 14:38:25 and this is method GET server took 2.441 to reply this request with a status code 404
a request to /stripeapikey arrived on 2024-02-29 14:38:25 and this is method GET server took 5.365 to reply this request with a status code 304
a request to /api/v2/user/getuser arrived on 2024-02-29 14:38:25 and this is method GET server took 1.137 to reply this request with a status code 401
a request to /api/v2/shop/getSeller arrived on 2024-02-29 14:38:25 and this is method GET server took 0.765 to reply this request with a status code 401
a request to /get-all-products arrived on 2024-02-29 14:38:26 and this is method GET server took 1347.688 to reply this request with a status code 201
a request to /api/v2/user/getuser arrived on 2024-02-29 14:38:44 and this is method GET server took 1.075 to reply this request with a status code 401
a request to /api/v2/shop/getSeller arrived on 2024-02-29 14:38:44 and this is method GET server took 0.956 to reply this request with a status code 401
a request to /stripeapikey arrived on 2024-02-29 14:38:44 and this is method GET server took 0.508 to reply this request with a status code 304
a request to /api/v2/event/get-all-events arrived on 2024-02-29 14:38:44 and this is method GET server took 2.222 to reply this request with a status code 404
a request to /get-all-products arrived on 2024-02-29 14:38:45 and this is method GET server took 1378.253 to reply this request with a status code 201
a request to /api/v2/user/getuser arrived on 2024-02-29 14:38:48 and this is method GET server took 0.630 to reply this request with a status code 401
a request to /api/v2/shop/getSeller arrived on 2024-02-29 14:38:48 and this is method GET server took 1.208 to reply this request with a status code 401
a request to /login-user arrived on 2024-02-29 14:38:55 and this is method POST server took 949.538 to reply this request with a status code 201
a request to /api/v2/shop/getSeller arrived on 2024-02-29 14:38:58 and this is method GET server took 0.394 to reply this request with a status code 401
a request to /stripeapikey arrived on 2024-02-29 14:38:58 and this is method GET server took 0.504 to reply this request with a status code 304
a request to /api/v2/event/get-all-events arrived on 2024-02-29 14:38:58 and this is method GET server took 1.672 to reply this request with a status code 404
a request to /get-all-products arrived on 2024-02-29 14:38:59 and this is method GET server took 1393.261 to reply this request with a status code 201
a request to /getuser arrived on 2024-02-29 14:39:00 and this is method GET server took 1881.806 to reply this request with a status code 200
a request to /admin-all-users arrived on 2024-02-29 14:39:05 and this is method GET server took 1679.750 to reply this request with a status code 201
a request to /admin-all-sellers arrived on 2024-02-29 14:39:05 and this is method GET server took 1774.470 to reply this request with a status code 201
a request to /admin-all-orders arrived on 2024-02-29 14:39:06 and this is method GET server took 2210.292 to reply this request with a status code 201
a request to /admin-all-sellers arrived on 2024-02-29 14:39:07 and this is method GET server took 1708.038 to reply this request with a status code 201
a request to /admin-all-users arrived on 2024-02-29 14:39:07 and this is method GET server took 1514.209 to reply this request with a status code 201
a request to /admin-all-sellers arrived on 2024-02-29 14:39:09 and this is method GET server took 1707.529 to reply this request with a status code 201
a request to /admin-all-users arrived on 2024-02-29 14:39:09 and this is method GET server took 1566.436 to reply this request with a status code 201
a request to /admin-all-sellers arrived on 2024-02-29 14:39:10 and this is method GET server took 1688.114 to reply this request with a status code 201
a request to /admin-all-users arrived on 2024-02-29 14:39:14 and this is method GET server took 1588.012 to reply this request with a status code 201
a request to /admin-all-orders arrived on 2024-02-29 14:39:20 and this is method GET server took 2332.505 to reply this request with a status code 201
a request to /admin-all-users arrived on 2024-02-29 14:39:30 and this is method GET server took 1770.751 to reply this request with a status code 201
a request to /admin-all-users arrived on 2024-02-29 14:54:03 and this is method GET server took 8254.096 to reply this request with a status code 201
a request to /admin-all-users arrived on 2024-02-29 14:56:58 and this is method GET server took 1774.709 to reply this request with a status code 201
a request to /admin-all-users arrived on 2024-02-29 14:57:00 and this is method GET server took 1669.564 to reply this request with a status code 201
a request to /admin-all-sellers arrived on 2024-02-29 14:57:02 and this is method GET server took 5852.895 to reply this request with a status code 201
a request to /admin-all-orders arrived on 2024-02-29 14:57:02 and this is method GET server took 6450.546 to reply this request with a status code 201
a request to /admin-all-sellers arrived on 2024-02-29 14:57:03 and this is method GET server took 1510.965 to reply this request with a status code 201
a request to /api/v2/shop/getSeller arrived on 2024-02-29 15:03:48 and this is method GET server took 1.323 to reply this request with a status code 401
a request to /stripeapikey arrived on 2024-02-29 15:03:48 and this is method GET server took 0.289 to reply this request with a status code 304
a request to /api/v2/event/get-all-events arrived on 2024-02-29 15:03:48 and this is method GET server took 1.563 to reply this request with a status code 404
a request to /getuser arrived on 2024-02-29 15:03:55 and this is method GET server took 7404.678 to reply this request with a status code 304
a request to /admin-all-users arrived on 2024-02-29 15:03:56 and this is method GET server took 8089.637 to reply this request with a status code 201
a request to /admin-all-users arrived on 2024-02-29 15:03:59 and this is method GET server took 3020.157 to reply this request with a status code 201
a request to /admin-all-users arrived on 2024-02-29 15:04:01 and this is method GET server took 1695.692 to reply this request with a status code 201
a request to /get-all-products arrived on 2024-02-29 15:04:01 and this is method GET server took 13516.170 to reply this request with a status code 201
a request to /admin-all-users arrived on 2024-02-29 15:04:02 and this is method GET server took 1735.875 to reply this request with a status code 201
a request to /admin-all-users arrived on 2024-02-29 15:04:07 and this is method GET server took 1739.643 to reply this request with a status code 201
a request to /api/v2/shop/getSeller arrived on 2024-02-29 15:04:23 and this is method GET server took 0.319 to reply this request with a status code 401
a request to /stripeapikey arrived on 2024-02-29 15:04:23 and this is method GET server took 0.289 to reply this request with a status code 304
a request to /api/v2/event/get-all-events arrived on 2024-02-29 15:04:23 and this is method GET server took 1.797 to reply this request with a status code 404
a request to /get-all-products arrived on 2024-02-29 15:04:24 and this is method GET server took 1355.468 to reply this request with a status code 201
a request to /getuser arrived on 2024-02-29 15:04:24 and this is method GET server took 1585.783 to reply this request with a status code 304
a request to /admin-all-users arrived on 2024-02-29 15:04:26 and this is method GET server took 1641.690 to reply this request with a status code 201
a request to /api/v2/shop/getSeller arrived on 2024-02-29 16:57:39 and this is method GET server took 8.178 to reply this request with a status code 401
a request to /stripeapikey arrived on 2024-02-29 16:57:39 and this is method GET server took 1.514 to reply this request with a status code 304
a request to /api/v2/event/get-all-events arrived on 2024-02-29 16:57:39 and this is method GET server took 8.639 to reply this request with a status code 404
a request to /api/v2/shop/getSeller arrived on 2024-02-29 16:57:41 and this is method GET server took 2.021 to reply this request with a status code 401
a request to /stripeapikey arrived on 2024-02-29 16:57:41 and this is method GET server took 1.873 to reply this request with a status code 304
a request to /api/v2/event/get-all-events arrived on 2024-02-29 16:57:41 and this is method GET server took 9.381 to reply this request with a status code 404
a request to /get-all-products arrived on 2024-02-29 16:57:46 and this is method GET server took 6454.800 to reply this request with a status code 201
a request to /getuser arrived on 2024-02-29 16:57:46 and this is method GET server took 7154.753 to reply this request with a status code 304
a request to /admin-all-users arrived on 2024-02-29 16:57:48 and this is method GET server took 1638.954 to reply this request with a status code 201
a request to /get-all-products arrived on 2024-02-29 16:57:51 and this is method GET server took 10737.163 to reply this request with a status code 201
a request to /getuser arrived on 2024-02-29 16:57:52 and this is method GET server took 11616.047 to reply this request with a status code 304
a request to /api/v2/shop/getSeller arrived on 2024-02-29 17:00:57 and this is method GET server took 0.403 to reply this request with a status code 401
a request to /stripeapikey arrived on 2024-02-29 17:00:57 and this is method GET server took 0.380 to reply this request with a status code 304
a request to /api/v2/event/get-all-events arrived on 2024-02-29 17:00:57 and this is method GET server took 2.149 to reply this request with a status code 404
a request to /get-all-products arrived on 2024-02-29 17:00:58 and this is method GET server took 1169.944 to reply this request with a status code 201
a request to /admin-all-users arrived on 2024-02-29 17:00:58 and this is method GET server took 1612.749 to reply this request with a status code 201
a request to /getuser arrived on 2024-02-29 17:00:59 and this is method GET server took 2110.470 to reply this request with a status code 304
a request to /admin-all-users arrived on 2024-02-29 17:01:01 and this is method GET server took 1771.562 to reply this request with a status code 201
a request to /api/v2/shop/getSeller arrived on 2024-02-29 17:01:13 and this is method GET server took 0.318 to reply this request with a status code 401
a request to /stripeapikey arrived on 2024-02-29 17:01:13 and this is method GET server took 0.298 to reply this request with a status code 304
a request to /api/v2/event/get-all-events arrived on 2024-02-29 17:01:13 and this is method GET server took 2.014 to reply this request with a status code 404
a request to /get-all-products arrived on 2024-02-29 17:01:14 and this is method GET server took 1581.587 to reply this request with a status code 201
a request to /getuser arrived on 2024-02-29 17:01:14 and this is method GET server took 1778.505 to reply this request with a status code 304
a request to /admin-all-users arrived on 2024-02-29 17:01:16 and this is method GET server took 1773.327 to reply this request with a status code 201
a request to /api/v2/shop/getSeller arrived on 2024-02-29 17:01:51 and this is method GET server took 0.613 to reply this request with a status code 401
a request to /stripeapikey arrived on 2024-02-29 17:01:51 and this is method GET server took 0.537 to reply this request with a status code 304
a request to /api/v2/event/get-all-events arrived on 2024-02-29 17:01:51 and this is method GET server took 2.146 to reply this request with a status code 404
a request to /get-all-products arrived on 2024-02-29 17:01:53 and this is method GET server took 1671.565 to reply this request with a status code 201
a request to /getuser arrived on 2024-02-29 17:01:53 and this is method GET server took 2173.665 to reply this request with a status code 304
a request to /admin-all-users arrived on 2024-02-29 17:03:24 and this is method GET server took 1886.975 to reply this request with a status code 201
a request to /api/v2/shop/getSeller arrived on 2024-02-29 17:07:50 and this is method GET server took 0.618 to reply this request with a status code 401
a request to /stripeapikey arrived on 2024-02-29 17:07:50 and this is method GET server took 0.370 to reply this request with a status code 304
a request to /api/v2/event/get-all-events arrived on 2024-02-29 17:07:50 and this is method GET server took 2.052 to reply this request with a status code 404
a request to /getuser arrived on 2024-02-29 17:07:52 and this is method GET server took 2052.898 to reply this request with a status code 304
a request to /get-all-products arrived on 2024-02-29 17:07:56 and this is method GET server took 5897.921 to reply this request with a status code 201
a request to /admin-all-users arrived on 2024-02-29 17:14:46 and this is method GET server took 9129.817 to reply this request with a status code 201
a request to /admin-all-sellers arrived on 2024-02-29 17:14:46 and this is method GET server took 9397.306 to reply this request with a status code 201
a request to /admin-all-sellers arrived on 2024-02-29 17:14:49 and this is method GET server took 2908.736 to reply this request with a status code 201
a request to /admin-all-orders arrived on 2024-02-29 17:14:53 and this is method GET server took 16261.226 to reply this request with a status code 201
a request to /admin-all-users arrived on 2024-02-29 17:14:55 and this is method GET server took 1925.027 to reply this request with a status code 201
a request to /admin-all-sellers arrived on 2024-02-29 17:14:56 and this is method GET server took 3214.378 to reply this request with a status code 201
a request to /admin-all-users arrived on 2024-02-29 17:14:58 and this is method GET server took 2662.547 to reply this request with a status code 201
a request to /admin-all-sellers arrived on 2024-02-29 17:14:59 and this is method GET server took 2828.003 to reply this request with a status code 201
a request to /admin-all-sellers arrived on 2024-02-29 17:15:29 and this is method GET server took 2375.812 to reply this request with a status code 201
a request to /api/v2/event/get-all-events/65d75458c3a79c8fba3b7f86 arrived on 2024-02-29 17:15:34 and this is method GET server took 3.354 to reply this request with a status code 404
a request to /get-shop-info/65d75458c3a79c8fba3b7f86 arrived on 2024-02-29 17:15:35 and this is method GET server took 927.502 to reply this request with a status code 201
a request to /get-all-products-shop/65d75458c3a79c8fba3b7f86 arrived on 2024-02-29 17:15:36 and this is method GET server took 2368.999 to reply this request with a status code 201
a request to /get-all-products-shop/65d75458c3a79c8fba3b7f86 arrived on 2024-02-29 17:15:38 and this is method GET server took 1696.827 to reply this request with a status code 201
a request to /admin-all-sellers arrived on 2024-02-29 17:15:56 and this is method GET server took 2588.762 to reply this request with a status code 201
a request to /admin-all-users arrived on 2024-02-29 17:16:06 and this is method GET server took 2420.839 to reply this request with a status code 201
a request to /admin-all-users arrived on 2024-02-29 17:16:45 and this is method GET server took 2523.793 to reply this request with a status code 201
a request to /admin-all-products arrived on 2024-02-29 17:16:54 and this is method GET server took - to reply this request with a status code -
a request to /api/v2/shop/getSeller arrived on 2024-02-29 17:16:57 and this is method GET server took 0.438 to reply this request with a status code 401
a request to /stripeapikey arrived on 2024-02-29 17:16:57 and this is method GET server took 0.595 to reply this request with a status code 304
a request to /api/v2/event/get-all-events arrived on 2024-02-29 17:16:57 and this is method GET server took 3.221 to reply this request with a status code 404
a request to /get-all-products arrived on 2024-02-29 17:16:59 and this is method GET server took 1475.530 to reply this request with a status code 201
a request to /getuser arrived on 2024-02-29 17:16:59 and this is method GET server took 1780.421 to reply this request with a status code 304
a request to /admin-all-products arrived on 2024-02-29 17:17:04 and this is method GET server took 5188.661 to reply this request with a status code 201
a request to /admin-all-sellers arrived on 2024-02-29 17:20:05 and this is method GET server took 2536.919 to reply this request with a status code 201
a request to /approve-seller/65d75458c3a79c8fba3b7f86 arrived on 2024-02-29 17:20:09 and this is method PUT server took 1032.724 to reply this request with a status code 400
a request to /reject-seller/65d75458c3a79c8fba3b7f86 arrived on 2024-02-29 17:20:12 and this is method PUT server took 1825.248 to reply this request with a status code 200
a request to /admin-all-sellers arrived on 2024-02-29 17:20:14 and this is method GET server took 2346.648 to reply this request with a status code 201
a request to /reject-seller/65d75be3b1faec57f8dce5c2 arrived on 2024-02-29 17:20:20 and this is method PUT server took 1848.616 to reply this request with a status code 200
a request to /admin-all-sellers arrived on 2024-02-29 17:20:23 and this is method GET server took 3015.316 to reply this request with a status code 201
a request to /admin-all-sellers arrived on 2024-02-29 17:20:48 and this is method GET server took 2309.834 to reply this request with a status code 201
a request to /admin-all-sellers arrived on 2024-02-29 17:20:51 and this is method GET server took 2508.160 to reply this request with a status code 201
a request to /admin-all-users arrived on 2024-02-29 17:23:36 and this is method GET server took 2780.383 to reply this request with a status code 201
a request to /admin-all-sellers arrived on 2024-02-29 17:23:40 and this is method GET server took 7122.104 to reply this request with a status code 201
a request to /admin-all-orders arrived on 2024-02-29 17:23:42 and this is method GET server took 8571.786 to reply this request with a status code 201
a request to /admin-all-sellers arrived on 2024-02-29 17:23:42 and this is method GET server took 1731.637 to reply this request with a status code 201
a request to /admin-all-users arrived on 2024-02-29 17:23:44 and this is method GET server took 1700.750 to reply this request with a status code 201
a request to /admin-all-sellers arrived on 2024-02-29 17:23:45 and this is method GET server took 2522.920 to reply this request with a status code 201
a request to /admin-all-sellers arrived on 2024-02-29 17:23:46 and this is method GET server took 1590.419 to reply this request with a status code 201
a request to /admin-all-users arrived on 2024-02-29 17:23:46 and this is method GET server took 2726.770 to reply this request with a status code 201
a request to /api/v2/shop/getSeller arrived on 2024-02-29 21:23:51 and this is method GET server took 3.576 to reply this request with a status code 401
a request to /stripeapikey arrived on 2024-02-29 21:23:51 and this is method GET server took 0.834 to reply this request with a status code 304
a request to /api/v2/event/get-all-events arrived on 2024-02-29 21:23:51 and this is method GET server took 5.577 to reply this request with a status code 404
a request to /get-all-products arrived on 2024-02-29 21:23:52 and this is method GET server took 1297.704 to reply this request with a status code 201
a request to /getuser arrived on 2024-02-29 21:23:52 and this is method GET server took 1464.419 to reply this request with a status code 304
a request to /api/v2/shop/getSeller arrived on 2024-02-29 21:24:35 and this is method GET server took 1.521 to reply this request with a status code 401
a request to /stripeapikey arrived on 2024-02-29 21:24:35 and this is method GET server took 0.857 to reply this request with a status code 304
a request to /api/v2/event/get-all-events arrived on 2024-02-29 21:24:35 and this is method GET server took 3.432 to reply this request with a status code 404
a request to /getuser arrived on 2024-02-29 21:24:37 and this is method GET server took 1989.935 to reply this request with a status code 304
a request to /get-all-products arrived on 2024-02-29 21:24:39 and this is method GET server took 3166.253 to reply this request with a status code 201
a request to /api/v2/shop/getSeller arrived on 2024-02-29 21:24:39 and this is method GET server took 0.457 to reply this request with a status code 401
a request to /login-user arrived on 2024-02-29 21:25:05 and this is method POST server took 837.833 to reply this request with a status code 201
a request to /api/v2/shop/getSeller arrived on 2024-02-29 21:25:05 and this is method GET server took 0.349 to reply this request with a status code 401
a request to /stripeapikey arrived on 2024-02-29 21:25:05 and this is method GET server took 0.362 to reply this request with a status code 304
a request to /api/v2/event/get-all-events arrived on 2024-02-29 21:25:05 and this is method GET server took 1.460 to reply this request with a status code 404
a request to /get-all-products arrived on 2024-02-29 21:25:07 and this is method GET server took 1557.642 to reply this request with a status code 201
a request to /getuser arrived on 2024-02-29 21:25:07 and this is method GET server took 1583.204 to reply this request with a status code 304
a request to /admin-all-orders arrived on 2024-02-29 21:25:13 and this is method GET server took 2248.712 to reply this request with a status code 201
a request to /admin-all-users arrived on 2024-02-29 21:25:13 and this is method GET server took 2349.968 to reply this request with a status code 201
a request to /admin-all-sellers arrived on 2024-02-29 21:25:14 and this is method GET server took 2768.531 to reply this request with a status code 201
a request to /admin-all-sellers arrived on 2024-02-29 21:25:15 and this is method GET server took 1494.012 to reply this request with a status code 201
a request to /admin-all-users arrived on 2024-02-29 21:25:16 and this is method GET server took 2088.712 to reply this request with a status code 201
a request to /admin-all-sellers arrived on 2024-02-29 21:25:17 and this is method GET server took 1581.995 to reply this request with a status code 201
a request to /admin-all-users arrived on 2024-02-29 21:25:17 and this is method GET server took 1574.687 to reply this request with a status code 201
a request to /admin-all-sellers arrived on 2024-02-29 21:25:18 and this is method GET server took 1510.870 to reply this request with a status code 201
a request to /admin-all-orders arrived on 2024-02-29 21:25:39 and this is method GET server took 2252.246 to reply this request with a status code 201
a request to /admin-all-users arrived on 2024-02-29 21:25:40 and this is method GET server took 1437.973 to reply this request with a status code 201
a request to /admin-all-sellers arrived on 2024-02-29 21:25:40 and this is method GET server took 2263.760 to reply this request with a status code 201
a request to /admin-all-sellers arrived on 2024-02-29 21:25:43 and this is method GET server took 3074.396 to reply this request with a status code 201
a request to /admin-all-users arrived on 2024-02-29 21:25:44 and this is method GET server took 3552.409 to reply this request with a status code 201
a request to /admin-all-sellers arrived on 2024-02-29 21:25:46 and this is method GET server took 2876.640 to reply this request with a status code 201
a request to /admin-all-orders arrived on 2024-02-29 21:25:48 and this is method GET server took 9579.197 to reply this request with a status code 201
a request to /admin-all-users arrived on 2024-02-29 21:25:50 and this is method GET server took 1881.831 to reply this request with a status code 201
a request to /get-all-orders/6597b5398f6b7104cb036c74 arrived on 2024-02-29 21:25:51 and this is method GET server took 1672.907 to reply this request with a status code 200
a request to /admin-all-orders arrived on 2024-02-29 21:25:54 and this is method GET server took 5629.096 to reply this request with a status code 201
