a request to /api/v2/shop/getSeller arrived on 2024-02-23 07:16:50 and this is method GET server took 3.105 to reply this request with a status code 401
a request to /stripeapikey arrived on 2024-02-23 07:16:50 and this is method GET server took 0.434 to reply this request with a status code 200
a request to /api/v2/event/get-all-events arrived on 2024-02-23 07:16:50 and this is method GET server took 2.809 to reply this request with a status code 404
a request to /api/v2/user/getuser arrived on 2024-02-23 07:16:51 and this is method GET server took 585.293 to reply this request with a status code 500
a request to /get-all-products arrived on 2024-02-23 07:16:52 and this is method GET server took 1427.694 to reply this request with a status code 201
a request to /api/v2/shop/getSeller arrived on 2024-02-23 07:24:04 and this is method GET server took 0.836 to reply this request with a status code 401
a request to /stripeapikey arrived on 2024-02-23 07:24:04 and this is method GET server took 0.585 to reply this request with a status code 304
a request to /api/v2/event/get-all-events arrived on 2024-02-23 07:24:04 and this is method GET server took 1.845 to reply this request with a status code 404
a request to /api/v2/user/getuser arrived on 2024-02-23 07:24:08 and this is method GET server took 4004.479 to reply this request with a status code 500
a request to /get-all-products arrived on 2024-02-23 07:24:08 and this is method GET server took 4228.607 to reply this request with a status code 201
a request to /api/v2/shop/getSeller arrived on 2024-02-23 07:24:47 and this is method GET server took 0.573 to reply this request with a status code 401
a request to /stripeapikey arrived on 2024-02-23 07:24:47 and this is method GET server took 0.208 to reply this request with a status code 304
a request to /api/v2/event/get-all-events arrived on 2024-02-23 07:24:47 and this is method GET server took 1.245 to reply this request with a status code 404
a request to /api/v2/user/getuser arrived on 2024-02-23 07:24:47 and this is method GET server took 645.130 to reply this request with a status code 500
a request to /get-all-products arrived on 2024-02-23 07:24:48 and this is method GET server took 907.134 to reply this request with a status code 201
a request to /get-all-products-shop/null arrived on 2024-02-23 07:34:48 and this is method GET server took 3823.148 to reply this request with a status code 201
a request to /get-all-products-shop/65d75458c3a79c8fba3b7f86 arrived on 2024-02-23 07:34:49 and this is method GET server took 4003.444 to reply this request with a status code 201
a request to /api/v2/shop/getSeller arrived on 2024-02-23 07:35:07 and this is method GET server took 0.511 to reply this request with a status code 401
a request to /api/v2/event/get-all-events arrived on 2024-02-23 07:35:07 and this is method GET server took 0.258 to reply this request with a status code 404
a request to /stripeapikey arrived on 2024-02-23 07:35:07 and this is method GET server took 0.395 to reply this request with a status code 304
a request to /api/v2/user/getuser arrived on 2024-02-23 07:35:08 and this is method GET server took 553.411 to reply this request with a status code 500
a request to /get-all-products arrived on 2024-02-23 07:35:08 and this is method GET server took 877.366 to reply this request with a status code 201
a request to /get-all-products-shop/null arrived on 2024-02-23 07:35:10 and this is method GET server took 565.998 to reply this request with a status code 201
a request to /get-all-products-shop/65d75458c3a79c8fba3b7f86 arrived on 2024-02-23 07:35:10 and this is method GET server took 828.815 to reply this request with a status code 201
a request to /get-all-products-shop/null arrived on 2024-02-23 07:35:24 and this is method GET server took 550.651 to reply this request with a status code 201
a request to /get-all-products-shop/65d75458c3a79c8fba3b7f86 arrived on 2024-02-23 07:35:24 and this is method GET server took 824.467 to reply this request with a status code 201
a request to /api/v2/shop/getSeller arrived on 2024-02-23 07:37:29 and this is method GET server took 0.310 to reply this request with a status code 401
a request to /stripeapikey arrived on 2024-02-23 07:37:29 and this is method GET server took 0.250 to reply this request with a status code 304
a request to /api/v2/event/get-all-events arrived on 2024-02-23 07:37:29 and this is method GET server took 1.095 to reply this request with a status code 404
a request to /api/v2/user/getuser arrived on 2024-02-23 07:37:29 and this is method GET server took 569.530 to reply this request with a status code 500
a request to /get-all-products arrived on 2024-02-23 07:37:30 and this is method GET server took 867.765 to reply this request with a status code 201
a request to /api/v2/shop/getSeller arrived on 2024-02-23 07:37:34 and this is method GET server took 0.318 to reply this request with a status code 401
a request to /api/v2/user/getuser arrived on 2024-02-23 07:37:34 and this is method GET server took 552.443 to reply this request with a status code 500
a request to /login-user arrived on 2024-02-23 07:37:43 and this is method POST server took 665.451 to reply this request with a status code 201
a request to /api/v2/shop/getSeller arrived on 2024-02-23 07:37:44 and this is method GET server took 0.206 to reply this request with a status code 401
a request to /stripeapikey arrived on 2024-02-23 07:37:44 and this is method GET server took 0.256 to reply this request with a status code 304
a request to /api/v2/event/get-all-events arrived on 2024-02-23 07:37:44 and this is method GET server took 1.152 to reply this request with a status code 404
a request to /get-all-products arrived on 2024-02-23 07:37:45 and this is method GET server took 870.854 to reply this request with a status code 201
a request to /getuser arrived on 2024-02-23 07:37:45 and this is method GET server took 1099.054 to reply this request with a status code 200
a request to /get-all-products-shop/null arrived on 2024-02-23 07:37:58 and this is method GET server took 568.176 to reply this request with a status code 201
a request to /get-all-products-shop/65d75458c3a79c8fba3b7f86 arrived on 2024-02-23 07:37:58 and this is method GET server took 840.475 to reply this request with a status code 201
a request to /logout arrived on 2024-02-23 07:38:26 and this is method GET server took 0.475 to reply this request with a status code 201
a request to /api/v2/user/getuser arrived on 2024-02-23 07:38:27 and this is method GET server took 0.450 to reply this request with a status code 401
a request to /api/v2/shop/getSeller arrived on 2024-02-23 07:38:27 and this is method GET server took 0.464 to reply this request with a status code 401
a request to /stripeapikey arrived on 2024-02-23 07:38:27 and this is method GET server took 0.453 to reply this request with a status code 304
a request to /api/v2/event/get-all-events arrived on 2024-02-23 07:38:27 and this is method GET server took 1.703 to reply this request with a status code 404
a request to /get-all-products arrived on 2024-02-23 07:38:28 and this is method GET server took 867.036 to reply this request with a status code 201
a request to /api/v2/user/login-user arrived on 2024-02-23 07:38:49 and this is method POST server took 721.001 to reply this request with a status code 400
a request to /api/v2/user/login-user arrived on 2024-02-23 07:38:56 and this is method POST server took 648.226 to reply this request with a status code 400
a request to /login-user arrived on 2024-02-23 07:39:01 and this is method POST server took 690.334 to reply this request with a status code 201
a request to /api/v2/shop/getSeller arrived on 2024-02-23 07:39:02 and this is method GET server took 0.422 to reply this request with a status code 401
a request to /stripeapikey arrived on 2024-02-23 07:39:02 and this is method GET server took 0.300 to reply this request with a status code 304
a request to /api/v2/event/get-all-events arrived on 2024-02-23 07:39:02 and this is method GET server took 2.185 to reply this request with a status code 404
a request to /get-all-products arrived on 2024-02-23 07:39:03 and this is method GET server took 873.184 to reply this request with a status code 201
a request to /getuser arrived on 2024-02-23 07:39:03 and this is method GET server took 1137.384 to reply this request with a status code 200
a request to /get-all-products-shop/null arrived on 2024-02-23 07:39:18 and this is method GET server took 584.899 to reply this request with a status code 201
a request to /get-all-products-shop/65d75458c3a79c8fba3b7f86 arrived on 2024-02-23 07:39:18 and this is method GET server took 806.017 to reply this request with a status code 201
a request to /process arrived on 2024-02-23 07:40:19 and this is method POST server took 2313.197 to reply this request with a status code 200
a request to /create-order arrived on 2024-02-23 07:40:23 and this is method POST server took 868.555 to reply this request with a status code 201
a request to /api/v2/shop/getSeller arrived on 2024-02-23 07:40:25 and this is method GET server took 0.339 to reply this request with a status code 401
a request to /stripeapikey arrived on 2024-02-23 07:40:25 and this is method GET server took 0.209 to reply this request with a status code 304
a request to /api/v2/event/get-all-events arrived on 2024-02-23 07:40:25 and this is method GET server took 1.191 to reply this request with a status code 404
a request to /get-all-products arrived on 2024-02-23 07:40:26 and this is method GET server took 874.611 to reply this request with a status code 201
a request to /getuser arrived on 2024-02-23 07:40:26 and this is method GET server took 1103.943 to reply this request with a status code 304
a request to /get-all-orders/65d703e054e4d4f92e437910 arrived on 2024-02-23 07:40:33 and this is method GET server took 551.682 to reply this request with a status code 200
a request to /get-all-orders/65d703e054e4d4f92e437910 arrived on 2024-02-23 07:40:38 and this is method GET server took 552.687 to reply this request with a status code 304
a request to /get-all-orders/65d703e054e4d4f92e437910 arrived on 2024-02-23 07:40:53 and this is method GET server took 549.750 to reply this request with a status code 304
a request to /get-all-orders/65d703e054e4d4f92e437910 arrived on 2024-02-23 07:40:55 and this is method GET server took 556.024 to reply this request with a status code 304
a request to /logout arrived on 2024-02-23 07:41:01 and this is method GET server took 0.216 to reply this request with a status code 201
a request to /api/v2/user/getuser arrived on 2024-02-23 07:41:02 and this is method GET server took 0.309 to reply this request with a status code 401
a request to /api/v2/shop/getSeller arrived on 2024-02-23 07:41:02 and this is method GET server took 0.238 to reply this request with a status code 401
a request to /api/v2/event/get-all-events arrived on 2024-02-23 07:41:02 and this is method GET server took 0.413 to reply this request with a status code 404
a request to /stripeapikey arrived on 2024-02-23 07:41:02 and this is method GET server took 0.244 to reply this request with a status code 304
a request to /get-all-products arrived on 2024-02-23 07:41:03 and this is method GET server took 867.893 to reply this request with a status code 201
a request to /login-user arrived on 2024-02-23 07:41:10 and this is method POST server took 636.971 to reply this request with a status code 201
a request to /api/v2/shop/getSeller arrived on 2024-02-23 07:41:11 and this is method GET server took 0.409 to reply this request with a status code 401
a request to /api/v2/event/get-all-events arrived on 2024-02-23 07:41:11 and this is method GET server took 0.260 to reply this request with a status code 404
a request to /stripeapikey arrived on 2024-02-23 07:41:11 and this is method GET server took 0.287 to reply this request with a status code 304
a request to /get-all-products arrived on 2024-02-23 07:41:12 and this is method GET server took 862.045 to reply this request with a status code 201
a request to /getuser arrived on 2024-02-23 07:41:12 and this is method GET server took 1132.606 to reply this request with a status code 200
a request to /admin-all-sellers arrived on 2024-02-23 07:41:16 and this is method GET server took 1109.801 to reply this request with a status code 201
a request to /admin-all-orders arrived on 2024-02-23 07:41:17 and this is method GET server took 1382.586 to reply this request with a status code 201
a request to /admin-all-orders arrived on 2024-02-23 07:41:25 and this is method GET server took 1365.194 to reply this request with a status code 201
a request to /admin-all-sellers arrived on 2024-02-23 07:41:36 and this is method GET server took 1146.090 to reply this request with a status code 201
a request to /admin-all-users arrived on 2024-02-23 07:41:43 and this is method GET server took 1139.329 to reply this request with a status code 201
a request to /admin-all-products arrived on 2024-02-23 07:41:53 and this is method GET server took 1452.298 to reply this request with a status code 201
a request to /api/v2/withdraw/get-all-withdraw-request arrived on 2024-02-23 07:42:01 and this is method GET server took 0.245 to reply this request with a status code 404
a request to /api/v2/event/admin-all-events arrived on 2024-02-23 07:42:03 and this is method GET server took 0.505 to reply this request with a status code 404
a request to /admin-all-sellers arrived on 2024-02-23 07:42:08 and this is method GET server took 1129.530 to reply this request with a status code 201
a request to /admin-all-orders arrived on 2024-02-23 07:42:09 and this is method GET server took 1434.577 to reply this request with a status code 201
a request to /admin-all-orders arrived on 2024-02-23 07:42:15 and this is method GET server took 1600.474 to reply this request with a status code 201
a request to /admin-all-sellers arrived on 2024-02-23 07:43:01 and this is method GET server took 1186.324 to reply this request with a status code 201
a request to /reject-seller/65d74e093976f290c15f1243 arrived on 2024-02-23 07:43:06 and this is method PUT server took 1282.496 to reply this request with a status code 200
a request to /admin-all-sellers arrived on 2024-02-23 07:43:07 and this is method GET server took 1143.655 to reply this request with a status code 201
a request to /approve-seller/65d75be3b1faec57f8dce5c2 arrived on 2024-02-23 07:43:23 and this is method PUT server took 577.553 to reply this request with a status code 400
a request to /reject-seller/65d75be3b1faec57f8dce5c2 arrived on 2024-02-23 07:43:31 and this is method PUT server took 1147.835 to reply this request with a status code 200
a request to /admin-all-sellers arrived on 2024-02-23 07:43:32 and this is method GET server took 1144.555 to reply this request with a status code 201
a request to /admin-all-orders arrived on 2024-02-23 07:43:48 and this is method GET server took 1363.080 to reply this request with a status code 201
a request to /admin-all-orders arrived on 2024-02-23 07:46:06 and this is method GET server took 1365.921 to reply this request with a status code 201
a request to /admin-all-orders arrived on 2024-02-23 07:46:10 and this is method GET server took 1388.338 to reply this request with a status code 201
a request to /admin-all-orders arrived on 2024-02-23 07:46:12 and this is method GET server took 1501.477 to reply this request with a status code 201
a request to /admin-all-orders arrived on 2024-02-23 07:46:16 and this is method GET server took 1366.407 to reply this request with a status code 201
a request to /admin-all-orders arrived on 2024-02-23 07:46:24 and this is method GET server took 1365.924 to reply this request with a status code 201
a request to /admin-all-orders arrived on 2024-02-23 07:46:25 and this is method GET server took 1411.370 to reply this request with a status code 201
a request to /admin-all-orders arrived on 2024-02-23 07:47:26 and this is method GET server took 1367.597 to reply this request with a status code 201
a request to /api/v2/shop/getSeller arrived on 2024-02-23 07:47:30 and this is method GET server took 0.373 to reply this request with a status code 401
a request to /stripeapikey arrived on 2024-02-23 07:47:30 and this is method GET server took 0.236 to reply this request with a status code 304
a request to /api/v2/event/get-all-events arrived on 2024-02-23 07:47:30 and this is method GET server took 1.117 to reply this request with a status code 404
a request to /getuser arrived on 2024-02-23 07:47:31 and this is method GET server took 1138.371 to reply this request with a status code 304
a request to /admin-all-orders arrived on 2024-02-23 07:47:32 and this is method GET server took 1364.046 to reply this request with a status code 201
a request to /get-all-products arrived on 2024-02-23 07:47:34 and this is method GET server took 4214.026 to reply this request with a status code 201
a request to /admin-all-orders arrived on 2024-02-23 07:48:11 and this is method GET server took 1389.177 to reply this request with a status code 201
a request to /admin-all-orders arrived on 2024-02-23 07:48:16 and this is method GET server took 1371.889 to reply this request with a status code 201
a request to /api/v2/shop/getSeller arrived on 2024-02-23 07:48:19 and this is method GET server took 0.348 to reply this request with a status code 401
a request to /api/v2/event/get-all-events arrived on 2024-02-23 07:48:19 and this is method GET server took 0.269 to reply this request with a status code 404
a request to /stripeapikey arrived on 2024-02-23 07:48:19 and this is method GET server took 2.604 to reply this request with a status code 304
a request to /get-all-products arrived on 2024-02-23 07:48:20 and this is method GET server took 870.800 to reply this request with a status code 201
a request to /getuser arrived on 2024-02-23 07:48:20 and this is method GET server took 1116.089 to reply this request with a status code 304
a request to /admin-all-orders arrived on 2024-02-23 07:48:22 and this is method GET server took 1366.356 to reply this request with a status code 201
a request to /api/v2/shop/getSeller arrived on 2024-02-23 07:49:23 and this is method GET server took 0.404 to reply this request with a status code 401
a request to /stripeapikey arrived on 2024-02-23 07:49:23 and this is method GET server took 0.208 to reply this request with a status code 304
a request to /api/v2/event/get-all-events arrived on 2024-02-23 07:49:23 and this is method GET server took 1.039 to reply this request with a status code 404
a request to /get-all-products arrived on 2024-02-23 07:49:24 and this is method GET server took 871.179 to reply this request with a status code 201
a request to /getuser arrived on 2024-02-23 07:49:24 and this is method GET server took 1127.625 to reply this request with a status code 304
a request to /admin-all-orders arrived on 2024-02-23 07:49:26 and this is method GET server took 1341.850 to reply this request with a status code 201
a request to /admin-all-orders arrived on 2024-02-23 07:50:11 and this is method GET server took 1352.387 to reply this request with a status code 201
a request to /admin-all-orders arrived on 2024-02-23 07:50:27 and this is method GET server took 1348.295 to reply this request with a status code 201
a request to /api/v2/shop/getSeller arrived on 2024-02-23 07:50:32 and this is method GET server took 0.388 to reply this request with a status code 401
a request to /api/v2/event/get-all-events arrived on 2024-02-23 07:50:32 and this is method GET server took 0.343 to reply this request with a status code 404
a request to /stripeapikey arrived on 2024-02-23 07:50:32 and this is method GET server took 0.382 to reply this request with a status code 304
a request to /get-all-products arrived on 2024-02-23 07:50:33 and this is method GET server took 871.465 to reply this request with a status code 201
a request to /getuser arrived on 2024-02-23 07:50:33 and this is method GET server took 1109.589 to reply this request with a status code 304
a request to /admin-all-orders arrived on 2024-02-23 07:50:34 and this is method GET server took 1345.925 to reply this request with a status code 201
a request to /admin-all-orders arrived on 2024-02-23 07:50:51 and this is method GET server took 1339.430 to reply this request with a status code 201
a request to /api/v2/shop/getSeller arrived on 2024-02-23 07:50:57 and this is method GET server took 0.287 to reply this request with a status code 401
a request to /stripeapikey arrived on 2024-02-23 07:50:57 and this is method GET server took 0.186 to reply this request with a status code 304
a request to /api/v2/event/get-all-events arrived on 2024-02-23 07:50:57 and this is method GET server took 0.858 to reply this request with a status code 404
a request to /get-all-products arrived on 2024-02-23 07:50:58 and this is method GET server took 869.541 to reply this request with a status code 201
a request to /getuser arrived on 2024-02-23 07:50:58 and this is method GET server took 1124.559 to reply this request with a status code 304
a request to /admin-all-orders arrived on 2024-02-23 07:50:59 and this is method GET server took 1340.506 to reply this request with a status code 201
a request to /admin-all-orders arrived on 2024-02-23 07:52:46 and this is method GET server took 1423.852 to reply this request with a status code 201
a request to /admin-all-sellers arrived on 2024-02-23 07:53:05 and this is method GET server took 1150.775 to reply this request with a status code 201
a request to /logout arrived on 2024-02-23 07:53:11 and this is method GET server took 0.222 to reply this request with a status code 201
a request to /api/v2/user/getuser arrived on 2024-02-23 07:53:12 and this is method GET server took 0.488 to reply this request with a status code 401
a request to /api/v2/shop/getSeller arrived on 2024-02-23 07:53:12 and this is method GET server took 0.442 to reply this request with a status code 401
a request to /api/v2/event/get-all-events arrived on 2024-02-23 07:53:12 and this is method GET server took 0.235 to reply this request with a status code 404
a request to /stripeapikey arrived on 2024-02-23 07:53:12 and this is method GET server took 0.266 to reply this request with a status code 304
a request to /get-all-products arrived on 2024-02-23 07:53:13 and this is method GET server took 865.124 to reply this request with a status code 201
a request to /login-shop arrived on 2024-02-23 07:53:31 and this is method POST server took 708.957 to reply this request with a status code 201
a request to /api/v2/user/getuser arrived on 2024-02-23 07:53:32 and this is method GET server took 0.442 to reply this request with a status code 401
a request to /api/v2/event/get-all-events arrived on 2024-02-23 07:53:32 and this is method GET server took 0.319 to reply this request with a status code 404
a request to /stripeapikey arrived on 2024-02-23 07:53:32 and this is method GET server took 0.259 to reply this request with a status code 304
a request to /get-all-products arrived on 2024-02-23 07:53:33 and this is method GET server took 888.940 to reply this request with a status code 201
a request to /getSeller arrived on 2024-02-23 07:53:33 and this is method GET server took 1121.458 to reply this request with a status code 200
a request to /get-all-products-shop/65cd96ce0e3dd3d3c599d314 arrived on 2024-02-23 07:53:34 and this is method GET server took 574.030 to reply this request with a status code 201
a request to /get-seller-all-orders/65cd96ce0e3dd3d3c599d314 arrived on 2024-02-23 07:53:34 and this is method GET server took 577.675 to reply this request with a status code 200
a request to /get-seller-all-orders/65cd96ce0e3dd3d3c599d314 arrived on 2024-02-23 07:53:42 and this is method GET server took 576.024 to reply this request with a status code 304
a request to /get-all-products-shop/65cd96ce0e3dd3d3c599d314 arrived on 2024-02-23 07:53:53 and this is method GET server took 562.154 to reply this request with a status code 201
a request to /get-seller-all-orders/65cd96ce0e3dd3d3c599d314 arrived on 2024-02-23 07:54:11 and this is method GET server took 580.914 to reply this request with a status code 304
a request to /api/v2/message/get-all-messages/undefined arrived on 2024-02-23 07:54:12 and this is method GET server took 0.247 to reply this request with a status code 404
a request to /api/v2/conversation/get-all-conversation-seller/65cd96ce0e3dd3d3c599d314 arrived on 2024-02-23 07:54:12 and this is method GET server took 0.157 to reply this request with a status code 404
a request to /api/v2/coupon/get-coupon/65cd96ce0e3dd3d3c599d314 arrived on 2024-02-23 07:54:14 and this is method GET server took 1.036 to reply this request with a status code 404
a request to /get-seller-all-orders/65cd96ce0e3dd3d3c599d314 arrived on 2024-02-23 07:54:18 and this is method GET server took 581.988 to reply this request with a status code 304
a request to /get-all-products-shop/65cd96ce0e3dd3d3c599d314 arrived on 2024-02-23 07:54:28 and this is method GET server took 569.969 to reply this request with a status code 201
a request to /get-seller-all-orders/65cd96ce0e3dd3d3c599d314 arrived on 2024-02-23 07:54:28 and this is method GET server took 590.660 to reply this request with a status code 304
a request to /get-seller-all-orders/65cd96ce0e3dd3d3c599d314 arrived on 2024-02-23 07:54:34 and this is method GET server took 579.773 to reply this request with a status code 304
a request to /get-seller-all-orders/65cd96ce0e3dd3d3c599d314 arrived on 2024-02-23 07:54:37 and this is method GET server took 599.318 to reply this request with a status code 304
a request to /api/v2/event/get-all-events/65cd96ce0e3dd3d3c599d314 arrived on 2024-02-23 07:57:45 and this is method GET server took 2.169 to reply this request with a status code 404
a request to /get-shop-info/65cd96ce0e3dd3d3c599d314 arrived on 2024-02-23 07:57:46 and this is method GET server took 551.667 to reply this request with a status code 201
a request to /get-all-products-shop/65cd96ce0e3dd3d3c599d314 arrived on 2024-02-23 07:57:46 and this is method GET server took 560.621 to reply this request with a status code 201
a request to /get-all-products-shop/65cd96ce0e3dd3d3c599d314 arrived on 2024-02-23 07:57:46 and this is method GET server took 578.721 to reply this request with a status code 201
a request to /logout arrived on 2024-02-23 07:57:59 and this is method GET server took 0.456 to reply this request with a status code 201
a request to /api/v2/user/getuser arrived on 2024-02-23 07:58:01 and this is method GET server took 0.396 to reply this request with a status code 401
a request to /api/v2/shop/getSeller arrived on 2024-02-23 07:58:01 and this is method GET server took 0.412 to reply this request with a status code 401
a request to /api/v2/event/get-all-events arrived on 2024-02-23 07:58:01 and this is method GET server took 0.334 to reply this request with a status code 404
a request to /stripeapikey arrived on 2024-02-23 07:58:01 and this is method GET server took 0.380 to reply this request with a status code 304
a request to /get-all-products arrived on 2024-02-23 07:58:01 and this is method GET server took 863.337 to reply this request with a status code 201
a request to /login-user arrived on 2024-02-23 08:11:48 and this is method POST server took 3883.429 to reply this request with a status code 201
a request to /api/v2/shop/getSeller arrived on 2024-02-23 08:11:51 and this is method GET server took 0.307 to reply this request with a status code 401
a request to /stripeapikey arrived on 2024-02-23 08:11:51 and this is method GET server took 0.309 to reply this request with a status code 304
a request to /api/v2/event/get-all-events arrived on 2024-02-23 08:11:51 and this is method GET server took 1.398 to reply this request with a status code 404
a request to /getuser arrived on 2024-02-23 08:11:52 and this is method GET server took 1110.180 to reply this request with a status code 304
a request to /get-all-products arrived on 2024-02-23 08:11:55 and this is method GET server took 4120.444 to reply this request with a status code 201
a request to /admin-all-sellers arrived on 2024-02-23 08:11:56 and this is method GET server took 1108.130 to reply this request with a status code 201
a request to /admin-all-orders arrived on 2024-02-23 08:11:56 and this is method GET server took 1346.583 to reply this request with a status code 201
a request to /admin-all-users arrived on 2024-02-23 08:11:59 and this is method GET server took 4010.220 to reply this request with a status code 201
a request to /admin-all-users arrived on 2024-02-23 08:12:21 and this is method GET server took 1157.455 to reply this request with a status code 201
a request to /admin-all-sellers arrived on 2024-02-23 08:12:21 and this is method GET server took 1184.019 to reply this request with a status code 201
a request to /admin-all-orders arrived on 2024-02-23 08:12:21 and this is method GET server took 1366.091 to reply this request with a status code 201
a request to /admin-all-sellers arrived on 2024-02-23 08:16:31 and this is method GET server took 1217.815 to reply this request with a status code 201
a request to /admin-all-orders arrived on 2024-02-23 08:16:31 and this is method GET server took 1485.555 to reply this request with a status code 201
a request to /admin-all-sellers arrived on 2024-02-23 08:17:04 and this is method GET server took 1150.539 to reply this request with a status code 201
a request to /admin-all-orders arrived on 2024-02-23 08:17:04 and this is method GET server took 1303.565 to reply this request with a status code 201
a request to /admin-all-sellers arrived on 2024-02-23 08:17:15 and this is method GET server took 1156.027 to reply this request with a status code 201
a request to /admin-all-orders arrived on 2024-02-23 08:17:15 and this is method GET server took 1315.807 to reply this request with a status code 201
a request to /admin-all-sellers arrived on 2024-02-23 08:17:29 and this is method GET server took 1729.622 to reply this request with a status code 201
a request to /admin-all-orders arrived on 2024-02-23 08:17:30 and this is method GET server took 1907.805 to reply this request with a status code 201
a request to /admin-all-users arrived on 2024-02-23 08:17:35 and this is method GET server took 1094.219 to reply this request with a status code 201
a request to /admin-all-orders arrived on 2024-02-23 08:17:35 and this is method GET server took 1347.113 to reply this request with a status code 201
a request to /admin-all-users arrived on 2024-02-23 08:17:36 and this is method GET server took 1132.789 to reply this request with a status code 201
a request to /admin-all-sellers arrived on 2024-02-23 08:17:38 and this is method GET server took 4453.443 to reply this request with a status code 201
a request to /admin-all-users arrived on 2024-02-23 08:19:49 and this is method GET server took 1118.652 to reply this request with a status code 201
a request to /admin-all-users arrived on 2024-02-23 08:21:00 and this is method GET server took 1098.877 to reply this request with a status code 201
a request to /admin-all-users arrived on 2024-02-23 08:21:02 and this is method GET server took 1092.096 to reply this request with a status code 201
a request to /api/v2/shop/getSeller arrived on 2024-02-23 08:21:06 and this is method GET server took 0.354 to reply this request with a status code 401
a request to /stripeapikey arrived on 2024-02-23 08:21:06 and this is method GET server took 0.458 to reply this request with a status code 304
a request to /api/v2/event/get-all-events arrived on 2024-02-23 08:21:06 and this is method GET server took 2.239 to reply this request with a status code 404
a request to /get-all-products arrived on 2024-02-23 08:21:07 and this is method GET server took 880.984 to reply this request with a status code 201
a request to /getuser arrived on 2024-02-23 08:21:07 and this is method GET server took 1106.430 to reply this request with a status code 304
a request to /api/v2/shop/getSeller arrived on 2024-02-23 08:21:22 and this is method GET server took 0.233 to reply this request with a status code 401
a request to /stripeapikey arrived on 2024-02-23 08:21:22 and this is method GET server took 0.193 to reply this request with a status code 304
a request to /api/v2/event/get-all-events arrived on 2024-02-23 08:21:22 and this is method GET server took 1.565 to reply this request with a status code 404
a request to /get-all-products arrived on 2024-02-23 08:21:23 and this is method GET server took 849.188 to reply this request with a status code 201
a request to /getuser arrived on 2024-02-23 08:21:23 and this is method GET server took 1090.510 to reply this request with a status code 304
a request to /api/v2/shop/getSeller arrived on 2024-02-23 08:21:42 and this is method GET server took 0.334 to reply this request with a status code 401
a request to /stripeapikey arrived on 2024-02-23 08:21:42 and this is method GET server took 0.154 to reply this request with a status code 304
a request to /api/v2/event/get-all-events arrived on 2024-02-23 08:21:42 and this is method GET server took 12.179 to reply this request with a status code 404
a request to /get-all-products arrived on 2024-02-23 08:21:43 and this is method GET server took 846.589 to reply this request with a status code 201
a request to /getuser arrived on 2024-02-23 08:21:43 and this is method GET server took 1090.563 to reply this request with a status code 304
a request to /api/v2/shop/getSeller arrived on 2024-02-23 08:21:53 and this is method GET server took 0.267 to reply this request with a status code 401
a request to /stripeapikey arrived on 2024-02-23 08:21:53 and this is method GET server took 0.179 to reply this request with a status code 304
a request to /api/v2/event/get-all-events arrived on 2024-02-23 08:21:53 and this is method GET server took 0.732 to reply this request with a status code 404
a request to /get-all-products arrived on 2024-02-23 08:21:54 and this is method GET server took 861.778 to reply this request with a status code 201
a request to /getuser arrived on 2024-02-23 08:21:54 and this is method GET server took 1096.985 to reply this request with a status code 304
a request to /api/v2/shop/getSeller arrived on 2024-02-23 08:22:16 and this is method GET server took 0.259 to reply this request with a status code 401
a request to /stripeapikey arrived on 2024-02-23 08:22:16 and this is method GET server took 1.258 to reply this request with a status code 304
a request to /api/v2/event/get-all-events arrived on 2024-02-23 08:22:16 and this is method GET server took 1.986 to reply this request with a status code 404
a request to /get-all-products arrived on 2024-02-23 08:22:17 and this is method GET server took 847.303 to reply this request with a status code 201
a request to /getuser arrived on 2024-02-23 08:22:18 and this is method GET server took 1129.641 to reply this request with a status code 304
a request to /api/v2/shop/getSeller arrived on 2024-02-23 08:23:25 and this is method GET server took 0.658 to reply this request with a status code 401
a request to /api/v2/event/get-all-events arrived on 2024-02-23 08:23:25 and this is method GET server took 0.304 to reply this request with a status code 404
a request to /stripeapikey arrived on 2024-02-23 08:23:25 and this is method GET server took 0.250 to reply this request with a status code 304
a request to /get-all-products arrived on 2024-02-23 08:23:25 and this is method GET server took 845.590 to reply this request with a status code 201
a request to /getuser arrived on 2024-02-23 08:23:26 and this is method GET server took 1091.517 to reply this request with a status code 304
a request to /api/v2/shop/getSeller arrived on 2024-02-23 08:23:47 and this is method GET server took 0.363 to reply this request with a status code 401
a request to /stripeapikey arrived on 2024-02-23 08:23:47 and this is method GET server took 0.228 to reply this request with a status code 304
a request to /api/v2/event/get-all-events arrived on 2024-02-23 08:23:47 and this is method GET server took 1.029 to reply this request with a status code 404
a request to /admin-all-sellers arrived on 2024-02-23 08:23:48 and this is method GET server took 1117.750 to reply this request with a status code 201
a request to /admin-all-orders arrived on 2024-02-23 08:23:49 and this is method GET server took 1313.531 to reply this request with a status code 201
a request to /get-all-products arrived on 2024-02-23 08:23:49 and this is method GET server took - to reply this request with a status code -
a request to /getuser arrived on 2024-02-23 08:23:49 and this is method GET server took - to reply this request with a status code -
a request to /api/v2/shop/getSeller arrived on 2024-02-23 08:23:51 and this is method GET server took 0.296 to reply this request with a status code 401
a request to /api/v2/event/get-all-events arrived on 2024-02-23 08:23:51 and this is method GET server took 0.167 to reply this request with a status code 404
a request to /stripeapikey arrived on 2024-02-23 08:23:51 and this is method GET server took 0.236 to reply this request with a status code 304
a request to /get-all-products arrived on 2024-02-23 08:23:52 and this is method GET server took 852.884 to reply this request with a status code 201
a request to /getuser arrived on 2024-02-23 08:23:52 and this is method GET server took 1118.936 to reply this request with a status code 200
a request to /admin-all-sellers arrived on 2024-02-23 08:23:53 and this is method GET server took 1118.947 to reply this request with a status code 201
a request to /admin-all-orders arrived on 2024-02-23 08:23:53 and this is method GET server took 1312.489 to reply this request with a status code 201
a request to /api/v2/shop/getSeller arrived on 2024-02-23 08:25:19 and this is method GET server took 0.325 to reply this request with a status code 401
a request to /stripeapikey arrived on 2024-02-23 08:25:19 and this is method GET server took 0.333 to reply this request with a status code 304
a request to /api/v2/event/get-all-events arrived on 2024-02-23 08:25:19 and this is method GET server took 1.352 to reply this request with a status code 404
a request to /getuser arrived on 2024-02-23 08:25:20 and this is method GET server took 1078.061 to reply this request with a status code 304
a request to /admin-all-users arrived on 2024-02-23 08:25:20 and this is method GET server took 1098.398 to reply this request with a status code 201
a request to /admin-all-sellers arrived on 2024-02-23 08:25:20 and this is method GET server took 1092.299 to reply this request with a status code 201
a request to /admin-all-orders arrived on 2024-02-23 08:25:20 and this is method GET server took 1344.060 to reply this request with a status code 201
a request to /admin-all-sellers arrived on 2024-02-23 08:25:21 and this is method GET server took 1093.283 to reply this request with a status code 201
a request to /admin-all-users arrived on 2024-02-23 08:25:21 and this is method GET server took 1099.556 to reply this request with a status code 201
a request to /admin-all-orders arrived on 2024-02-23 08:25:22 and this is method GET server took 1337.661 to reply this request with a status code 201
a request to /get-all-products arrived on 2024-02-23 08:25:23 and this is method GET server took 4117.152 to reply this request with a status code 201
a request to /admin-all-users arrived on 2024-02-23 08:27:44 and this is method GET server took 1097.818 to reply this request with a status code 201
a request to /admin-all-users arrived on 2024-02-23 08:28:02 and this is method GET server took 1093.105 to reply this request with a status code 201
a request to /admin-all-users arrived on 2024-02-23 08:28:10 and this is method GET server took 1143.346 to reply this request with a status code 201
a request to /admin-all-users arrived on 2024-02-23 08:28:14 and this is method GET server took 1086.370 to reply this request with a status code 201
a request to /admin-all-users arrived on 2024-02-23 08:28:16 and this is method GET server took 1091.148 to reply this request with a status code 201
a request to /admin-all-sellers arrived on 2024-02-23 08:28:16 and this is method GET server took 1127.420 to reply this request with a status code 201
a request to /api/v2/shop/getSeller arrived on 2024-02-23 08:29:20 and this is method GET server took 0.219 to reply this request with a status code 401
a request to /stripeapikey arrived on 2024-02-23 08:29:20 and this is method GET server took 0.207 to reply this request with a status code 304
a request to /api/v2/event/get-all-events arrived on 2024-02-23 08:29:20 and this is method GET server took 0.925 to reply this request with a status code 404
a request to /get-all-products arrived on 2024-02-23 08:29:21 and this is method GET server took 836.974 to reply this request with a status code 201
a request to /admin-all-sellers arrived on 2024-02-23 08:29:21 and this is method GET server took 1085.015 to reply this request with a status code 201
a request to /getuser arrived on 2024-02-23 08:29:21 and this is method GET server took 1083.419 to reply this request with a status code 304
a request to /admin-all-users arrived on 2024-02-23 08:29:21 and this is method GET server took 1120.111 to reply this request with a status code 201
a request to /admin-all-orders arrived on 2024-02-23 08:29:21 and this is method GET server took 1326.956 to reply this request with a status code 201
a request to /admin-all-sellers arrived on 2024-02-23 08:29:22 and this is method GET server took 1088.716 to reply this request with a status code 201
a request to /admin-all-users arrived on 2024-02-23 08:29:22 and this is method GET server took 1127.748 to reply this request with a status code 201
a request to /admin-all-orders arrived on 2024-02-23 08:29:22 and this is method GET server took 1340.619 to reply this request with a status code 201
a request to /admin-all-sellers arrived on 2024-02-23 08:29:23 and this is method GET server took 1145.147 to reply this request with a status code 201
a request to /admin-all-users arrived on 2024-02-23 08:29:23 and this is method GET server took 1125.170 to reply this request with a status code 201
a request to /admin-all-sellers arrived on 2024-02-23 08:29:24 and this is method GET server took 1112.258 to reply this request with a status code 201
a request to /admin-all-sellers arrived on 2024-02-23 08:29:25 and this is method GET server took 1116.002 to reply this request with a status code 201
a request to /admin-all-users arrived on 2024-02-23 08:29:26 and this is method GET server took 1177.656 to reply this request with a status code 201
a request to /admin-all-sellers arrived on 2024-02-23 08:29:26 and this is method GET server took 1087.017 to reply this request with a status code 201
a request to /admin-all-users arrived on 2024-02-23 08:29:47 and this is method GET server took 1090.451 to reply this request with a status code 201
a request to /admin-all-sellers arrived on 2024-02-23 08:29:47 and this is method GET server took 1127.291 to reply this request with a status code 201
a request to /admin-all-sellers arrived on 2024-02-23 08:29:50 and this is method GET server took 1111.270 to reply this request with a status code 201
a request to /admin-all-users arrived on 2024-02-23 08:29:50 and this is method GET server took 1140.025 to reply this request with a status code 201
a request to /api/v2/shop/getSeller arrived on 2024-02-23 08:32:41 and this is method GET server took 0.452 to reply this request with a status code 401
a request to /api/v2/event/get-all-events arrived on 2024-02-23 08:32:41 and this is method GET server took 0.320 to reply this request with a status code 404
a request to /stripeapikey arrived on 2024-02-23 08:32:41 and this is method GET server took 0.324 to reply this request with a status code 304
a request to /api/v2/shop/getSeller arrived on 2024-02-23 08:32:41 and this is method GET server took 0.295 to reply this request with a status code 401
a request to /api/v2/event/get-all-events arrived on 2024-02-23 08:32:41 and this is method GET server took 0.241 to reply this request with a status code 404
a request to /stripeapikey arrived on 2024-02-23 08:32:41 and this is method GET server took 0.216 to reply this request with a status code 304
a request to /get-all-products arrived on 2024-02-23 08:32:42 and this is method GET server took 878.527 to reply this request with a status code 201
a request to /getuser arrived on 2024-02-23 08:32:42 and this is method GET server took 1148.383 to reply this request with a status code 304
a request to /admin-all-sellers arrived on 2024-02-23 08:32:42 and this is method GET server took 1220.832 to reply this request with a status code 201
a request to /admin-all-users arrived on 2024-02-23 08:32:42 and this is method GET server took 1247.240 to reply this request with a status code 201
a request to /admin-all-orders arrived on 2024-02-23 08:32:43 and this is method GET server took 1374.571 to reply this request with a status code 201
a request to /get-all-products arrived on 2024-02-23 08:32:43 and this is method GET server took 844.227 to reply this request with a status code 201
a request to /getuser arrived on 2024-02-23 08:32:43 and this is method GET server took 1110.789 to reply this request with a status code 304
a request to /admin-all-sellers arrived on 2024-02-23 08:32:44 and this is method GET server took 1123.238 to reply this request with a status code 201
a request to /admin-all-orders arrived on 2024-02-23 08:32:44 and this is method GET server took 1375.625 to reply this request with a status code 201
a request to /admin-all-users arrived on 2024-02-23 08:32:44 and this is method GET server took 1511.544 to reply this request with a status code 201
a request to /admin-all-users arrived on 2024-02-23 08:32:45 and this is method GET server took 1145.023 to reply this request with a status code 201
a request to /admin-all-sellers arrived on 2024-02-23 08:33:07 and this is method GET server took 1089.997 to reply this request with a status code 201
a request to /admin-all-users arrived on 2024-02-23 08:33:07 and this is method GET server took 1124.766 to reply this request with a status code 201
a request to /admin-all-orders arrived on 2024-02-23 08:33:07 and this is method GET server took 1300.957 to reply this request with a status code 201
a request to /admin-all-users arrived on 2024-02-23 08:33:08 and this is method GET server took 1104.970 to reply this request with a status code 201
a request to /admin-all-users arrived on 2024-02-23 08:33:09 and this is method GET server took 1095.779 to reply this request with a status code 201
a request to /admin-all-sellers arrived on 2024-02-23 08:33:11 and this is method GET server took 1145.770 to reply this request with a status code 201
a request to /admin-all-orders arrived on 2024-02-23 08:33:11 and this is method GET server took 1302.885 to reply this request with a status code 201
a request to /admin-all-users arrived on 2024-02-23 08:33:12 and this is method GET server took 1088.132 to reply this request with a status code 201
a request to /admin-all-sellers arrived on 2024-02-23 08:33:12 and this is method GET server took 1146.295 to reply this request with a status code 201
a request to /admin-all-users arrived on 2024-02-23 08:33:13 and this is method GET server took 1084.218 to reply this request with a status code 201
a request to /admin-all-sellers arrived on 2024-02-23 08:33:13 and this is method GET server took 1145.607 to reply this request with a status code 201
a request to /api/v2/shop/getSeller arrived on 2024-02-23 08:33:51 and this is method GET server took 0.323 to reply this request with a status code 401
a request to /stripeapikey arrived on 2024-02-23 08:33:51 and this is method GET server took 0.258 to reply this request with a status code 304
a request to /api/v2/event/get-all-events arrived on 2024-02-23 08:33:51 and this is method GET server took 1.141 to reply this request with a status code 404
a request to /get-all-products arrived on 2024-02-23 08:33:52 and this is method GET server took 853.514 to reply this request with a status code 201
a request to /getuser arrived on 2024-02-23 08:33:53 and this is method GET server took 1116.040 to reply this request with a status code 304
a request to /admin-all-sellers arrived on 2024-02-23 08:33:54 and this is method GET server took 1108.408 to reply this request with a status code 201
a request to /admin-all-users arrived on 2024-02-23 08:33:54 and this is method GET server took 1140.338 to reply this request with a status code 201
a request to /admin-all-orders arrived on 2024-02-23 08:33:54 and this is method GET server took 1334.417 to reply this request with a status code 201
a request to /admin-all-sellers arrived on 2024-02-23 08:33:55 and this is method GET server took 1122.583 to reply this request with a status code 201
a request to /admin-all-users arrived on 2024-02-23 08:33:55 and this is method GET server took 1091.825 to reply this request with a status code 201
a request to /admin-all-sellers arrived on 2024-02-23 08:33:56 and this is method GET server took 1121.352 to reply this request with a status code 201
a request to /admin-all-users arrived on 2024-02-23 08:33:56 and this is method GET server took 1164.999 to reply this request with a status code 201
a request to /admin-all-sellers arrived on 2024-02-23 08:33:57 and this is method GET server took 1094.039 to reply this request with a status code 201
a request to /admin-all-users arrived on 2024-02-23 08:34:18 and this is method GET server took 1099.820 to reply this request with a status code 201
a request to /admin-all-sellers arrived on 2024-02-23 08:34:18 and this is method GET server took 1100.281 to reply this request with a status code 201
a request to /admin-all-sellers arrived on 2024-02-23 08:34:19 and this is method GET server took 1143.679 to reply this request with a status code 201
a request to /admin-all-users arrived on 2024-02-23 08:34:19 and this is method GET server took 1150.417 to reply this request with a status code 201
a request to /admin-all-sellers arrived on 2024-02-23 08:34:23 and this is method GET server took 1085.301 to reply this request with a status code 201
a request to /admin-all-users arrived on 2024-02-23 08:34:23 and this is method GET server took 1104.081 to reply this request with a status code 201
a request to /admin-all-sellers arrived on 2024-02-23 08:34:24 and this is method GET server took 1082.761 to reply this request with a status code 201
a request to /admin-all-users arrived on 2024-02-23 08:34:24 and this is method GET server took 1092.037 to reply this request with a status code 201
a request to /admin-all-sellers arrived on 2024-02-23 08:34:40 and this is method GET server took 1344.316 to reply this request with a status code 201
a request to /admin-all-orders arrived on 2024-02-23 08:34:40 and this is method GET server took 1566.815 to reply this request with a status code 201
a request to /admin-all-sellers arrived on 2024-02-23 08:34:41 and this is method GET server took 1160.272 to reply this request with a status code 201
a request to /admin-all-users arrived on 2024-02-23 08:34:41 and this is method GET server took 1141.998 to reply this request with a status code 201
a request to /admin-all-sellers arrived on 2024-02-23 08:34:42 and this is method GET server took 1127.131 to reply this request with a status code 201
a request to /admin-all-users arrived on 2024-02-23 08:34:43 and this is method GET server took 1134.603 to reply this request with a status code 201
a request to /admin-all-sellers arrived on 2024-02-23 08:34:43 and this is method GET server took 1099.858 to reply this request with a status code 201
a request to /admin-all-sellers arrived on 2024-02-23 08:34:45 and this is method GET server took 1087.102 to reply this request with a status code 201
a request to /admin-all-users arrived on 2024-02-23 08:34:45 and this is method GET server took 1099.813 to reply this request with a status code 201
a request to /admin-all-orders arrived on 2024-02-23 08:34:45 and this is method GET server took 1352.183 to reply this request with a status code 201
a request to /admin-all-sellers arrived on 2024-02-23 08:34:46 and this is method GET server took 1130.894 to reply this request with a status code 201
a request to /admin-all-users arrived on 2024-02-23 08:34:46 and this is method GET server took 1145.634 to reply this request with a status code 201
a request to /admin-all-sellers arrived on 2024-02-23 08:34:47 and this is method GET server took 1086.167 to reply this request with a status code 201
a request to /admin-all-users arrived on 2024-02-23 08:34:47 and this is method GET server took 1118.835 to reply this request with a status code 201
a request to /admin-all-sellers arrived on 2024-02-23 08:34:48 and this is method GET server took 1087.177 to reply this request with a status code 201
a request to /admin-all-orders arrived on 2024-02-23 08:34:49 and this is method GET server took 1418.924 to reply this request with a status code 201
a request to /admin-all-sellers arrived on 2024-02-23 08:34:49 and this is method GET server took 1149.972 to reply this request with a status code 201
a request to /admin-all-users arrived on 2024-02-23 08:34:50 and this is method GET server took 1133.572 to reply this request with a status code 201
a request to /admin-all-sellers arrived on 2024-02-23 08:34:50 and this is method GET server took 1142.975 to reply this request with a status code 201
a request to /admin-all-users arrived on 2024-02-23 08:34:51 and this is method GET server took 1141.538 to reply this request with a status code 201
a request to /admin-all-sellers arrived on 2024-02-23 08:34:52 and this is method GET server took 1096.665 to reply this request with a status code 201
a request to /admin-all-orders arrived on 2024-02-23 08:34:52 and this is method GET server took 1315.110 to reply this request with a status code 201
a request to /admin-all-sellers arrived on 2024-02-23 08:34:53 and this is method GET server took 1108.263 to reply this request with a status code 201
a request to /admin-all-users arrived on 2024-02-23 08:34:53 and this is method GET server took 1128.658 to reply this request with a status code 201
a request to /admin-all-orders arrived on 2024-02-23 08:34:53 and this is method GET server took 1322.913 to reply this request with a status code 201
a request to /admin-all-sellers arrived on 2024-02-23 08:34:54 and this is method GET server took 1098.989 to reply this request with a status code 201
a request to /admin-all-users arrived on 2024-02-23 08:34:54 and this is method GET server took 1137.469 to reply this request with a status code 201
a request to /admin-all-sellers arrived on 2024-02-23 08:34:55 and this is method GET server took 1083.532 to reply this request with a status code 201
a request to /admin-all-sellers arrived on 2024-02-23 08:34:56 and this is method GET server took 1130.670 to reply this request with a status code 201
a request to /admin-all-sellers arrived on 2024-02-23 08:35:00 and this is method GET server took 1125.631 to reply this request with a status code 201
a request to /admin-all-orders arrived on 2024-02-23 08:35:00 and this is method GET server took 1321.728 to reply this request with a status code 201
a request to /admin-all-sellers arrived on 2024-02-23 08:35:01 and this is method GET server took 1160.878 to reply this request with a status code 201
a request to /admin-all-users arrived on 2024-02-23 08:35:01 and this is method GET server took 1099.380 to reply this request with a status code 201
a request to /admin-all-orders arrived on 2024-02-23 08:35:01 and this is method GET server took 1310.683 to reply this request with a status code 201
a request to /admin-all-sellers arrived on 2024-02-23 08:35:02 and this is method GET server took 1129.059 to reply this request with a status code 201
a request to /admin-all-users arrived on 2024-02-23 08:35:02 and this is method GET server took 1202.660 to reply this request with a status code 201
a request to /admin-all-sellers arrived on 2024-02-23 08:35:03 and this is method GET server took 1124.325 to reply this request with a status code 201
a request to /admin-all-orders arrived on 2024-02-23 08:35:04 and this is method GET server took 1353.566 to reply this request with a status code 201
a request to /admin-all-sellers arrived on 2024-02-23 08:35:04 and this is method GET server took 1155.395 to reply this request with a status code 201
a request to /admin-all-users arrived on 2024-02-23 08:35:05 and this is method GET server took 1095.348 to reply this request with a status code 201
a request to /admin-all-sellers arrived on 2024-02-23 08:35:06 and this is method GET server took 1119.825 to reply this request with a status code 201
a request to /admin-all-users arrived on 2024-02-23 08:35:06 and this is method GET server took 1120.239 to reply this request with a status code 201
a request to /admin-all-sellers arrived on 2024-02-23 08:35:07 and this is method GET server took 1134.580 to reply this request with a status code 201
a request to /admin-all-sellers arrived on 2024-02-23 08:35:28 and this is method GET server took 1091.773 to reply this request with a status code 201
a request to /admin-all-orders arrived on 2024-02-23 08:35:28 and this is method GET server took 1341.518 to reply this request with a status code 201
a request to /admin-all-sellers arrived on 2024-02-23 08:35:29 and this is method GET server took 1089.744 to reply this request with a status code 201
a request to /admin-all-users arrived on 2024-02-23 08:35:29 and this is method GET server took 1130.460 to reply this request with a status code 201
a request to /admin-all-sellers arrived on 2024-02-23 08:35:30 and this is method GET server took 1084.130 to reply this request with a status code 201
a request to /admin-all-users arrived on 2024-02-23 08:35:30 and this is method GET server took 1146.929 to reply this request with a status code 201
a request to /admin-all-sellers arrived on 2024-02-23 08:35:35 and this is method GET server took 1102.954 to reply this request with a status code 201
a request to /admin-all-orders arrived on 2024-02-23 08:35:35 and this is method GET server took 1357.656 to reply this request with a status code 201
a request to /admin-all-sellers arrived on 2024-02-23 08:35:36 and this is method GET server took 1086.050 to reply this request with a status code 201
a request to /admin-all-users arrived on 2024-02-23 08:35:36 and this is method GET server took 1127.488 to reply this request with a status code 201
a request to /admin-all-sellers arrived on 2024-02-23 08:35:37 and this is method GET server took 1209.065 to reply this request with a status code 201
a request to /admin-all-users arrived on 2024-02-23 08:35:37 and this is method GET server took 1180.475 to reply this request with a status code 201
a request to /admin-all-sellers arrived on 2024-02-23 08:35:48 and this is method GET server took 1102.502 to reply this request with a status code 201
a request to /admin-all-orders arrived on 2024-02-23 08:35:48 and this is method GET server took 1352.900 to reply this request with a status code 201
a request to /admin-all-sellers arrived on 2024-02-23 08:35:50 and this is method GET server took 1109.453 to reply this request with a status code 201
a request to /admin-all-users arrived on 2024-02-23 08:35:50 and this is method GET server took 1125.306 to reply this request with a status code 201
a request to /admin-all-sellers arrived on 2024-02-23 08:35:51 and this is method GET server took 1090.394 to reply this request with a status code 201
a request to /admin-all-users arrived on 2024-02-23 08:35:51 and this is method GET server took 1130.934 to reply this request with a status code 201
a request to /admin-all-sellers arrived on 2024-02-23 08:36:05 and this is method GET server took 1082.552 to reply this request with a status code 201
a request to /admin-all-orders arrived on 2024-02-23 08:36:05 and this is method GET server took 1334.678 to reply this request with a status code 201
a request to /admin-all-sellers arrived on 2024-02-23 08:36:06 and this is method GET server took 1090.974 to reply this request with a status code 201
a request to /admin-all-users arrived on 2024-02-23 08:36:06 and this is method GET server took 1127.601 to reply this request with a status code 201
a request to /admin-all-sellers arrived on 2024-02-23 08:36:07 and this is method GET server took 1096.416 to reply this request with a status code 201
a request to /admin-all-users arrived on 2024-02-23 08:36:07 and this is method GET server took 1117.275 to reply this request with a status code 201
a request to /admin-all-orders arrived on 2024-02-23 08:36:08 and this is method GET server took 1322.682 to reply this request with a status code 201
a request to /admin-all-sellers arrived on 2024-02-23 08:36:08 and this is method GET server took 1097.907 to reply this request with a status code 201
a request to /admin-all-users arrived on 2024-02-23 08:36:09 and this is method GET server took 1108.046 to reply this request with a status code 201
a request to /admin-all-sellers arrived on 2024-02-23 08:36:09 and this is method GET server took 1099.672 to reply this request with a status code 201
a request to /admin-all-users arrived on 2024-02-23 08:36:11 and this is method GET server took 1101.457 to reply this request with a status code 201
a request to /admin-all-sellers arrived on 2024-02-23 08:36:11 and this is method GET server took 1083.709 to reply this request with a status code 201
a request to /admin-all-sellers arrived on 2024-02-23 08:36:36 and this is method GET server took 1114.345 to reply this request with a status code 201
a request to /admin-all-orders arrived on 2024-02-23 08:36:36 and this is method GET server took 1305.301 to reply this request with a status code 201
a request to /admin-all-users arrived on 2024-02-23 08:36:37 and this is method GET server took 1084.312 to reply this request with a status code 201
a request to /admin-all-sellers arrived on 2024-02-23 08:36:38 and this is method GET server took 1121.670 to reply this request with a status code 201
a request to /admin-all-orders arrived on 2024-02-23 08:36:38 and this is method GET server took 1319.541 to reply this request with a status code 201
a request to /admin-all-users arrived on 2024-02-23 08:36:38 and this is method GET server took 1086.438 to reply this request with a status code 201
a request to /admin-all-sellers arrived on 2024-02-23 08:36:39 and this is method GET server took 1096.739 to reply this request with a status code 201
a request to /admin-all-users arrived on 2024-02-23 08:36:39 and this is method GET server took 1093.579 to reply this request with a status code 201
a request to /admin-all-sellers arrived on 2024-02-23 08:36:40 and this is method GET server took 1095.864 to reply this request with a status code 201
a request to /admin-all-users arrived on 2024-02-23 08:36:40 and this is method GET server took 1115.193 to reply this request with a status code 201
a request to /admin-all-sellers arrived on 2024-02-23 08:36:56 and this is method GET server took 1101.519 to reply this request with a status code 201
a request to /admin-all-orders arrived on 2024-02-23 08:36:56 and this is method GET server took 1315.796 to reply this request with a status code 201
a request to /admin-all-users arrived on 2024-02-23 08:36:57 and this is method GET server took 1085.688 to reply this request with a status code 201
a request to /admin-all-sellers arrived on 2024-02-23 08:36:57 and this is method GET server took 1099.739 to reply this request with a status code 201
a request to /admin-all-users arrived on 2024-02-23 08:36:58 and this is method GET server took 1122.852 to reply this request with a status code 201
a request to /admin-all-sellers arrived on 2024-02-23 08:36:58 and this is method GET server took 1109.191 to reply this request with a status code 201
a request to /admin-all-orders arrived on 2024-02-23 08:36:59 and this is method GET server took 1347.114 to reply this request with a status code 201
a request to /admin-all-sellers arrived on 2024-02-23 08:36:59 and this is method GET server took 1103.027 to reply this request with a status code 201
a request to /admin-all-users arrived on 2024-02-23 08:37:00 and this is method GET server took 1131.401 to reply this request with a status code 201
a request to /admin-all-sellers arrived on 2024-02-23 08:37:00 and this is method GET server took 1094.106 to reply this request with a status code 201
a request to /admin-all-users arrived on 2024-02-23 08:37:01 and this is method GET server took 1115.559 to reply this request with a status code 201
a request to /admin-all-sellers arrived on 2024-02-23 08:37:02 and this is method GET server took 1111.472 to reply this request with a status code 201
a request to /admin-all-sellers arrived on 2024-02-23 08:37:04 and this is method GET server took 1122.998 to reply this request with a status code 201
a request to /admin-all-orders arrived on 2024-02-23 08:37:04 and this is method GET server took 1321.022 to reply this request with a status code 201
a request to /admin-all-users arrived on 2024-02-23 08:37:05 and this is method GET server took 1123.865 to reply this request with a status code 201
a request to /admin-all-sellers arrived on 2024-02-23 08:37:05 and this is method GET server took 1148.459 to reply this request with a status code 201
a request to /admin-all-users arrived on 2024-02-23 08:37:06 and this is method GET server took 1105.112 to reply this request with a status code 201
a request to /admin-all-sellers arrived on 2024-02-23 08:37:06 and this is method GET server took 1120.490 to reply this request with a status code 201
a request to /admin-all-sellers arrived on 2024-02-23 08:37:16 and this is method GET server took 1101.729 to reply this request with a status code 201
a request to /admin-all-orders arrived on 2024-02-23 08:37:16 and this is method GET server took 1335.341 to reply this request with a status code 201
a request to /admin-all-sellers arrived on 2024-02-23 08:37:17 and this is method GET server took 1113.281 to reply this request with a status code 201
a request to /admin-all-users arrived on 2024-02-23 08:37:17 and this is method GET server took 1129.149 to reply this request with a status code 201
a request to /admin-all-sellers arrived on 2024-02-23 08:37:18 and this is method GET server took 1112.192 to reply this request with a status code 201
a request to /admin-all-users arrived on 2024-02-23 08:37:18 and this is method GET server took 1116.852 to reply this request with a status code 201
a request to /admin-all-sellers arrived on 2024-02-23 08:38:10 and this is method GET server took 1100.311 to reply this request with a status code 201
a request to /admin-all-orders arrived on 2024-02-23 08:38:10 and this is method GET server took 1341.412 to reply this request with a status code 201
a request to /admin-all-sellers arrived on 2024-02-23 08:38:11 and this is method GET server took 1103.623 to reply this request with a status code 201
a request to /admin-all-users arrived on 2024-02-23 08:38:11 and this is method GET server took 1162.777 to reply this request with a status code 201
a request to /admin-all-sellers arrived on 2024-02-23 08:38:12 and this is method GET server took 1194.587 to reply this request with a status code 201
a request to /admin-all-users arrived on 2024-02-23 08:38:12 and this is method GET server took 1160.606 to reply this request with a status code 201
a request to /logout arrived on 2024-02-23 08:40:28 and this is method GET server took 0.389 to reply this request with a status code 201
a request to /api/v2/user/getuser arrived on 2024-02-23 08:40:30 and this is method GET server took 0.519 to reply this request with a status code 401
a request to /api/v2/shop/getSeller arrived on 2024-02-23 08:40:30 and this is method GET server took 0.345 to reply this request with a status code 401
a request to /api/v2/event/get-all-events arrived on 2024-02-23 08:40:30 and this is method GET server took 0.248 to reply this request with a status code 404
a request to /stripeapikey arrived on 2024-02-23 08:40:30 and this is method GET server took 0.295 to reply this request with a status code 304
a request to /get-all-products arrived on 2024-02-23 08:40:31 and this is method GET server took 851.352 to reply this request with a status code 201
a request to /api/v2/user/getuser arrived on 2024-02-23 08:40:42 and this is method GET server took 0.317 to reply this request with a status code 401
a request to /api/v2/shop/getSeller arrived on 2024-02-23 08:40:42 and this is method GET server took 0.343 to reply this request with a status code 401
a request to /stripeapikey arrived on 2024-02-23 08:40:42 and this is method GET server took 0.241 to reply this request with a status code 304
a request to /api/v2/event/get-all-events arrived on 2024-02-23 08:40:42 and this is method GET server took 1.011 to reply this request with a status code 404
a request to /get-all-products arrived on 2024-02-23 08:40:43 and this is method GET server took 846.537 to reply this request with a status code 201
a request to /api/v2/user/getuser arrived on 2024-02-23 08:40:46 and this is method GET server took 0.427 to reply this request with a status code 401
a request to /api/v2/shop/getSeller arrived on 2024-02-23 08:40:46 and this is method GET server took 0.303 to reply this request with a status code 401
a request to /api/v2/event/get-all-events arrived on 2024-02-23 08:40:46 and this is method GET server took 0.422 to reply this request with a status code 404
a request to /stripeapikey arrived on 2024-02-23 08:40:46 and this is method GET server took 0.177 to reply this request with a status code 304
a request to /get-all-products arrived on 2024-02-23 08:40:47 and this is method GET server took 843.516 to reply this request with a status code 201
a request to /api/v2/user/getuser arrived on 2024-02-23 08:41:06 and this is method GET server took 0.427 to reply this request with a status code 401
a request to /api/v2/shop/getSeller arrived on 2024-02-23 08:41:06 and this is method GET server took 0.379 to reply this request with a status code 401
a request to /stripeapikey arrived on 2024-02-23 08:41:06 and this is method GET server took 0.215 to reply this request with a status code 304
a request to /api/v2/event/get-all-events arrived on 2024-02-23 08:41:06 and this is method GET server took 1.545 to reply this request with a status code 404
a request to /get-all-products arrived on 2024-02-23 08:41:07 and this is method GET server took 969.312 to reply this request with a status code 201
a request to /api/v2/user/getuser arrived on 2024-02-23 08:58:56 and this is method GET server took 0.504 to reply this request with a status code 401
a request to /api/v2/shop/getSeller arrived on 2024-02-23 08:58:56 and this is method GET server took 0.284 to reply this request with a status code 401
a request to /stripeapikey arrived on 2024-02-23 08:58:56 and this is method GET server took 0.147 to reply this request with a status code 200
a request to /api/v2/event/get-all-events arrived on 2024-02-23 08:58:56 and this is method GET server took 1.139 to reply this request with a status code 404
a request to /get-all-products arrived on 2024-02-23 08:58:59 and this is method GET server took - to reply this request with a status code -
a request to /stripeapikey arrived on 2024-02-23 09:48:10 and this is method GET server took 0.204 to reply this request with a status code 200
a request to /api/v2/event/get-all-events arrived on 2024-02-23 09:48:10 and this is method GET server took 1.064 to reply this request with a status code 404
a request to /getuser arrived on 2024-02-23 09:48:15 and this is method GET server took 4402.663 to reply this request with a status code 200
a request to /getSeller arrived on 2024-02-23 09:48:15 and this is method GET server took 4467.200 to reply this request with a status code 200
a request to /get-all-products arrived on 2024-02-23 09:48:17 and this is method GET server took 7241.315 to reply this request with a status code 201
a request to /api/v2/event/get-all-events arrived on 2024-02-23 09:49:02 and this is method GET server took 0.507 to reply this request with a status code 404
a request to /stripeapikey arrived on 2024-02-23 09:49:02 and this is method GET server took 0.331 to reply this request with a status code 304
a request to /get-all-products arrived on 2024-02-23 09:49:03 and this is method GET server took 819.239 to reply this request with a status code 201
a request to /getSeller arrived on 2024-02-23 09:49:03 and this is method GET server took 1092.100 to reply this request with a status code 200
a request to /getuser arrived on 2024-02-23 09:49:04 and this is method GET server took 1131.983 to reply this request with a status code 200
a request to /getSeller arrived on 2024-02-23 09:49:09 and this is method GET server took 1085.107 to reply this request with a status code 200
a request to /getuser arrived on 2024-02-23 09:49:09 and this is method GET server took 1136.139 to reply this request with a status code 200
a request to /login-user arrived on 2024-02-23 09:49:19 and this is method POST server took 919.694 to reply this request with a status code 201
a request to /api/v2/event/get-all-events arrived on 2024-02-23 09:49:20 and this is method GET server took 0.541 to reply this request with a status code 404
a request to /stripeapikey arrived on 2024-02-23 09:49:20 and this is method GET server took 0.319 to reply this request with a status code 304
a request to /get-all-products arrived on 2024-02-23 09:49:21 and this is method GET server took 802.704 to reply this request with a status code 201
a request to /getSeller arrived on 2024-02-23 09:49:21 and this is method GET server took 1107.109 to reply this request with a status code 304
a request to /getuser arrived on 2024-02-23 09:49:21 and this is method GET server took 1147.033 to reply this request with a status code 200
a request to /admin-all-sellers arrived on 2024-02-23 09:49:30 and this is method GET server took 1202.924 to reply this request with a status code 201
a request to /admin-all-users arrived on 2024-02-23 09:49:30 and this is method GET server took 1212.988 to reply this request with a status code 201
a request to /admin-all-orders arrived on 2024-02-23 09:49:30 and this is method GET server took 1386.719 to reply this request with a status code 201
a request to /admin-all-sellers arrived on 2024-02-23 09:49:31 and this is method GET server took 1175.932 to reply this request with a status code 201
a request to /admin-all-users arrived on 2024-02-23 09:49:31 and this is method GET server took 1086.031 to reply this request with a status code 201
a request to /admin-all-sellers arrived on 2024-02-23 09:49:32 and this is method GET server took 1142.652 to reply this request with a status code 201
a request to /admin-all-users arrived on 2024-02-23 09:49:32 and this is method GET server took 1089.298 to reply this request with a status code 201
a request to /admin-all-sellers arrived on 2024-02-23 09:49:33 and this is method GET server took 1248.765 to reply this request with a status code 201
a request to /admin-all-orders arrived on 2024-02-23 09:49:42 and this is method GET server took 1489.816 to reply this request with a status code 201
a request to /admin-all-sellers arrived on 2024-02-23 09:49:49 and this is method GET server took 1139.428 to reply this request with a status code 201
a request to /admin-all-users arrived on 2024-02-23 09:49:49 and this is method GET server took 1165.708 to reply this request with a status code 201
a request to /admin-all-orders arrived on 2024-02-23 09:49:49 and this is method GET server took 1389.897 to reply this request with a status code 201
a request to /admin-all-sellers arrived on 2024-02-23 09:49:50 and this is method GET server took 1093.976 to reply this request with a status code 201
a request to /admin-all-users arrived on 2024-02-23 09:49:50 and this is method GET server took 1114.798 to reply this request with a status code 201
a request to /admin-all-sellers arrived on 2024-02-23 09:49:51 and this is method GET server took 1102.159 to reply this request with a status code 201
a request to /admin-all-users arrived on 2024-02-23 09:49:51 and this is method GET server took 1192.180 to reply this request with a status code 201
a request to /admin-all-sellers arrived on 2024-02-23 09:49:52 and this is method GET server took 1218.844 to reply this request with a status code 201
a request to /admin-all-sellers arrived on 2024-02-23 09:50:05 and this is method GET server took 1100.159 to reply this request with a status code 201
a request to /api/v2/event/get-all-events/65d74e093976f290c15f1243 arrived on 2024-02-23 09:50:07 and this is method GET server took 0.458 to reply this request with a status code 404
a request to /get-all-products-shop/65d74e093976f290c15f1243 arrived on 2024-02-23 09:50:08 and this is method GET server took 540.863 to reply this request with a status code 201
a request to /get-shop-info/65d74e093976f290c15f1243 arrived on 2024-02-23 09:50:08 and this is method GET server took 559.789 to reply this request with a status code 201
a request to /get-all-products-shop/65d74e093976f290c15f1243 arrived on 2024-02-23 09:50:08 and this is method GET server took 539.590 to reply this request with a status code 201
a request to /admin-all-sellers arrived on 2024-02-23 09:50:16 and this is method GET server took 1168.049 to reply this request with a status code 201
a request to /admin-all-users arrived on 2024-02-23 09:50:20 and this is method GET server took 1162.547 to reply this request with a status code 201
a request to /admin-all-products arrived on 2024-02-23 09:50:24 and this is method GET server took 1346.652 to reply this request with a status code 201
a request to /api/v2/event/admin-all-events arrived on 2024-02-23 09:50:24 and this is method GET server took 0.498 to reply this request with a status code 404
a request to /api/v2/withdraw/get-all-withdraw-request arrived on 2024-02-23 09:50:27 and this is method GET server took 0.720 to reply this request with a status code 404
a request to /admin-all-users arrived on 2024-02-23 09:50:35 and this is method GET server took 1260.034 to reply this request with a status code 201
a request to /admin-all-sellers arrived on 2024-02-23 09:50:35 and this is method GET server took 1257.678 to reply this request with a status code 201
a request to /admin-all-orders arrived on 2024-02-23 09:50:36 and this is method GET server took 1486.039 to reply this request with a status code 201
a request to /admin-all-sellers arrived on 2024-02-23 09:50:37 and this is method GET server took 1225.246 to reply this request with a status code 201
a request to /admin-all-sellers arrived on 2024-02-23 09:50:38 and this is method GET server took 1164.731 to reply this request with a status code 201
a request to /reject-seller/65d74e093976f290c15f1243 arrived on 2024-02-23 09:50:41 and this is method PUT server took 1241.004 to reply this request with a status code 200
a request to /admin-all-sellers arrived on 2024-02-23 09:50:42 and this is method GET server took 1444.365 to reply this request with a status code 201
a request to /logout arrived on 2024-02-23 09:51:29 and this is method GET server took 0.452 to reply this request with a status code 201
a request to /api/v2/user/getuser arrived on 2024-02-23 09:51:30 and this is method GET server took 0.475 to reply this request with a status code 401
a request to /api/v2/event/get-all-events arrived on 2024-02-23 09:51:30 and this is method GET server took 0.708 to reply this request with a status code 404
a request to /stripeapikey arrived on 2024-02-23 09:51:30 and this is method GET server took 0.384 to reply this request with a status code 304
a request to /get-all-products arrived on 2024-02-23 09:51:31 and this is method GET server took 843.455 to reply this request with a status code 201
a request to /getSeller arrived on 2024-02-23 09:51:31 and this is method GET server took 1114.861 to reply this request with a status code 304
a request to /get-all-products-shop/65cd96ce0e3dd3d3c599d314 arrived on 2024-02-23 09:51:37 and this is method GET server took 571.550 to reply this request with a status code 201
a request to /get-seller-all-orders/65cd96ce0e3dd3d3c599d314 arrived on 2024-02-23 09:51:37 and this is method GET server took 596.677 to reply this request with a status code 200
a request to /get-seller-all-orders/65cd96ce0e3dd3d3c599d314 arrived on 2024-02-23 09:51:43 and this is method GET server took 653.371 to reply this request with a status code 304
a request to /get-all-products-shop/65cd96ce0e3dd3d3c599d314 arrived on 2024-02-23 09:51:49 and this is method GET server took 572.622 to reply this request with a status code 201
a request to /get-seller-all-orders/65cd96ce0e3dd3d3c599d314 arrived on 2024-02-23 09:52:02 and this is method GET server took 637.515 to reply this request with a status code 304
a request to /get-seller-all-orders/65cd96ce0e3dd3d3c599d314 arrived on 2024-02-23 09:52:05 and this is method GET server took 597.560 to reply this request with a status code 304
a request to /api/v2/event/get-all-events/65cd96ce0e3dd3d3c599d314 arrived on 2024-02-23 09:52:19 and this is method GET server took 0.421 to reply this request with a status code 404
a request to /get-all-products-shop/65cd96ce0e3dd3d3c599d314 arrived on 2024-02-23 09:52:20 and this is method GET server took 564.629 to reply this request with a status code 201
a request to /get-shop-info/65cd96ce0e3dd3d3c599d314 arrived on 2024-02-23 09:52:20 and this is method GET server took 567.224 to reply this request with a status code 201
a request to /get-all-products-shop/65cd96ce0e3dd3d3c599d314 arrived on 2024-02-23 09:52:20 and this is method GET server took 561.305 to reply this request with a status code 201
a request to /get-all-products-shop/65cd96ce0e3dd3d3c599d314 arrived on 2024-02-23 09:52:24 and this is method GET server took 629.197 to reply this request with a status code 201
a request to /get-seller-all-orders/65cd96ce0e3dd3d3c599d314 arrived on 2024-02-23 09:52:24 and this is method GET server took 636.942 to reply this request with a status code 304
